2023-08-27 19:24:00.6214|0|INFO|Program|Инициализация программы |url: |action: |Program.<Main>$| body: 
2023-08-27 19:24:02.1797|0|INFO|Microsoft.Hosting.Lifetime|Application started. Press Ctrl+C to shut down. |url: |action: |Microsoft.Extensions.Hosting.Internal.ConsoleLifetime.OnApplicationStarted| body: 
2023-08-27 19:24:02.1827|0|INFO|Microsoft.Hosting.Lifetime|Hosting environment: Development |url: |action: |Microsoft.Extensions.Hosting.Internal.ConsoleLifetime.OnApplicationStarted| body: 
2023-08-27 19:24:02.1827|0|INFO|Microsoft.Hosting.Lifetime|Content root path: C:\AProject\AppleStore\AppleStore |url: |action: |Microsoft.Extensions.Hosting.Internal.ApplicationLifetime.NotifyStarted| body: 
2023-08-27 19:25:38.7577|0|INFO|AppleStore.Controllers.Device.DeviceController|Успешное получение Девайса из базы данных |url: https://localhost/Device/Details/-1/14|action: Details|AppleStore.Controllers.Device.DeviceController.Details| body: 
2023-08-27 19:25:38.9318|0|INFO|AppleStore.Controllers.Device.DeviceController|Успешное получение Девайса из базы данных |url: https://localhost/Device/Details/-1/14|action: Details|AppleStore.Controllers.Device.DeviceController.Details| body: 
2023-08-27 19:25:48.3236|0|INFO|AppleStore.Controllers.Account.AccountController|Пользователь lox12334 Авторизовался успешно |url: https://localhost/Account/Login|action: Login|AppleStore.Controllers.Account.AccountController.Login| body: 
2023-08-27 19:25:55.9643|0|INFO|AppleStore.Controllers.Device.DeviceController|Успешное получение Девайса из базы данных |url: https://localhost/Device/Details/-1/17|action: Details|AppleStore.Controllers.Device.DeviceController.Details| body: 
2023-08-27 19:25:56.1015|0|INFO|AppleStore.Controllers.Device.DeviceController|Успешное получение Девайса из базы данных |url: https://localhost/Device/Details/-1/17|action: Details|AppleStore.Controllers.Device.DeviceController.Details| body: 
2023-08-27 19:26:00.3358|0|INFO|AppleStore.Controllers.Device.DeviceController|Успешное получение Девайса из базы данных |url: https://localhost/Device/Details/-1/6|action: Details|AppleStore.Controllers.Device.DeviceController.Details| body: 
2023-08-27 19:26:00.4639|0|INFO|AppleStore.Controllers.Device.DeviceController|Успешное получение Девайса из базы данных |url: https://localhost/Device/Details/-1/6|action: Details|AppleStore.Controllers.Device.DeviceController.Details| body: 
2023-08-27 19:26:55.3825|0|INFO|AppleStore.Service.Implementations.DeviceService|Все девайсы добавлены в кэш |url: https://localhost/Cart/GetCart|action: GetCart|AppleStore.Service.Implementations.DeviceService.GetDevices| body: 
2023-08-27 19:26:55.5356|0|INFO|AppleStore.Service.Implementations.DeviceService|Получение всех девайсов из кэша |url: https://localhost/Cart/GetCart|action: GetCart|AppleStore.Service.Implementations.DeviceService.GetDevices| body: 
2023-08-27 19:26:58.6318|0|INFO|AppleStore.Service.Implementations.DeviceService|Получение всех девайсов из кэша |url: https://localhost/Order/PlaceOrder|action: PlaceOrder|AppleStore.Service.Implementations.DeviceService.GetDevices| body: 
2023-08-27 19:26:58.6318|0|INFO|AppleStore.Controllers.Order.OrderController|Успешное получение Девайса из базы данных |url: https://localhost/Order/PlaceOrder|action: PlaceOrder|AppleStore.Controllers.Order.OrderController.PlaceOrder| body: 
2023-08-27 19:26:58.8679|0|INFO|AppleStore.Service.Implementations.DeviceService|Получение всех девайсов из кэша |url: https://localhost/Order/PlaceOrder|action: PlaceOrder|AppleStore.Service.Implementations.DeviceService.GetDevices| body: 
2023-08-27 19:26:58.8679|0|INFO|AppleStore.Controllers.Order.OrderController|Успешное получение Девайса из базы данных |url: https://localhost/Order/PlaceOrder|action: PlaceOrder|AppleStore.Controllers.Order.OrderController.PlaceOrder| body: 
2023-08-27 19:27:04.3883|0|INFO|AppleStore.Service.Implementations.OrderService|Успешное создание заказа |url: https://localhost/Order/PlaceOrder|action: PlaceOrder|AppleStore.Service.Implementations.OrderService.CreateOrder| body: 
2023-08-27 19:27:04.3883|0|INFO|AppleStore.Controllers.Order.OrderController|Успешное создание заказа |url: https://localhost/Order/PlaceOrder|action: PlaceOrder|AppleStore.Controllers.Order.OrderController.PlaceOrder| body: 
2023-08-27 19:27:04.5434|0|INFO|AppleStore.Service.Implementations.DeviceService|Получение всех девайсов из кэша |url: https://localhost/Order/PlaceOrder|action: PlaceOrder|AppleStore.Service.Implementations.DeviceService.GetDevices| body: 
2023-08-27 19:27:04.5434|0|INFO|AppleStore.Controllers.Order.OrderController|Успешное получение Девайса из базы данных |url: https://localhost/Order/PlaceOrder|action: PlaceOrder|AppleStore.Controllers.Order.OrderController.PlaceOrder| body: 
2023-08-27 19:28:12.7647|0|INFO|AppleStore.Controllers.Account.AccountController|Пользователь Admin Авторизовался успешно |url: https://localhost/Account/Login|action: Login|AppleStore.Controllers.Account.AccountController.Login| body: 
2023-08-27 19:30:02.2971|0|INFO|AppleStore.Controllers.Account.AccountController|Пользователь lox12334 Авторизовался успешно |url: https://localhost/Account/Login|action: Login|AppleStore.Controllers.Account.AccountController.Login| body: 
2023-08-27 19:31:40.5121|0|INFO|AppleStore.Controllers.Account.AccountController|Пользователь Admin Авторизовался успешно |url: https://localhost/Account/Login|action: Login|AppleStore.Controllers.Account.AccountController.Login| body: 
2023-08-27 19:31:46.5428|0|INFO|AppleStore.Service.Implementations.OrderService|Успешное получение заказа |url: https://localhost/Admin/Order/Edit/15|action: Edit|AppleStore.Service.Implementations.OrderService.GetById| body: 
2023-08-27 19:31:46.7490|0|INFO|AppleStore.Service.Implementations.OrderService|Успешное получение заказа |url: https://localhost/Admin/Order/Edit/15|action: Edit|AppleStore.Service.Implementations.OrderService.GetById| body: 
2023-08-27 19:32:59.6197|0|INFO|Microsoft.Hosting.Lifetime|Application is shutting down... |url: |action: |Microsoft.Extensions.Hosting.Internal.ApplicationLifetime.StopApplication| body: 
2023-08-27 19:33:12.4911|0|INFO|Program|Инициализация программы |url: |action: |Program.<Main>$| body: 
2023-08-27 19:33:13.1688|0|INFO|Microsoft.Hosting.Lifetime|Application started. Press Ctrl+C to shut down. |url: |action: |Microsoft.Extensions.Hosting.Internal.ConsoleLifetime.OnApplicationStarted| body: 
2023-08-27 19:33:13.1854|0|INFO|Microsoft.Hosting.Lifetime|Hosting environment: Development |url: |action: |Microsoft.Extensions.Hosting.Internal.ConsoleLifetime.OnApplicationStarted| body: 
2023-08-27 19:33:13.2078|0|INFO|Microsoft.Hosting.Lifetime|Content root path: C:\AProject\AppleStore\AppleStore |url: |action: |Microsoft.Extensions.Hosting.Internal.ApplicationLifetime.NotifyStarted| body: 
2023-08-27 19:35:35.9948|0|INFO|Program|Инициализация программы |url: |action: |Program.<Main>$| body: 
2023-08-27 19:35:36.2099|0|INFO|Microsoft.Hosting.Lifetime|Application started. Press Ctrl+C to shut down. |url: |action: |Microsoft.Extensions.Hosting.Internal.ConsoleLifetime.OnApplicationStarted| body: 
2023-08-27 19:35:36.2099|0|INFO|Microsoft.Hosting.Lifetime|Hosting environment: Development |url: |action: |Microsoft.Extensions.Hosting.Internal.ConsoleLifetime.OnApplicationStarted| body: 
2023-08-27 19:35:36.2099|0|INFO|Microsoft.Hosting.Lifetime|Content root path: C:\AProject\AppleStore\AppleStore |url: |action: |Microsoft.Extensions.Hosting.Internal.ApplicationLifetime.NotifyStarted| body: 
2023-08-27 19:36:24.7897|0|INFO|AppleStore.Controllers.Device.DeviceController|Успешное получение Девайса из базы данных |url: https://localhost/Device/Details/-1/5|action: Details|AppleStore.Controllers.Device.DeviceController.Details| body: 
2023-08-27 19:36:24.9510|0|INFO|AppleStore.Controllers.Device.DeviceController|Успешное получение Девайса из базы данных |url: https://localhost/Device/Details/-1/5|action: Details|AppleStore.Controllers.Device.DeviceController.Details| body: 
2023-08-27 19:36:48.3070|0|INFO|AppleStore.Controllers.Device.DeviceController|Успешное получение Девайса из базы данных |url: https://localhost/Device/Details/-1/5|action: Details|AppleStore.Controllers.Device.DeviceController.Details| body: 
2023-08-27 19:36:53.8891|0|INFO|AppleStore.Controllers.Device.DeviceController|Успешное получение Девайса из базы данных |url: https://localhost/Device/Details/-1/17|action: Details|AppleStore.Controllers.Device.DeviceController.Details| body: 
2023-08-27 19:36:54.0183|0|INFO|AppleStore.Controllers.Device.DeviceController|Успешное получение Девайса из базы данных |url: https://localhost/Device/Details/-1/17|action: Details|AppleStore.Controllers.Device.DeviceController.Details| body: 
2023-08-27 19:37:22.7761|0|INFO|AppleStore.Controllers.Device.DeviceController|Успешное получение Девайса из базы данных |url: https://localhost/Device/Details/-1/17|action: Details|AppleStore.Controllers.Device.DeviceController.Details| body: 
2023-08-27 19:37:22.9012|0|INFO|AppleStore.Controllers.Device.DeviceController|Успешное получение Девайса из базы данных |url: https://localhost/Device/Details/-1/17|action: Details|AppleStore.Controllers.Device.DeviceController.Details| body: 
2023-08-27 19:38:08.6844|0|INFO|AppleStore.Controllers.Account.AccountController|Пользователь lox12334 Авторизовался успешно |url: https://localhost/Account/Login|action: Login|AppleStore.Controllers.Account.AccountController.Login| body: 
2023-08-27 19:38:19.2615|0|INFO|AppleStore.Controllers.Device.DeviceController|Успешное получение Девайса из базы данных |url: https://localhost/Device/Details/-1/5|action: Details|AppleStore.Controllers.Device.DeviceController.Details| body: 
2023-08-27 19:38:19.3993|0|INFO|AppleStore.Controllers.Device.DeviceController|Успешное получение Девайса из базы данных |url: https://localhost/Device/Details/-1/5|action: Details|AppleStore.Controllers.Device.DeviceController.Details| body: 
2023-08-27 19:38:22.3224|0|INFO|AppleStore.Controllers.Device.DeviceController|Успешное получение Девайса из базы данных |url: https://localhost/Device/Details/-1/17|action: Details|AppleStore.Controllers.Device.DeviceController.Details| body: 
2023-08-27 19:38:22.4655|0|INFO|AppleStore.Controllers.Device.DeviceController|Успешное получение Девайса из базы данных |url: https://localhost/Device/Details/-1/17|action: Details|AppleStore.Controllers.Device.DeviceController.Details| body: 
2023-08-27 19:38:25.7579|0|INFO|AppleStore.Service.Implementations.DeviceService|Все девайсы добавлены в кэш |url: https://localhost/Cart/GetCart|action: GetCart|AppleStore.Service.Implementations.DeviceService.GetDevices| body: 
2023-08-27 19:38:25.8944|0|INFO|AppleStore.Service.Implementations.DeviceService|Получение всех девайсов из кэша |url: https://localhost/Cart/GetCart|action: GetCart|AppleStore.Service.Implementations.DeviceService.GetDevices| body: 
2023-08-27 19:38:40.8718|0|INFO|AppleStore.Service.Implementations.DeviceService|Получение всех девайсов из кэша |url: https://localhost/Order/PlaceOrder|action: PlaceOrder|AppleStore.Service.Implementations.DeviceService.GetDevices| body: 
2023-08-27 19:38:40.8718|0|INFO|AppleStore.Controllers.Order.OrderController|Успешное получение Девайса из базы данных |url: https://localhost/Order/PlaceOrder|action: PlaceOrder|AppleStore.Controllers.Order.OrderController.PlaceOrder| body: 
2023-08-27 19:38:41.0852|0|INFO|AppleStore.Service.Implementations.DeviceService|Получение всех девайсов из кэша |url: https://localhost/Order/PlaceOrder|action: PlaceOrder|AppleStore.Service.Implementations.DeviceService.GetDevices| body: 
2023-08-27 19:38:41.0852|0|INFO|AppleStore.Controllers.Order.OrderController|Успешное получение Девайса из базы данных |url: https://localhost/Order/PlaceOrder|action: PlaceOrder|AppleStore.Controllers.Order.OrderController.PlaceOrder| body: 
2023-08-27 19:38:48.7698|0|INFO|AppleStore.Service.Implementations.OrderService|Успешное создание заказа |url: https://localhost/Order/PlaceOrder|action: PlaceOrder|AppleStore.Service.Implementations.OrderService.CreateOrder| body: 
2023-08-27 19:38:48.7698|0|INFO|AppleStore.Controllers.Order.OrderController|Успешное создание заказа |url: https://localhost/Order/PlaceOrder|action: PlaceOrder|AppleStore.Controllers.Order.OrderController.PlaceOrder| body: 
2023-08-27 19:38:48.9155|0|INFO|AppleStore.Service.Implementations.DeviceService|Получение всех девайсов из кэша |url: https://localhost/Order/PlaceOrder|action: PlaceOrder|AppleStore.Service.Implementations.DeviceService.GetDevices| body: 
2023-08-27 19:38:48.9155|0|INFO|AppleStore.Controllers.Order.OrderController|Успешное получение Девайса из базы данных |url: https://localhost/Order/PlaceOrder|action: PlaceOrder|AppleStore.Controllers.Order.OrderController.PlaceOrder| body: 
2023-08-27 19:39:00.8524|0|INFO|AppleStore.Controllers.Account.AccountController|Пользователь Admin Авторизовался успешно |url: https://localhost/Account/Login|action: Login|AppleStore.Controllers.Account.AccountController.Login| body: 
2023-08-27 19:39:37.5665|0|INFO|Microsoft.Hosting.Lifetime|Application is shutting down... |url: |action: |Microsoft.Extensions.Hosting.Internal.ApplicationLifetime.StopApplication| body: 
2023-08-27 19:51:55.6788|0|INFO|Program|Инициализация программы |url: |action: |Program.<Main>$| body: 
2023-08-27 19:51:55.9198|0|INFO|Microsoft.Hosting.Lifetime|Application started. Press Ctrl+C to shut down. |url: |action: |Microsoft.Extensions.Hosting.Internal.ConsoleLifetime.OnApplicationStarted| body: 
2023-08-27 19:51:55.9198|0|INFO|Microsoft.Hosting.Lifetime|Hosting environment: Development |url: |action: |Microsoft.Extensions.Hosting.Internal.ConsoleLifetime.OnApplicationStarted| body: 
2023-08-27 19:51:55.9198|0|INFO|Microsoft.Hosting.Lifetime|Content root path: C:\AProject\AppleStore\AppleStore |url: |action: |Microsoft.Extensions.Hosting.Internal.ApplicationLifetime.NotifyStarted| body: 
2023-08-27 19:52:04.7300|0|INFO|AppleStore.Controllers.Device.DeviceController|Успешное получение Девайса из базы данных |url: https://localhost/Device/Details/-1/5|action: Details|AppleStore.Controllers.Device.DeviceController.Details| body: 
2023-08-27 19:52:04.9133|0|INFO|AppleStore.Controllers.Device.DeviceController|Успешное получение Девайса из базы данных |url: https://localhost/Device/Details/-1/5|action: Details|AppleStore.Controllers.Device.DeviceController.Details| body: 
2023-08-27 19:52:13.7139|0|INFO|AppleStore.Controllers.Device.DeviceController|Успешное получение Девайса из базы данных |url: https://localhost/Device/Details/-1/7|action: Details|AppleStore.Controllers.Device.DeviceController.Details| body: 
2023-08-27 19:52:13.8498|0|INFO|AppleStore.Controllers.Device.DeviceController|Успешное получение Девайса из базы данных |url: https://localhost/Device/Details/-1/7|action: Details|AppleStore.Controllers.Device.DeviceController.Details| body: 
2023-08-27 19:52:18.4895|0|INFO|AppleStore.Controllers.Device.DeviceController|Успешное получение Девайса из базы данных |url: https://localhost/Device/Details/-1/4|action: Details|AppleStore.Controllers.Device.DeviceController.Details| body: 
2023-08-27 19:52:18.6258|0|INFO|AppleStore.Controllers.Device.DeviceController|Успешное получение Девайса из базы данных |url: https://localhost/Device/Details/-1/4|action: Details|AppleStore.Controllers.Device.DeviceController.Details| body: 
2023-08-27 19:53:39.2099|0|INFO|AppleStore.Controllers.Device.DeviceController|Успешное получение Девайса из базы данных |url: https://localhost/Device/Details/-1/19|action: Details|AppleStore.Controllers.Device.DeviceController.Details| body: 
2023-08-27 19:53:39.3402|0|INFO|AppleStore.Controllers.Device.DeviceController|Успешное получение Девайса из базы данных |url: https://localhost/Device/Details/-1/19|action: Details|AppleStore.Controllers.Device.DeviceController.Details| body: 
2023-08-27 19:53:43.4834|0|INFO|AppleStore.Controllers.Device.DeviceController|Успешное получение Девайса из базы данных |url: https://localhost/Device/Details/-1/6|action: Details|AppleStore.Controllers.Device.DeviceController.Details| body: 
2023-08-27 19:53:43.6332|0|INFO|AppleStore.Controllers.Device.DeviceController|Успешное получение Девайса из базы данных |url: https://localhost/Device/Details/-1/6|action: Details|AppleStore.Controllers.Device.DeviceController.Details| body: 
2023-08-27 19:55:37.2645|0|INFO|AppleStore.Controllers.Device.DeviceController|Успешное получение Девайса из базы данных |url: https://localhost/Device/Details/-1/4|action: Details|AppleStore.Controllers.Device.DeviceController.Details| body: 
2023-08-27 19:55:37.4958|0|INFO|AppleStore.Controllers.Device.DeviceController|Успешное получение Девайса из базы данных |url: https://localhost/Device/Details/-1/4|action: Details|AppleStore.Controllers.Device.DeviceController.Details| body: 
2023-08-27 19:55:42.1251|0|INFO|AppleStore.Controllers.Device.DeviceController|Успешное получение Девайса из базы данных |url: https://localhost/Device/Details/-1/7|action: Details|AppleStore.Controllers.Device.DeviceController.Details| body: 
2023-08-27 19:55:42.2720|0|INFO|AppleStore.Controllers.Device.DeviceController|Успешное получение Девайса из базы данных |url: https://localhost/Device/Details/-1/7|action: Details|AppleStore.Controllers.Device.DeviceController.Details| body: 
2023-08-27 19:55:53.0869|0|INFO|Microsoft.Hosting.Lifetime|Application is shutting down... |url: |action: |Microsoft.Extensions.Hosting.Internal.ApplicationLifetime.StopApplication| body: 
2023-08-27 22:28:19.8282|0|INFO|Program|Инициализация программы |url: |action: |Program.<Main>$| body: 
2023-08-27 22:28:21.4635|0|INFO|Microsoft.Hosting.Lifetime|Application started. Press Ctrl+C to shut down. |url: |action: |Microsoft.Extensions.Hosting.Internal.ConsoleLifetime.OnApplicationStarted| body: 
2023-08-27 22:28:21.4635|0|INFO|Microsoft.Hosting.Lifetime|Hosting environment: Development |url: |action: |Microsoft.Extensions.Hosting.Internal.ConsoleLifetime.OnApplicationStarted| body: 
2023-08-27 22:28:21.4635|0|INFO|Microsoft.Hosting.Lifetime|Content root path: C:\AProject\AppleStore\AppleStore |url: |action: |Microsoft.Extensions.Hosting.Internal.ApplicationLifetime.NotifyStarted| body: 
2023-08-27 22:28:38.2483|0|INFO|AppleStore.Controllers.Account.AccountController|Пользователь Admin Авторизовался успешно |url: https://localhost/Account/Login|action: Login|AppleStore.Controllers.Account.AccountController.Login| body: 
2023-08-27 22:29:17.9662|0|INFO|AppleStore.Controllers.Account.AccountController|Пользователь Admin Авторизовался успешно |url: https://localhost/Account/Login|action: Login|AppleStore.Controllers.Account.AccountController.Login| body: 
2023-08-27 22:29:26.0324|0|INFO|Microsoft.Hosting.Lifetime|Application is shutting down... |url: |action: |Microsoft.Extensions.Hosting.Internal.ApplicationLifetime.StopApplication| body: 
2023-08-27 22:29:38.3885|0|INFO|Program|Инициализация программы |url: |action: |Program.<Main>$| body: 
2023-08-27 22:29:38.5865|0|INFO|Microsoft.Hosting.Lifetime|Application started. Press Ctrl+C to shut down. |url: |action: |Microsoft.Extensions.Hosting.Internal.ConsoleLifetime.OnApplicationStarted| body: 
2023-08-27 22:29:38.5865|0|INFO|Microsoft.Hosting.Lifetime|Hosting environment: Development |url: |action: |Microsoft.Extensions.Hosting.Internal.ConsoleLifetime.OnApplicationStarted| body: 
2023-08-27 22:29:38.5865|0|INFO|Microsoft.Hosting.Lifetime|Content root path: C:\AProject\AppleStore\AppleStore |url: |action: |Microsoft.Extensions.Hosting.Internal.ApplicationLifetime.NotifyStarted| body: 
2023-08-27 22:29:54.2477|0|INFO|Microsoft.Hosting.Lifetime|Application is shutting down... |url: |action: |Microsoft.Extensions.Hosting.Internal.ApplicationLifetime.StopApplication| body: 
2023-08-27 22:30:01.5602|0|INFO|Program|Инициализация программы |url: |action: |Program.<Main>$| body: 
2023-08-27 22:30:01.7603|0|INFO|Microsoft.Hosting.Lifetime|Application started. Press Ctrl+C to shut down. |url: |action: |Microsoft.Extensions.Hosting.Internal.ConsoleLifetime.OnApplicationStarted| body: 
2023-08-27 22:30:01.7603|0|INFO|Microsoft.Hosting.Lifetime|Hosting environment: Development |url: |action: |Microsoft.Extensions.Hosting.Internal.ConsoleLifetime.OnApplicationStarted| body: 
2023-08-27 22:30:01.7603|0|INFO|Microsoft.Hosting.Lifetime|Content root path: C:\AProject\AppleStore\AppleStore |url: |action: |Microsoft.Extensions.Hosting.Internal.ApplicationLifetime.NotifyStarted| body: 
2023-08-27 22:30:20.9595|0|INFO|AppleStore.Controllers.Account.AccountController|Пользователь Admin Авторизовался успешно |url: https://localhost/Account/Login|action: Login|AppleStore.Controllers.Account.AccountController.Login| body: 
2023-08-27 22:31:35.7747|0|INFO|AppleStore.Controllers.Account.AccountController|Пользователь Admin Авторизовался успешно |url: https://localhost/Account/Login|action: Login|AppleStore.Controllers.Account.AccountController.Login| body: 
2023-08-27 22:32:05.7599|0|INFO|Microsoft.Hosting.Lifetime|Application is shutting down... |url: |action: |Microsoft.Extensions.Hosting.Internal.ApplicationLifetime.StopApplication| body: 
2023-08-27 22:32:16.0716|0|INFO|Program|Инициализация программы |url: |action: |Program.<Main>$| body: 
2023-08-27 22:32:16.2753|0|INFO|Microsoft.Hosting.Lifetime|Application started. Press Ctrl+C to shut down. |url: |action: |Microsoft.Extensions.Hosting.Internal.ConsoleLifetime.OnApplicationStarted| body: 
2023-08-27 22:32:16.2753|0|INFO|Microsoft.Hosting.Lifetime|Hosting environment: Development |url: |action: |Microsoft.Extensions.Hosting.Internal.ConsoleLifetime.OnApplicationStarted| body: 
2023-08-27 22:32:16.2753|0|INFO|Microsoft.Hosting.Lifetime|Content root path: C:\AProject\AppleStore\AppleStore |url: |action: |Microsoft.Extensions.Hosting.Internal.ApplicationLifetime.NotifyStarted| body: 
2023-08-27 22:32:17.3493|0|INFO|AppleStore.Service.Implementations.DeviceService|Все девайсы добавлены в кэш |url: https://localhost/|action: GetDevices|AppleStore.Service.Implementations.DeviceService.GetDevices| body: 
2023-08-27 22:32:17.8185|0|INFO|AppleStore.Service.Implementations.DeviceService|Получение всех девайсов из кэша |url: https://localhost/|action: GetDevices|AppleStore.Service.Implementations.DeviceService.GetDevices| body: 
2023-08-27 22:32:29.7031|0|INFO|Microsoft.Hosting.Lifetime|Application is shutting down... |url: |action: |Microsoft.Extensions.Hosting.Internal.ApplicationLifetime.StopApplication| body: 
2023-08-27 22:32:39.3995|0|INFO|Program|Инициализация программы |url: |action: |Program.<Main>$| body: 
2023-08-27 22:32:39.5986|0|INFO|Microsoft.Hosting.Lifetime|Application started. Press Ctrl+C to shut down. |url: |action: |Microsoft.Extensions.Hosting.Internal.ConsoleLifetime.OnApplicationStarted| body: 
2023-08-27 22:32:39.6151|0|INFO|Microsoft.Hosting.Lifetime|Hosting environment: Development |url: |action: |Microsoft.Extensions.Hosting.Internal.ConsoleLifetime.OnApplicationStarted| body: 
2023-08-27 22:32:39.6151|0|INFO|Microsoft.Hosting.Lifetime|Content root path: C:\AProject\AppleStore\AppleStore |url: |action: |Microsoft.Extensions.Hosting.Internal.ApplicationLifetime.NotifyStarted| body: 
2023-08-27 22:32:48.7767|0|INFO|AppleStore.Controllers.Device.DeviceController|Успешное получение Девайса из базы данных |url: https://localhost/Device/Details/-1/31|action: Details|AppleStore.Controllers.Device.DeviceController.Details| body: 
2023-08-27 22:32:48.9494|0|INFO|AppleStore.Controllers.Device.DeviceController|Успешное получение Девайса из базы данных |url: https://localhost/Device/Details/-1/31|action: Details|AppleStore.Controllers.Device.DeviceController.Details| body: 
2023-08-27 22:33:03.3079|0|INFO|Microsoft.Hosting.Lifetime|Application is shutting down... |url: |action: |Microsoft.Extensions.Hosting.Internal.ApplicationLifetime.StopApplication| body: 
