2023-08-22 00:04:18.4408|0|INFO|Program|Инициализация программы |url: |action: |Program.<Main>$| body: 
2023-08-22 00:04:18.8780|0|INFO|Microsoft.Hosting.Lifetime|Application started. Press Ctrl+C to shut down. |url: |action: |Microsoft.Extensions.Hosting.Internal.ConsoleLifetime.OnApplicationStarted| body: 
2023-08-22 00:04:18.8780|0|INFO|Microsoft.Hosting.Lifetime|Hosting environment: Development |url: |action: |Microsoft.Extensions.Hosting.Internal.ConsoleLifetime.OnApplicationStarted| body: 
2023-08-22 00:04:18.8780|0|INFO|Microsoft.Hosting.Lifetime|Content root path: C:\AProject\AppleStore\AppleStore |url: |action: |Microsoft.Extensions.Hosting.Internal.ApplicationLifetime.NotifyStarted| body: 
2023-08-22 00:04:20.8227|0|INFO|AppleStore.Service.Implementations.DeviceService|Все девайсы добавлены в кэш |url: https://localhost/|action: Catalog|AppleStore.Service.Implementations.DeviceService.GetDevices| body: 
2023-08-22 00:04:21.9183|0|INFO|AppleStore.Service.Implementations.DeviceService|Получение всех девайсов из кэша |url: https://localhost/|action: Catalog|AppleStore.Service.Implementations.DeviceService.GetDevices| body: 
2023-08-22 00:04:28.7496|0|INFO|AppleStore.Service.Implementations.DeviceService|Получение всех девайсов из кэша |url: https://localhost/Device/Catalog/2|action: Catalog|AppleStore.Service.Implementations.DeviceService.GetDevices| body: 
2023-08-22 00:04:28.9688|0|INFO|AppleStore.Service.Implementations.DeviceService|Получение всех девайсов из кэша |url: https://localhost/Device/Catalog/2|action: Catalog|AppleStore.Service.Implementations.DeviceService.GetDevices| body: 
2023-08-22 00:04:30.5394|0|INFO|AppleStore.Controllers.Order.OrderController|Успешное получение Девайса из базы данных |url: https://localhost/Order/Details/-1/3|action: Details|AppleStore.Controllers.Order.OrderController.Details| body: 
2023-08-22 00:04:30.8705|0|INFO|AppleStore.Controllers.Order.OrderController|Успешное получение Девайса из базы данных |url: https://localhost/Order/Details/-1/3|action: Details|AppleStore.Controllers.Order.OrderController.Details| body: 
2023-08-22 00:04:34.1666|0|INFO|AppleStore.Controllers.Order.OrderController|Успешное получение Девайса из базы данных |url: https://localhost/Order/PlaceOrder/-1/3|action: PlaceOrder|AppleStore.Controllers.Order.OrderController.PlaceOrder| body: 
2023-08-22 00:04:34.6201|0|INFO|AppleStore.Controllers.Order.OrderController|Успешное получение Девайса из базы данных |url: https://localhost/Order/PlaceOrder/-1/3|action: PlaceOrder|AppleStore.Controllers.Order.OrderController.PlaceOrder| body: 
2023-08-22 00:04:40.8700|0|INFO|AppleStore.Service.Implementations.OrderService|Успешное создание заказа |url: https://localhost/Order/PlaceOrder/-1/3|action: PlaceOrder|AppleStore.Service.Implementations.OrderService.CreateOrder| body: 
2023-08-22 00:04:40.8700|0|INFO|AppleStore.Controllers.Order.OrderController|Успешное создание заказа |url: https://localhost/Order/PlaceOrder/-1/3|action: PlaceOrder|AppleStore.Controllers.Order.OrderController.PlaceOrder| body: 
2023-08-22 00:04:41.1036|0|INFO|AppleStore.Controllers.Order.OrderController|Успешное получение Девайса из базы данных |url: https://localhost/Order/PlaceOrder/-1/3|action: PlaceOrder|AppleStore.Controllers.Order.OrderController.PlaceOrder| body: 
2023-08-22 00:04:42.0236|0|INFO|AppleStore.Service.Implementations.DeviceService|Получение всех девайсов из кэша |url: https://localhost/|action: Catalog|AppleStore.Service.Implementations.DeviceService.GetDevices| body: 
2023-08-22 00:04:42.1933|0|INFO|AppleStore.Service.Implementations.DeviceService|Получение всех девайсов из кэша |url: https://localhost/|action: Catalog|AppleStore.Service.Implementations.DeviceService.GetDevices| body: 
2023-08-22 00:10:10.8676|0|INFO|Microsoft.Hosting.Lifetime|Application is shutting down... |url: |action: |Microsoft.Extensions.Hosting.Internal.ApplicationLifetime.StopApplication| body: 
2023-08-22 00:10:40.8728|0|INFO|Program|Инициализация программы |url: |action: |Program.<Main>$| body: 
2023-08-22 00:10:41.1832|0|INFO|Microsoft.Hosting.Lifetime|Application started. Press Ctrl+C to shut down. |url: |action: |Microsoft.Extensions.Hosting.Internal.ConsoleLifetime.OnApplicationStarted| body: 
2023-08-22 00:10:41.1832|0|INFO|Microsoft.Hosting.Lifetime|Hosting environment: Development |url: |action: |Microsoft.Extensions.Hosting.Internal.ConsoleLifetime.OnApplicationStarted| body: 
2023-08-22 00:10:41.1832|0|INFO|Microsoft.Hosting.Lifetime|Content root path: C:\AProject\AppleStore\AppleStore |url: |action: |Microsoft.Extensions.Hosting.Internal.ApplicationLifetime.NotifyStarted| body: 
2023-08-22 00:10:43.4153|0|INFO|AppleStore.Service.Implementations.DeviceService|Все девайсы добавлены в кэш |url: https://localhost/|action: Catalog|AppleStore.Service.Implementations.DeviceService.GetDevices| body: 
2023-08-22 00:10:44.4609|0|INFO|AppleStore.Service.Implementations.DeviceService|Получение всех девайсов из кэша |url: https://localhost/|action: Catalog|AppleStore.Service.Implementations.DeviceService.GetDevices| body: 
2023-08-22 00:11:19.6698|0|INFO|Microsoft.Hosting.Lifetime|Application is shutting down... |url: |action: |Microsoft.Extensions.Hosting.Internal.ApplicationLifetime.StopApplication| body: 
2023-08-22 00:16:20.0885|0|INFO|Program|Инициализация программы |url: |action: |Program.<Main>$| body: 
2023-08-22 00:16:20.3833|0|INFO|Microsoft.Hosting.Lifetime|Application started. Press Ctrl+C to shut down. |url: |action: |Microsoft.Extensions.Hosting.Internal.ConsoleLifetime.OnApplicationStarted| body: 
2023-08-22 00:16:20.3833|0|INFO|Microsoft.Hosting.Lifetime|Hosting environment: Development |url: |action: |Microsoft.Extensions.Hosting.Internal.ConsoleLifetime.OnApplicationStarted| body: 
2023-08-22 00:16:20.3833|0|INFO|Microsoft.Hosting.Lifetime|Content root path: C:\AProject\AppleStore\AppleStore |url: |action: |Microsoft.Extensions.Hosting.Internal.ApplicationLifetime.NotifyStarted| body: 
2023-08-22 00:16:22.2453|0|INFO|AppleStore.Service.Implementations.DeviceService|Все девайсы добавлены в кэш |url: https://localhost/|action: Catalog|AppleStore.Service.Implementations.DeviceService.GetDevices| body: 
2023-08-22 00:16:23.1963|0|INFO|AppleStore.Service.Implementations.DeviceService|Получение всех девайсов из кэша |url: https://localhost/|action: Catalog|AppleStore.Service.Implementations.DeviceService.GetDevices| body: 
2023-08-22 00:16:29.5216|0|INFO|Microsoft.Hosting.Lifetime|Application is shutting down... |url: |action: |Microsoft.Extensions.Hosting.Internal.ApplicationLifetime.StopApplication| body: 
2023-08-22 00:19:49.9852|0|INFO|Program|Инициализация программы |url: |action: |Program.<Main>$| body: 
2023-08-22 00:19:50.2811|0|INFO|Microsoft.Hosting.Lifetime|Application started. Press Ctrl+C to shut down. |url: |action: |Microsoft.Extensions.Hosting.Internal.ConsoleLifetime.OnApplicationStarted| body: 
2023-08-22 00:19:50.2811|0|INFO|Microsoft.Hosting.Lifetime|Hosting environment: Development |url: |action: |Microsoft.Extensions.Hosting.Internal.ConsoleLifetime.OnApplicationStarted| body: 
2023-08-22 00:19:50.2811|0|INFO|Microsoft.Hosting.Lifetime|Content root path: C:\AProject\AppleStore\AppleStore |url: |action: |Microsoft.Extensions.Hosting.Internal.ApplicationLifetime.NotifyStarted| body: 
2023-08-22 00:19:51.8695|0|INFO|AppleStore.Service.Implementations.DeviceService|Все девайсы добавлены в кэш |url: https://localhost/|action: Catalog|AppleStore.Service.Implementations.DeviceService.GetDevices| body: 
2023-08-22 00:19:52.5094|0|INFO|AppleStore.Service.Implementations.DeviceService|Получение всех девайсов из кэша |url: https://localhost/|action: Catalog|AppleStore.Service.Implementations.DeviceService.GetDevices| body: 
2023-08-22 00:19:59.9349|0|INFO|Microsoft.Hosting.Lifetime|Application is shutting down... |url: |action: |Microsoft.Extensions.Hosting.Internal.ApplicationLifetime.StopApplication| body: 
2023-08-22 00:35:23.5943|0|INFO|Program|Инициализация программы |url: |action: |Program.<Main>$| body: 
2023-08-22 00:35:23.8776|0|INFO|Microsoft.Hosting.Lifetime|Application started. Press Ctrl+C to shut down. |url: |action: |Microsoft.Extensions.Hosting.Internal.ConsoleLifetime.OnApplicationStarted| body: 
2023-08-22 00:35:23.8776|0|INFO|Microsoft.Hosting.Lifetime|Hosting environment: Development |url: |action: |Microsoft.Extensions.Hosting.Internal.ConsoleLifetime.OnApplicationStarted| body: 
2023-08-22 00:35:23.8776|0|INFO|Microsoft.Hosting.Lifetime|Content root path: C:\AProject\AppleStore\AppleStore |url: |action: |Microsoft.Extensions.Hosting.Internal.ApplicationLifetime.NotifyStarted| body: 
2023-08-22 00:35:25.3674|0|INFO|AppleStore.Service.Implementations.DeviceService|Все девайсы добавлены в кэш |url: https://localhost/|action: Catalog|AppleStore.Service.Implementations.DeviceService.GetDevices| body: 
2023-08-22 00:35:26.3062|0|INFO|AppleStore.Service.Implementations.DeviceService|Получение всех девайсов из кэша |url: https://localhost/|action: Catalog|AppleStore.Service.Implementations.DeviceService.GetDevices| body: 
2023-08-22 00:35:34.5926|0|INFO|Microsoft.Hosting.Lifetime|Application is shutting down... |url: |action: |Microsoft.Extensions.Hosting.Internal.ApplicationLifetime.StopApplication| body: 
2023-08-22 00:35:56.5867|0|INFO|Program|Инициализация программы |url: |action: |Program.<Main>$| body: 
2023-08-22 00:35:56.8448|0|INFO|Microsoft.Hosting.Lifetime|Application started. Press Ctrl+C to shut down. |url: |action: |Microsoft.Extensions.Hosting.Internal.ConsoleLifetime.OnApplicationStarted| body: 
2023-08-22 00:35:56.8448|0|INFO|Microsoft.Hosting.Lifetime|Hosting environment: Development |url: |action: |Microsoft.Extensions.Hosting.Internal.ConsoleLifetime.OnApplicationStarted| body: 
2023-08-22 00:35:56.8448|0|INFO|Microsoft.Hosting.Lifetime|Content root path: C:\AProject\AppleStore\AppleStore |url: |action: |Microsoft.Extensions.Hosting.Internal.ApplicationLifetime.NotifyStarted| body: 
2023-08-22 00:35:58.5712|0|INFO|AppleStore.Service.Implementations.DeviceService|Все девайсы добавлены в кэш |url: https://localhost/|action: Catalog|AppleStore.Service.Implementations.DeviceService.GetDevices| body: 
2023-08-22 00:35:59.1034|0|INFO|AppleStore.Service.Implementations.DeviceService|Получение всех девайсов из кэша |url: https://localhost/|action: Catalog|AppleStore.Service.Implementations.DeviceService.GetDevices| body: 
2023-08-22 00:36:09.0321|0|INFO|Microsoft.Hosting.Lifetime|Application is shutting down... |url: |action: |Microsoft.Extensions.Hosting.Internal.ApplicationLifetime.StopApplication| body: 
2023-08-22 00:53:47.8325|0|INFO|Program|Инициализация программы |url: |action: |Program.<Main>$| body: 
2023-08-22 00:53:48.2191|0|INFO|Microsoft.Hosting.Lifetime|Application started. Press Ctrl+C to shut down. |url: |action: |Microsoft.Extensions.Hosting.Internal.ConsoleLifetime.OnApplicationStarted| body: 
2023-08-22 00:53:48.2191|0|INFO|Microsoft.Hosting.Lifetime|Hosting environment: Development |url: |action: |Microsoft.Extensions.Hosting.Internal.ConsoleLifetime.OnApplicationStarted| body: 
2023-08-22 00:53:48.2191|0|INFO|Microsoft.Hosting.Lifetime|Content root path: C:\AProject\AppleStore\AppleStore |url: |action: |Microsoft.Extensions.Hosting.Internal.ApplicationLifetime.NotifyStarted| body: 
2023-08-22 00:54:11.4469|0|INFO|Microsoft.Hosting.Lifetime|Application is shutting down... |url: |action: |Microsoft.Extensions.Hosting.Internal.ApplicationLifetime.StopApplication| body: 
2023-08-22 01:00:55.1555|0|INFO|Program|Инициализация программы |url: |action: |Program.<Main>$| body: 
2023-08-22 01:00:55.6338|0|INFO|Microsoft.Hosting.Lifetime|Application started. Press Ctrl+C to shut down. |url: |action: |Microsoft.Extensions.Hosting.Internal.ConsoleLifetime.OnApplicationStarted| body: 
2023-08-22 01:00:55.6338|0|INFO|Microsoft.Hosting.Lifetime|Hosting environment: Development |url: |action: |Microsoft.Extensions.Hosting.Internal.ConsoleLifetime.OnApplicationStarted| body: 
2023-08-22 01:00:55.6338|0|INFO|Microsoft.Hosting.Lifetime|Content root path: C:\AProject\AppleStore\AppleStore |url: |action: |Microsoft.Extensions.Hosting.Internal.ApplicationLifetime.NotifyStarted| body: 
2023-08-22 01:00:57.5234|0|INFO|AppleStore.Service.Implementations.DeviceService|Все девайсы добавлены в кэш |url: https://localhost/|action: Catalog|AppleStore.Service.Implementations.DeviceService.GetDevices| body: 
2023-08-22 01:00:58.3675|0|INFO|AppleStore.Service.Implementations.DeviceService|Получение всех девайсов из кэша |url: https://localhost/|action: Catalog|AppleStore.Service.Implementations.DeviceService.GetDevices| body: 
2023-08-22 01:01:04.6350|0|INFO|AppleStore.Service.Implementations.DeviceService|Получение всех девайсов из кэша |url: https://localhost/Device/Catalog/2|action: Catalog|AppleStore.Service.Implementations.DeviceService.GetDevices| body: 
2023-08-22 01:01:04.8620|0|INFO|AppleStore.Service.Implementations.DeviceService|Получение всех девайсов из кэша |url: https://localhost/Device/Catalog/2|action: Catalog|AppleStore.Service.Implementations.DeviceService.GetDevices| body: 
2023-08-22 01:01:06.8557|0|INFO|AppleStore.Service.Implementations.DeviceService|Получение всех девайсов из кэша |url: https://localhost/|action: Catalog|AppleStore.Service.Implementations.DeviceService.GetDevices| body: 
2023-08-22 01:01:07.0946|0|INFO|AppleStore.Service.Implementations.DeviceService|Получение всех девайсов из кэша |url: https://localhost/|action: Catalog|AppleStore.Service.Implementations.DeviceService.GetDevices| body: 
2023-08-22 01:01:55.7235|0|INFO|Microsoft.Hosting.Lifetime|Application is shutting down... |url: |action: |Microsoft.Extensions.Hosting.Internal.ApplicationLifetime.StopApplication| body: 
2023-08-22 01:02:44.8641|0|INFO|Program|Инициализация программы |url: |action: |Program.<Main>$| body: 
2023-08-22 01:02:45.1381|0|INFO|Microsoft.Hosting.Lifetime|Application started. Press Ctrl+C to shut down. |url: |action: |Microsoft.Extensions.Hosting.Internal.ConsoleLifetime.OnApplicationStarted| body: 
2023-08-22 01:02:45.1381|0|INFO|Microsoft.Hosting.Lifetime|Hosting environment: Development |url: |action: |Microsoft.Extensions.Hosting.Internal.ConsoleLifetime.OnApplicationStarted| body: 
2023-08-22 01:02:45.1381|0|INFO|Microsoft.Hosting.Lifetime|Content root path: C:\AProject\AppleStore\AppleStore |url: |action: |Microsoft.Extensions.Hosting.Internal.ApplicationLifetime.NotifyStarted| body: 
2023-08-22 01:02:46.9144|0|INFO|AppleStore.Service.Implementations.DeviceService|Все девайсы добавлены в кэш |url: https://localhost/|action: Catalog|AppleStore.Service.Implementations.DeviceService.GetDevices| body: 
2023-08-22 01:02:47.5132|0|INFO|AppleStore.Service.Implementations.DeviceService|Получение всех девайсов из кэша |url: https://localhost/|action: Catalog|AppleStore.Service.Implementations.DeviceService.GetDevices| body: 
2023-08-22 02:05:31.3000|0|INFO|Microsoft.Hosting.Lifetime|Application is shutting down... |url: |action: |Microsoft.Extensions.Hosting.Internal.ApplicationLifetime.StopApplication| body: 
2023-08-22 02:05:47.9951|0|INFO|Program|Инициализация программы |url: |action: |Program.<Main>$| body: 
2023-08-22 02:05:48.4772|0|INFO|Microsoft.Hosting.Lifetime|Application started. Press Ctrl+C to shut down. |url: |action: |Microsoft.Extensions.Hosting.Internal.ConsoleLifetime.OnApplicationStarted| body: 
2023-08-22 02:05:48.4772|0|INFO|Microsoft.Hosting.Lifetime|Hosting environment: Development |url: |action: |Microsoft.Extensions.Hosting.Internal.ConsoleLifetime.OnApplicationStarted| body: 
2023-08-22 02:05:48.4772|0|INFO|Microsoft.Hosting.Lifetime|Content root path: C:\AProject\AppleStore\AppleStore |url: |action: |Microsoft.Extensions.Hosting.Internal.ApplicationLifetime.NotifyStarted| body: 
2023-08-22 02:05:50.5721|0|INFO|AppleStore.Service.Implementations.DeviceService|Все девайсы добавлены в кэш |url: https://localhost/|action: Catalog|AppleStore.Service.Implementations.DeviceService.GetDevices| body: 
2023-08-22 02:05:51.1866|0|INFO|AppleStore.Service.Implementations.DeviceService|Получение всех девайсов из кэша |url: https://localhost/|action: Catalog|AppleStore.Service.Implementations.DeviceService.GetDevices| body: 
2023-08-22 02:06:00.0065|0|INFO|AppleStore.Service.Implementations.DeviceService|Получение всех девайсов из кэша |url: https://localhost/Device/Catalog/2|action: Catalog|AppleStore.Service.Implementations.DeviceService.GetDevices| body: 
2023-08-22 02:06:00.2169|0|INFO|AppleStore.Service.Implementations.DeviceService|Получение всех девайсов из кэша |url: https://localhost/Device/Catalog/2|action: Catalog|AppleStore.Service.Implementations.DeviceService.GetDevices| body: 
2023-08-22 02:06:01.3268|0|INFO|AppleStore.Service.Implementations.DeviceService|Получение всех девайсов из кэша |url: https://localhost/Device/Catalog/3|action: Catalog|AppleStore.Service.Implementations.DeviceService.GetDevices| body: 
2023-08-22 02:06:01.5164|0|INFO|AppleStore.Service.Implementations.DeviceService|Получение всех девайсов из кэша |url: https://localhost/Device/Catalog/3|action: Catalog|AppleStore.Service.Implementations.DeviceService.GetDevices| body: 
2023-08-22 02:09:00.9525|0|INFO|Microsoft.Hosting.Lifetime|Application is shutting down... |url: |action: |Microsoft.Extensions.Hosting.Internal.ApplicationLifetime.StopApplication| body: 
2023-08-22 02:09:14.4994|0|INFO|Program|Инициализация программы |url: |action: |Program.<Main>$| body: 
2023-08-22 02:09:14.9485|0|INFO|Microsoft.Hosting.Lifetime|Application started. Press Ctrl+C to shut down. |url: |action: |Microsoft.Extensions.Hosting.Internal.ConsoleLifetime.OnApplicationStarted| body: 
2023-08-22 02:09:14.9485|0|INFO|Microsoft.Hosting.Lifetime|Hosting environment: Development |url: |action: |Microsoft.Extensions.Hosting.Internal.ConsoleLifetime.OnApplicationStarted| body: 
2023-08-22 02:09:14.9485|0|INFO|Microsoft.Hosting.Lifetime|Content root path: C:\AProject\AppleStore\AppleStore |url: |action: |Microsoft.Extensions.Hosting.Internal.ApplicationLifetime.NotifyStarted| body: 
2023-08-22 02:09:17.3081|0|INFO|AppleStore.Service.Implementations.DeviceService|Все девайсы добавлены в кэш |url: https://localhost/|action: Catalog|AppleStore.Service.Implementations.DeviceService.GetDevices| body: 
2023-08-22 02:09:17.9040|0|INFO|AppleStore.Service.Implementations.DeviceService|Получение всех девайсов из кэша |url: https://localhost/|action: Catalog|AppleStore.Service.Implementations.DeviceService.GetDevices| body: 
2023-08-22 02:09:21.7443|0|INFO|AppleStore.Service.Implementations.DeviceService|Получение всех девайсов из кэша |url: https://localhost/Device/Catalog/2|action: Catalog|AppleStore.Service.Implementations.DeviceService.GetDevices| body: 
2023-08-22 02:09:21.9499|0|INFO|AppleStore.Service.Implementations.DeviceService|Получение всех девайсов из кэша |url: https://localhost/Device/Catalog/2|action: Catalog|AppleStore.Service.Implementations.DeviceService.GetDevices| body: 
2023-08-22 02:18:29.8261|0|INFO|Microsoft.Hosting.Lifetime|Application is shutting down... |url: |action: |Microsoft.Extensions.Hosting.Internal.ApplicationLifetime.StopApplication| body: 
2023-08-22 02:18:41.4526|0|INFO|Program|Инициализация программы |url: |action: |Program.<Main>$| body: 
2023-08-22 02:18:41.8072|0|INFO|Microsoft.Hosting.Lifetime|Application started. Press Ctrl+C to shut down. |url: |action: |Microsoft.Extensions.Hosting.Internal.ConsoleLifetime.OnApplicationStarted| body: 
2023-08-22 02:18:41.8072|0|INFO|Microsoft.Hosting.Lifetime|Hosting environment: Development |url: |action: |Microsoft.Extensions.Hosting.Internal.ConsoleLifetime.OnApplicationStarted| body: 
2023-08-22 02:18:41.8072|0|INFO|Microsoft.Hosting.Lifetime|Content root path: C:\AProject\AppleStore\AppleStore |url: |action: |Microsoft.Extensions.Hosting.Internal.ApplicationLifetime.NotifyStarted| body: 
2023-08-22 02:18:43.9499|0|INFO|AppleStore.Service.Implementations.DeviceService|Все девайсы добавлены в кэш |url: https://localhost/|action: Catalog|AppleStore.Service.Implementations.DeviceService.GetDevices| body: 
2023-08-22 02:18:44.3683|0|INFO|AppleStore.Service.Implementations.DeviceService|Получение всех девайсов из кэша |url: https://localhost/|action: Catalog|AppleStore.Service.Implementations.DeviceService.GetDevices| body: 
2023-08-22 02:25:02.8974|0|INFO|Microsoft.Hosting.Lifetime|Application is shutting down... |url: |action: |Microsoft.Extensions.Hosting.Internal.ApplicationLifetime.StopApplication| body: 
2023-08-22 02:25:35.2339|0|INFO|Program|Инициализация программы |url: |action: |Program.<Main>$| body: 
2023-08-22 02:25:35.5524|0|INFO|Microsoft.Hosting.Lifetime|Application started. Press Ctrl+C to shut down. |url: |action: |Microsoft.Extensions.Hosting.Internal.ConsoleLifetime.OnApplicationStarted| body: 
2023-08-22 02:25:35.5524|0|INFO|Microsoft.Hosting.Lifetime|Hosting environment: Development |url: |action: |Microsoft.Extensions.Hosting.Internal.ConsoleLifetime.OnApplicationStarted| body: 
2023-08-22 02:25:35.5524|0|INFO|Microsoft.Hosting.Lifetime|Content root path: C:\AProject\AppleStore\AppleStore |url: |action: |Microsoft.Extensions.Hosting.Internal.ApplicationLifetime.NotifyStarted| body: 
2023-08-22 02:25:37.5597|0|INFO|AppleStore.Service.Implementations.DeviceService|Все девайсы добавлены в кэш |url: https://localhost/|action: Catalog|AppleStore.Service.Implementations.DeviceService.GetDevices| body: 
2023-08-22 02:25:38.5378|0|INFO|AppleStore.Service.Implementations.DeviceService|Получение всех девайсов из кэша |url: https://localhost/|action: Catalog|AppleStore.Service.Implementations.DeviceService.GetDevices| body: 
2023-08-22 02:25:49.9421|0|INFO|Microsoft.Hosting.Lifetime|Application is shutting down... |url: |action: |Microsoft.Extensions.Hosting.Internal.ApplicationLifetime.StopApplication| body: 
2023-08-22 02:26:36.4537|0|INFO|Program|Инициализация программы |url: |action: |Program.<Main>$| body: 
2023-08-22 02:26:36.8474|0|INFO|Microsoft.Hosting.Lifetime|Application started. Press Ctrl+C to shut down. |url: |action: |Microsoft.Extensions.Hosting.Internal.ConsoleLifetime.OnApplicationStarted| body: 
2023-08-22 02:26:36.8474|0|INFO|Microsoft.Hosting.Lifetime|Hosting environment: Development |url: |action: |Microsoft.Extensions.Hosting.Internal.ConsoleLifetime.OnApplicationStarted| body: 
2023-08-22 02:26:36.8474|0|INFO|Microsoft.Hosting.Lifetime|Content root path: C:\AProject\AppleStore\AppleStore |url: |action: |Microsoft.Extensions.Hosting.Internal.ApplicationLifetime.NotifyStarted| body: 
2023-08-22 02:26:38.7227|0|INFO|AppleStore.Service.Implementations.DeviceService|Все девайсы добавлены в кэш |url: https://localhost/|action: Catalog|AppleStore.Service.Implementations.DeviceService.GetDevices| body: 
2023-08-22 02:26:39.6701|0|INFO|AppleStore.Service.Implementations.DeviceService|Получение всех девайсов из кэша |url: https://localhost/|action: Catalog|AppleStore.Service.Implementations.DeviceService.GetDevices| body: 
2023-08-22 02:26:47.4869|0|INFO|Microsoft.Hosting.Lifetime|Application is shutting down... |url: |action: |Microsoft.Extensions.Hosting.Internal.ApplicationLifetime.StopApplication| body: 
2023-08-22 02:29:43.5837|0|INFO|Program|Инициализация программы |url: |action: |Program.<Main>$| body: 
2023-08-22 02:29:43.9438|0|INFO|Microsoft.Hosting.Lifetime|Application started. Press Ctrl+C to shut down. |url: |action: |Microsoft.Extensions.Hosting.Internal.ConsoleLifetime.OnApplicationStarted| body: 
2023-08-22 02:29:43.9438|0|INFO|Microsoft.Hosting.Lifetime|Hosting environment: Development |url: |action: |Microsoft.Extensions.Hosting.Internal.ConsoleLifetime.OnApplicationStarted| body: 
2023-08-22 02:29:43.9438|0|INFO|Microsoft.Hosting.Lifetime|Content root path: C:\AProject\AppleStore\AppleStore |url: |action: |Microsoft.Extensions.Hosting.Internal.ApplicationLifetime.NotifyStarted| body: 
2023-08-22 02:29:46.0294|0|INFO|AppleStore.Service.Implementations.DeviceService|Все девайсы добавлены в кэш |url: https://localhost/|action: Catalog|AppleStore.Service.Implementations.DeviceService.GetDevices| body: 
2023-08-22 02:29:47.0400|0|INFO|AppleStore.Service.Implementations.DeviceService|Получение всех девайсов из кэша |url: https://localhost/|action: Catalog|AppleStore.Service.Implementations.DeviceService.GetDevices| body: 
2023-08-22 02:30:01.5562|0|INFO|Microsoft.Hosting.Lifetime|Application is shutting down... |url: |action: |Microsoft.Extensions.Hosting.Internal.ApplicationLifetime.StopApplication| body: 
2023-08-22 02:32:28.0180|0|INFO|Program|Инициализация программы |url: |action: |Program.<Main>$| body: 
2023-08-22 02:32:28.3841|0|INFO|Microsoft.Hosting.Lifetime|Application started. Press Ctrl+C to shut down. |url: |action: |Microsoft.Extensions.Hosting.Internal.ConsoleLifetime.OnApplicationStarted| body: 
2023-08-22 02:32:28.3841|0|INFO|Microsoft.Hosting.Lifetime|Hosting environment: Development |url: |action: |Microsoft.Extensions.Hosting.Internal.ConsoleLifetime.OnApplicationStarted| body: 
2023-08-22 02:32:28.3841|0|INFO|Microsoft.Hosting.Lifetime|Content root path: C:\AProject\AppleStore\AppleStore |url: |action: |Microsoft.Extensions.Hosting.Internal.ApplicationLifetime.NotifyStarted| body: 
2023-08-22 02:32:30.0113|0|INFO|AppleStore.Service.Implementations.DeviceService|Все девайсы добавлены в кэш |url: https://localhost/|action: Catalog|AppleStore.Service.Implementations.DeviceService.GetDevices| body: 
2023-08-22 02:32:31.0570|0|INFO|AppleStore.Service.Implementations.DeviceService|Получение всех девайсов из кэша |url: https://localhost/|action: Catalog|AppleStore.Service.Implementations.DeviceService.GetDevices| body: 
2023-08-22 02:32:32.7944|0|INFO|AppleStore.Controllers.Order.OrderController|Успешное получение Девайса из базы данных |url: https://localhost/Order/Details/-1/1|action: Details|AppleStore.Controllers.Order.OrderController.Details| body: 
2023-08-22 02:32:33.0911|0|INFO|AppleStore.Controllers.Order.OrderController|Успешное получение Девайса из базы данных |url: https://localhost/Order/Details/-1/1|action: Details|AppleStore.Controllers.Order.OrderController.Details| body: 
2023-08-22 02:32:34.7199|0|INFO|AppleStore.Controllers.Order.OrderController|Успешное получение Девайса из базы данных |url: https://localhost/Order/PlaceOrder/-1/1|action: PlaceOrder|AppleStore.Controllers.Order.OrderController.PlaceOrder| body: 
2023-08-22 02:32:35.0479|0|INFO|AppleStore.Controllers.Order.OrderController|Успешное получение Девайса из базы данных |url: https://localhost/Order/PlaceOrder/-1/1|action: PlaceOrder|AppleStore.Controllers.Order.OrderController.PlaceOrder| body: 
2023-08-22 02:32:42.8914|0|INFO|AppleStore.Service.Implementations.OrderService|Успешное создание заказа |url: https://localhost/Order/PlaceOrder/-1/1|action: PlaceOrder|AppleStore.Service.Implementations.OrderService.CreateOrder| body: 
2023-08-22 02:32:42.8914|0|INFO|AppleStore.Controllers.Order.OrderController|Успешное создание заказа |url: https://localhost/Order/PlaceOrder/-1/1|action: PlaceOrder|AppleStore.Controllers.Order.OrderController.PlaceOrder| body: 
2023-08-22 02:32:43.0152|0|INFO|AppleStore.Controllers.Order.OrderController|Успешное получение Девайса из базы данных |url: https://localhost/Order/PlaceOrder/-1/1|action: PlaceOrder|AppleStore.Controllers.Order.OrderController.PlaceOrder| body: 
2023-08-22 02:32:45.0238|0|INFO|AppleStore.Service.Implementations.DeviceService|Получение всех девайсов из кэша |url: https://localhost/|action: Catalog|AppleStore.Service.Implementations.DeviceService.GetDevices| body: 
2023-08-22 02:32:45.2291|0|INFO|AppleStore.Service.Implementations.DeviceService|Получение всех девайсов из кэша |url: https://localhost/|action: Catalog|AppleStore.Service.Implementations.DeviceService.GetDevices| body: 
2023-08-22 02:33:08.6445|0|INFO|Microsoft.Hosting.Lifetime|Application is shutting down... |url: |action: |Microsoft.Extensions.Hosting.Internal.ApplicationLifetime.StopApplication| body: 
2023-08-22 02:39:37.1701|0|INFO|Program|Инициализация программы |url: |action: |Program.<Main>$| body: 
2023-08-22 02:39:37.5301|0|INFO|Microsoft.Hosting.Lifetime|Application started. Press Ctrl+C to shut down. |url: |action: |Microsoft.Extensions.Hosting.Internal.ConsoleLifetime.OnApplicationStarted| body: 
2023-08-22 02:39:37.5301|0|INFO|Microsoft.Hosting.Lifetime|Hosting environment: Development |url: |action: |Microsoft.Extensions.Hosting.Internal.ConsoleLifetime.OnApplicationStarted| body: 
2023-08-22 02:39:37.5301|0|INFO|Microsoft.Hosting.Lifetime|Content root path: C:\AProject\AppleStore\AppleStore |url: |action: |Microsoft.Extensions.Hosting.Internal.ApplicationLifetime.NotifyStarted| body: 
2023-08-22 02:39:39.1734|0|INFO|AppleStore.Service.Implementations.DeviceService|Все девайсы добавлены в кэш |url: https://localhost/|action: Catalog|AppleStore.Service.Implementations.DeviceService.GetDevices| body: 
2023-08-22 02:39:40.0462|0|INFO|AppleStore.Service.Implementations.DeviceService|Получение всех девайсов из кэша |url: https://localhost/|action: Catalog|AppleStore.Service.Implementations.DeviceService.GetDevices| body: 
2023-08-22 02:41:05.0324|0|INFO|Microsoft.Hosting.Lifetime|Application is shutting down... |url: |action: |Microsoft.Extensions.Hosting.Internal.ApplicationLifetime.StopApplication| body: 
2023-08-22 02:41:16.8556|0|INFO|Program|Инициализация программы |url: |action: |Program.<Main>$| body: 
2023-08-22 02:41:17.2812|0|INFO|Microsoft.Hosting.Lifetime|Application started. Press Ctrl+C to shut down. |url: |action: |Microsoft.Extensions.Hosting.Internal.ConsoleLifetime.OnApplicationStarted| body: 
2023-08-22 02:41:17.2812|0|INFO|Microsoft.Hosting.Lifetime|Hosting environment: Development |url: |action: |Microsoft.Extensions.Hosting.Internal.ConsoleLifetime.OnApplicationStarted| body: 
2023-08-22 02:41:17.2812|0|INFO|Microsoft.Hosting.Lifetime|Content root path: C:\AProject\AppleStore\AppleStore |url: |action: |Microsoft.Extensions.Hosting.Internal.ApplicationLifetime.NotifyStarted| body: 
2023-08-22 02:41:19.2316|0|INFO|AppleStore.Service.Implementations.DeviceService|Все девайсы добавлены в кэш |url: https://localhost/|action: Catalog|AppleStore.Service.Implementations.DeviceService.GetDevices| body: 
2023-08-22 02:41:19.8862|0|INFO|AppleStore.Service.Implementations.DeviceService|Получение всех девайсов из кэша |url: https://localhost/|action: Catalog|AppleStore.Service.Implementations.DeviceService.GetDevices| body: 
2023-08-22 02:41:28.3652|0|ERROR|Microsoft.AspNetCore.Diagnostics.DeveloperExceptionPageMiddleware|An unhandled exception has occurred while executing the request. System.ArgumentNullException: Value cannot be null. (Parameter 'logger')
   at System.ThrowHelper.Throw(String paramName)
   at System.ThrowHelper.ThrowIfNull(Object argument, String paramName)
   at Microsoft.Extensions.Logging.LoggerExtensions.Log(ILogger logger, LogLevel logLevel, EventId eventId, Exception exception, String message, Object[] args)
   at Microsoft.Extensions.Logging.LoggerExtensions.Log(ILogger logger, LogLevel logLevel, String message, Object[] args)
   at Microsoft.Extensions.Logging.LoggerExtensions.LogInformation(ILogger logger, String message, Object[] args)
   at AppleStore.Controllers.Account.AccountController.Login(LoginViewModel model, String returnUrl) in C:\AProject\AppleStore\AppleStore\Controllers\Account\AccountController.cs:line 22
   at Microsoft.AspNetCore.Mvc.Infrastructure.ActionMethodExecutor.TaskOfIActionResultExecutor.Execute(ActionContext actionContext, IActionResultTypeMapper mapper, ObjectMethodExecutor executor, Object controller, Object[] arguments)
   at Microsoft.AspNetCore.Mvc.Infrastructure.ControllerActionInvoker.<InvokeActionMethodAsync>g__Logged|12_1(ControllerActionInvoker invoker)
   at Microsoft.AspNetCore.Mvc.Infrastructure.ControllerActionInvoker.<InvokeNextActionFilterAsync>g__Awaited|10_0(ControllerActionInvoker invoker, Task lastTask, State next, Scope scope, Object state, Boolean isCompleted)
   at Microsoft.AspNetCore.Mvc.Infrastructure.ControllerActionInvoker.Rethrow(ActionExecutedContextSealed context)
   at Microsoft.AspNetCore.Mvc.Infrastructure.ControllerActionInvoker.Next(State& next, Scope& scope, Object& state, Boolean& isCompleted)
   at Microsoft.AspNetCore.Mvc.Infrastructure.ControllerActionInvoker.InvokeInnerFilterAsync()
--- End of stack trace from previous location ---
   at Microsoft.AspNetCore.Mvc.Infrastructure.ResourceInvoker.<InvokeNextResourceFilter>g__Awaited|25_0(ResourceInvoker invoker, Task lastTask, State next, Scope scope, Object state, Boolean isCompleted)
   at Microsoft.AspNetCore.Mvc.Infrastructure.ResourceInvoker.Rethrow(ResourceExecutedContextSealed context)
   at Microsoft.AspNetCore.Mvc.Infrastructure.ResourceInvoker.Next(State& next, Scope& scope, Object& state, Boolean& isCompleted)
   at Microsoft.AspNetCore.Mvc.Infrastructure.ResourceInvoker.InvokeFilterPipelineAsync()
--- End of stack trace from previous location ---
   at Microsoft.AspNetCore.Mvc.Infrastructure.ResourceInvoker.<InvokeAsync>g__Logged|17_1(ResourceInvoker invoker)
   at Microsoft.AspNetCore.Mvc.Infrastructure.ResourceInvoker.<InvokeAsync>g__Logged|17_1(ResourceInvoker invoker)
   at Microsoft.AspNetCore.Routing.EndpointMiddleware.<Invoke>g__AwaitRequestTask|6_0(Endpoint endpoint, Task requestTask, ILogger logger)
   at Microsoft.AspNetCore.Authorization.AuthorizationMiddleware.Invoke(HttpContext context)
   at Microsoft.AspNetCore.Authentication.AuthenticationMiddleware.Invoke(HttpContext context)
   at Microsoft.AspNetCore.ResponseCompression.ResponseCompressionMiddleware.InvokeCore(HttpContext context)
   at Microsoft.AspNetCore.Diagnostics.DeveloperExceptionPageMiddlewareImpl.Invoke(HttpContext context)|url: https://localhost/Account/Login|action: Login|Microsoft.AspNetCore.Diagnostics.DeveloperExceptionPageMiddlewareImpl.Invoke| body: 
2023-08-22 02:42:09.9333|0|INFO|Microsoft.Hosting.Lifetime|Application is shutting down... |url: |action: |Microsoft.Extensions.Hosting.Internal.ApplicationLifetime.StopApplication| body: 
2023-08-22 02:42:21.5971|0|INFO|Program|Инициализация программы |url: |action: |Program.<Main>$| body: 
2023-08-22 02:42:21.9347|0|INFO|Microsoft.Hosting.Lifetime|Application started. Press Ctrl+C to shut down. |url: |action: |Microsoft.Extensions.Hosting.Internal.ConsoleLifetime.OnApplicationStarted| body: 
2023-08-22 02:42:21.9347|0|INFO|Microsoft.Hosting.Lifetime|Hosting environment: Development |url: |action: |Microsoft.Extensions.Hosting.Internal.ConsoleLifetime.OnApplicationStarted| body: 
2023-08-22 02:42:21.9347|0|INFO|Microsoft.Hosting.Lifetime|Content root path: C:\AProject\AppleStore\AppleStore |url: |action: |Microsoft.Extensions.Hosting.Internal.ApplicationLifetime.NotifyStarted| body: 
2023-08-22 02:42:23.7168|0|INFO|AppleStore.Service.Implementations.DeviceService|Все девайсы добавлены в кэш |url: https://localhost/|action: Catalog|AppleStore.Service.Implementations.DeviceService.GetDevices| body: 
2023-08-22 02:42:24.3326|0|INFO|AppleStore.Service.Implementations.DeviceService|Получение всех девайсов из кэша |url: https://localhost/|action: Catalog|AppleStore.Service.Implementations.DeviceService.GetDevices| body: 
2023-08-22 02:42:30.8474|0|INFO|AppleStore.Controllers.Account.AccountController|Хуйня дошла |url: https://localhost/Account/Login|action: Login|AppleStore.Controllers.Account.AccountController.Login| body: 
2023-08-22 02:42:30.8474|0|INFO|AppleStore.Controllers.Account.AccountController|Хуйня дошла |url: https://localhost/Account/Login|action: Login|AppleStore.Controllers.Account.AccountController.Login| body: 
2023-08-22 02:42:30.9018|0|INFO|AppleStore.Controllers.Account.AccountController|Хуйня дошла |url: https://localhost/Account/Login|action: Login|AppleStore.Controllers.Account.AccountController.Login| body: 
2023-08-22 02:43:37.7544|0|INFO|Microsoft.Hosting.Lifetime|Application is shutting down... |url: |action: |Microsoft.Extensions.Hosting.Internal.ApplicationLifetime.StopApplication| body: 
2023-08-22 02:43:49.7511|0|INFO|Program|Инициализация программы |url: |action: |Program.<Main>$| body: 
2023-08-22 02:43:50.3004|0|INFO|Microsoft.Hosting.Lifetime|Application started. Press Ctrl+C to shut down. |url: |action: |Microsoft.Extensions.Hosting.Internal.ConsoleLifetime.OnApplicationStarted| body: 
2023-08-22 02:43:50.3004|0|INFO|Microsoft.Hosting.Lifetime|Hosting environment: Development |url: |action: |Microsoft.Extensions.Hosting.Internal.ConsoleLifetime.OnApplicationStarted| body: 
2023-08-22 02:43:50.3004|0|INFO|Microsoft.Hosting.Lifetime|Content root path: C:\AProject\AppleStore\AppleStore |url: |action: |Microsoft.Extensions.Hosting.Internal.ApplicationLifetime.NotifyStarted| body: 
2023-08-22 02:43:52.4164|0|INFO|AppleStore.Service.Implementations.DeviceService|Все девайсы добавлены в кэш |url: https://localhost/|action: Catalog|AppleStore.Service.Implementations.DeviceService.GetDevices| body: 
2023-08-22 02:43:53.0237|0|INFO|AppleStore.Service.Implementations.DeviceService|Получение всех девайсов из кэша |url: https://localhost/|action: Catalog|AppleStore.Service.Implementations.DeviceService.GetDevices| body: 
2023-08-22 02:44:02.5305|0|INFO|AppleStore.Controllers.Account.AccountController|Хуйня дошла |url: https://localhost/Account/Login|action: Login|AppleStore.Controllers.Account.AccountController.Login| body: 
2023-08-22 02:46:34.6009|0|INFO|Microsoft.Hosting.Lifetime|Application is shutting down... |url: |action: |Microsoft.Extensions.Hosting.Internal.ApplicationLifetime.StopApplication| body: 
2023-08-22 02:47:29.5436|0|INFO|Program|Инициализация программы |url: |action: |Program.<Main>$| body: 
2023-08-22 02:47:29.9105|0|INFO|Microsoft.Hosting.Lifetime|Application started. Press Ctrl+C to shut down. |url: |action: |Microsoft.Extensions.Hosting.Internal.ConsoleLifetime.OnApplicationStarted| body: 
2023-08-22 02:47:29.9105|0|INFO|Microsoft.Hosting.Lifetime|Hosting environment: Development |url: |action: |Microsoft.Extensions.Hosting.Internal.ConsoleLifetime.OnApplicationStarted| body: 
2023-08-22 02:47:29.9105|0|INFO|Microsoft.Hosting.Lifetime|Content root path: C:\AProject\AppleStore\AppleStore |url: |action: |Microsoft.Extensions.Hosting.Internal.ApplicationLifetime.NotifyStarted| body: 
2023-08-22 02:47:31.8237|0|INFO|AppleStore.Service.Implementations.DeviceService|Все девайсы добавлены в кэш |url: https://localhost/|action: Catalog|AppleStore.Service.Implementations.DeviceService.GetDevices| body: 
2023-08-22 02:47:32.1693|0|INFO|AppleStore.Service.Implementations.DeviceService|Получение всех девайсов из кэша |url: https://localhost/|action: Catalog|AppleStore.Service.Implementations.DeviceService.GetDevices| body: 
2023-08-22 02:47:40.3389|0|INFO|AppleStore.Controllers.Account.AccountController|Хуйня дошла |url: https://localhost/Account/Login|action: Login|AppleStore.Controllers.Account.AccountController.Login| body: 
2023-08-22 02:48:36.6171|0|INFO|Microsoft.Hosting.Lifetime|Application is shutting down... |url: |action: |Microsoft.Extensions.Hosting.Internal.ApplicationLifetime.StopApplication| body: 
2023-08-22 02:48:49.5078|0|INFO|Program|Инициализация программы |url: |action: |Program.<Main>$| body: 
2023-08-22 02:48:49.8846|0|INFO|Microsoft.Hosting.Lifetime|Application started. Press Ctrl+C to shut down. |url: |action: |Microsoft.Extensions.Hosting.Internal.ConsoleLifetime.OnApplicationStarted| body: 
2023-08-22 02:48:49.8846|0|INFO|Microsoft.Hosting.Lifetime|Hosting environment: Development |url: |action: |Microsoft.Extensions.Hosting.Internal.ConsoleLifetime.OnApplicationStarted| body: 
2023-08-22 02:48:49.8846|0|INFO|Microsoft.Hosting.Lifetime|Content root path: C:\AProject\AppleStore\AppleStore |url: |action: |Microsoft.Extensions.Hosting.Internal.ApplicationLifetime.NotifyStarted| body: 
2023-08-22 02:48:51.7985|0|INFO|AppleStore.Service.Implementations.DeviceService|Все девайсы добавлены в кэш |url: https://localhost/|action: Catalog|AppleStore.Service.Implementations.DeviceService.GetDevices| body: 
2023-08-22 02:48:52.5199|0|INFO|AppleStore.Service.Implementations.DeviceService|Получение всех девайсов из кэша |url: https://localhost/|action: Catalog|AppleStore.Service.Implementations.DeviceService.GetDevices| body: 
2023-08-22 02:49:05.6651|0|INFO|AppleStore.Controllers.Account.AccountController|Хуйня дошла |url: https://localhost/Account/Login|action: Login|AppleStore.Controllers.Account.AccountController.Login| body: 
2023-08-22 02:52:02.7721|0|INFO|Microsoft.Hosting.Lifetime|Application is shutting down... |url: |action: |Microsoft.Extensions.Hosting.Internal.ApplicationLifetime.StopApplication| body: 
2023-08-22 02:52:14.9945|0|INFO|Program|Инициализация программы |url: |action: |Program.<Main>$| body: 
2023-08-22 02:52:15.4054|0|INFO|Microsoft.Hosting.Lifetime|Application started. Press Ctrl+C to shut down. |url: |action: |Microsoft.Extensions.Hosting.Internal.ConsoleLifetime.OnApplicationStarted| body: 
2023-08-22 02:52:15.4085|0|INFO|Microsoft.Hosting.Lifetime|Hosting environment: Development |url: |action: |Microsoft.Extensions.Hosting.Internal.ConsoleLifetime.OnApplicationStarted| body: 
2023-08-22 02:52:15.4085|0|INFO|Microsoft.Hosting.Lifetime|Content root path: C:\AProject\AppleStore\AppleStore |url: |action: |Microsoft.Extensions.Hosting.Internal.ApplicationLifetime.NotifyStarted| body: 
2023-08-22 02:52:17.4301|0|INFO|AppleStore.Service.Implementations.DeviceService|Все девайсы добавлены в кэш |url: https://localhost/|action: Catalog|AppleStore.Service.Implementations.DeviceService.GetDevices| body: 
2023-08-22 02:52:18.1934|0|INFO|AppleStore.Service.Implementations.DeviceService|Получение всех девайсов из кэша |url: https://localhost/|action: Catalog|AppleStore.Service.Implementations.DeviceService.GetDevices| body: 
2023-08-22 02:53:20.0556|0|INFO|Microsoft.Hosting.Lifetime|Application is shutting down... |url: |action: |Microsoft.Extensions.Hosting.Internal.ApplicationLifetime.StopApplication| body: 
2023-08-22 02:53:31.8635|0|INFO|Program|Инициализация программы |url: |action: |Program.<Main>$| body: 
2023-08-22 02:53:32.2213|0|INFO|Microsoft.Hosting.Lifetime|Application started. Press Ctrl+C to shut down. |url: |action: |Microsoft.Extensions.Hosting.Internal.ConsoleLifetime.OnApplicationStarted| body: 
2023-08-22 02:53:32.2213|0|INFO|Microsoft.Hosting.Lifetime|Hosting environment: Development |url: |action: |Microsoft.Extensions.Hosting.Internal.ConsoleLifetime.OnApplicationStarted| body: 
2023-08-22 02:53:32.2213|0|INFO|Microsoft.Hosting.Lifetime|Content root path: C:\AProject\AppleStore\AppleStore |url: |action: |Microsoft.Extensions.Hosting.Internal.ApplicationLifetime.NotifyStarted| body: 
2023-08-22 02:53:34.3084|0|INFO|AppleStore.Service.Implementations.DeviceService|Все девайсы добавлены в кэш |url: https://localhost/|action: Catalog|AppleStore.Service.Implementations.DeviceService.GetDevices| body: 
2023-08-22 02:53:35.1092|0|INFO|AppleStore.Service.Implementations.DeviceService|Получение всех девайсов из кэша |url: https://localhost/|action: Catalog|AppleStore.Service.Implementations.DeviceService.GetDevices| body: 
2023-08-22 02:53:41.0312|0|INFO|AppleStore.Controllers.Account.AccountController|Хуйня дошла |url: https://localhost/Account/Login|action: Login|AppleStore.Controllers.Account.AccountController.Login| body: 
2023-08-22 02:53:41.0312|0|INFO|AppleStore.Controllers.Account.AccountController|Все норм |url: https://localhost/Account/Login|action: Login|AppleStore.Controllers.Account.AccountController.Login| body: 
2023-08-22 02:53:41.3064|0|INFO|AppleStore.Controllers.Account.AccountController|Все не норм |url: https://localhost/Account/Login|action: Login|AppleStore.Controllers.Account.AccountController.Login| body: 
2023-08-22 02:54:56.0775|0|INFO|Microsoft.Hosting.Lifetime|Application is shutting down... |url: |action: |Microsoft.Extensions.Hosting.Internal.ApplicationLifetime.StopApplication| body: 
2023-08-22 02:55:07.9087|0|INFO|Program|Инициализация программы |url: |action: |Program.<Main>$| body: 
2023-08-22 02:55:08.2515|0|INFO|Microsoft.Hosting.Lifetime|Application started. Press Ctrl+C to shut down. |url: |action: |Microsoft.Extensions.Hosting.Internal.ConsoleLifetime.OnApplicationStarted| body: 
2023-08-22 02:55:08.2515|0|INFO|Microsoft.Hosting.Lifetime|Hosting environment: Development |url: |action: |Microsoft.Extensions.Hosting.Internal.ConsoleLifetime.OnApplicationStarted| body: 
2023-08-22 02:55:08.2515|0|INFO|Microsoft.Hosting.Lifetime|Content root path: C:\AProject\AppleStore\AppleStore |url: |action: |Microsoft.Extensions.Hosting.Internal.ApplicationLifetime.NotifyStarted| body: 
2023-08-22 02:55:09.9012|0|INFO|AppleStore.Service.Implementations.DeviceService|Все девайсы добавлены в кэш |url: https://localhost/|action: Catalog|AppleStore.Service.Implementations.DeviceService.GetDevices| body: 
2023-08-22 02:55:10.5013|0|INFO|AppleStore.Service.Implementations.DeviceService|Получение всех девайсов из кэша |url: https://localhost/|action: Catalog|AppleStore.Service.Implementations.DeviceService.GetDevices| body: 
2023-08-22 02:55:17.6918|0|INFO|AppleStore.Controllers.Account.AccountController|Хуйня дошла |url: https://localhost/Account/Login|action: Login|AppleStore.Controllers.Account.AccountController.Login| body: 
2023-08-22 02:55:17.6918|0|INFO|AppleStore.Controllers.Account.AccountController|Все норм |url: https://localhost/Account/Login|action: Login|AppleStore.Controllers.Account.AccountController.Login| body: 
2023-08-22 02:55:17.9563|0|INFO|AppleStore.Controllers.Account.AccountController|Все не норм |url: https://localhost/Account/Login|action: Login|AppleStore.Controllers.Account.AccountController.Login| body: 
2023-08-22 02:59:57.9485|0|INFO|Microsoft.Hosting.Lifetime|Application is shutting down... |url: |action: |Microsoft.Extensions.Hosting.Internal.ApplicationLifetime.StopApplication| body: 
2023-08-22 03:11:03.4199|0|INFO|Program|Инициализация программы |url: |action: |Program.<Main>$| body: 
2023-08-22 03:11:03.7738|0|INFO|Microsoft.Hosting.Lifetime|Application started. Press Ctrl+C to shut down. |url: |action: |Microsoft.Extensions.Hosting.Internal.ConsoleLifetime.OnApplicationStarted| body: 
2023-08-22 03:11:03.7738|0|INFO|Microsoft.Hosting.Lifetime|Hosting environment: Development |url: |action: |Microsoft.Extensions.Hosting.Internal.ConsoleLifetime.OnApplicationStarted| body: 
2023-08-22 03:11:03.7738|0|INFO|Microsoft.Hosting.Lifetime|Content root path: C:\AProject\AppleStore\AppleStore |url: |action: |Microsoft.Extensions.Hosting.Internal.ApplicationLifetime.NotifyStarted| body: 
2023-08-22 03:11:05.2389|0|INFO|AppleStore.Service.Implementations.DeviceService|Все девайсы добавлены в кэш |url: https://localhost/|action: Catalog|AppleStore.Service.Implementations.DeviceService.GetDevices| body: 
2023-08-22 03:11:06.2182|0|INFO|AppleStore.Service.Implementations.DeviceService|Получение всех девайсов из кэша |url: https://localhost/|action: Catalog|AppleStore.Service.Implementations.DeviceService.GetDevices| body: 
2023-08-22 03:11:13.8381|0|INFO|AppleStore.Controllers.Account.AccountController|Хуйня дошла |url: https://localhost/Account/Login|action: Login|AppleStore.Controllers.Account.AccountController.Login| body: 
2023-08-22 03:11:13.8381|0|INFO|AppleStore.Controllers.Account.AccountController|Все норм |url: https://localhost/Account/Login|action: Login|AppleStore.Controllers.Account.AccountController.Login| body: 
2023-08-22 03:11:14.1067|0|INFO|AppleStore.Controllers.Account.AccountController|Все не норм |url: https://localhost/Account/Login|action: Login|AppleStore.Controllers.Account.AccountController.Login| body: 
2023-08-22 03:11:21.9182|0|ERROR|Microsoft.AspNetCore.Diagnostics.DeveloperExceptionPageMiddleware|An unhandled exception has occurred while executing the request. Microsoft.AspNetCore.Routing.Matching.AmbiguousMatchException: The request matched multiple endpoints. Matches: 

AppleStore.Controllers.Account.AccountController.Register (AppleStore)
AppleStore.Controllers.Account.AccountController.Register (AppleStore)
   at Microsoft.AspNetCore.Routing.Matching.DefaultEndpointSelector.ReportAmbiguity(CandidateState[] candidateState)
   at Microsoft.AspNetCore.Routing.Matching.DefaultEndpointSelector.ProcessFinalCandidates(HttpContext httpContext, CandidateState[] candidateState)
   at Microsoft.AspNetCore.Routing.Matching.DfaMatcher.MatchAsync(HttpContext httpContext)
   at Microsoft.AspNetCore.Routing.EndpointRoutingMiddleware.Invoke(HttpContext httpContext)
   at Microsoft.AspNetCore.StaticFiles.StaticFileMiddleware.Invoke(HttpContext context)
   at Microsoft.AspNetCore.HttpsPolicy.HttpsRedirectionMiddleware.Invoke(HttpContext context)
   at Microsoft.AspNetCore.ResponseCompression.ResponseCompressionMiddleware.InvokeCore(HttpContext context)
   at Microsoft.AspNetCore.Diagnostics.DeveloperExceptionPageMiddlewareImpl.Invoke(HttpContext context)|url: https://localhost/Account/Register|action: |Microsoft.AspNetCore.Diagnostics.DeveloperExceptionPageMiddlewareImpl.Invoke| body: 
2023-08-22 03:11:22.0945|0|ERROR|Microsoft.AspNetCore.Diagnostics.DeveloperExceptionPageMiddleware|An unhandled exception has occurred while executing the request. Microsoft.AspNetCore.Routing.Matching.AmbiguousMatchException: The request matched multiple endpoints. Matches: 

AppleStore.Controllers.Account.AccountController.Register (AppleStore)
AppleStore.Controllers.Account.AccountController.Register (AppleStore)
   at Microsoft.AspNetCore.Routing.Matching.DefaultEndpointSelector.ReportAmbiguity(CandidateState[] candidateState)
   at Microsoft.AspNetCore.Routing.Matching.DefaultEndpointSelector.ProcessFinalCandidates(HttpContext httpContext, CandidateState[] candidateState)
   at Microsoft.AspNetCore.Routing.Matching.DfaMatcher.MatchAsync(HttpContext httpContext)
   at Microsoft.AspNetCore.Routing.EndpointRoutingMiddleware.Invoke(HttpContext httpContext)
   at Microsoft.AspNetCore.StaticFiles.StaticFileMiddleware.Invoke(HttpContext context)
   at Microsoft.AspNetCore.HttpsPolicy.HttpsRedirectionMiddleware.Invoke(HttpContext context)
   at Microsoft.AspNetCore.ResponseCompression.ResponseCompressionMiddleware.InvokeCore(HttpContext context)
   at Microsoft.AspNetCore.Diagnostics.DeveloperExceptionPageMiddlewareImpl.Invoke(HttpContext context)|url: https://localhost/Account/Register|action: |Microsoft.AspNetCore.Diagnostics.DeveloperExceptionPageMiddlewareImpl.Invoke| body: 
2023-08-22 03:12:17.6259|0|INFO|Microsoft.Hosting.Lifetime|Application is shutting down... |url: |action: |Microsoft.Extensions.Hosting.Internal.ApplicationLifetime.StopApplication| body: 
2023-08-22 03:13:07.8371|0|INFO|Program|Инициализация программы |url: |action: |Program.<Main>$| body: 
2023-08-22 03:13:08.1529|0|INFO|Microsoft.Hosting.Lifetime|Application started. Press Ctrl+C to shut down. |url: |action: |Microsoft.Extensions.Hosting.Internal.ConsoleLifetime.OnApplicationStarted| body: 
2023-08-22 03:13:08.1529|0|INFO|Microsoft.Hosting.Lifetime|Hosting environment: Development |url: |action: |Microsoft.Extensions.Hosting.Internal.ConsoleLifetime.OnApplicationStarted| body: 
2023-08-22 03:13:08.1529|0|INFO|Microsoft.Hosting.Lifetime|Content root path: C:\AProject\AppleStore\AppleStore |url: |action: |Microsoft.Extensions.Hosting.Internal.ApplicationLifetime.NotifyStarted| body: 
2023-08-22 03:13:09.7959|0|INFO|AppleStore.Service.Implementations.DeviceService|Все девайсы добавлены в кэш |url: https://localhost/|action: Catalog|AppleStore.Service.Implementations.DeviceService.GetDevices| body: 
2023-08-22 03:13:10.4956|0|INFO|AppleStore.Service.Implementations.DeviceService|Получение всех девайсов из кэша |url: https://localhost/|action: Catalog|AppleStore.Service.Implementations.DeviceService.GetDevices| body: 
2023-08-22 03:13:11.6957|0|ERROR|Microsoft.AspNetCore.Diagnostics.DeveloperExceptionPageMiddleware|An unhandled exception has occurred while executing the request. Microsoft.AspNetCore.Routing.Matching.AmbiguousMatchException: The request matched multiple endpoints. Matches: 

AppleStore.Controllers.Account.AccountController.Register (AppleStore)
AppleStore.Controllers.Account.AccountController.Register (AppleStore)
   at Microsoft.AspNetCore.Routing.Matching.DefaultEndpointSelector.ReportAmbiguity(CandidateState[] candidateState)
   at Microsoft.AspNetCore.Routing.Matching.DefaultEndpointSelector.ProcessFinalCandidates(HttpContext httpContext, CandidateState[] candidateState)
   at Microsoft.AspNetCore.Routing.Matching.DfaMatcher.MatchAsync(HttpContext httpContext)
   at Microsoft.AspNetCore.Routing.EndpointRoutingMiddleware.Invoke(HttpContext httpContext)
   at Microsoft.AspNetCore.StaticFiles.StaticFileMiddleware.Invoke(HttpContext context)
   at Microsoft.AspNetCore.HttpsPolicy.HttpsRedirectionMiddleware.Invoke(HttpContext context)
   at Microsoft.AspNetCore.ResponseCompression.ResponseCompressionMiddleware.InvokeCore(HttpContext context)
   at Microsoft.AspNetCore.Diagnostics.DeveloperExceptionPageMiddlewareImpl.Invoke(HttpContext context)|url: https://localhost/Account/Register|action: |Microsoft.AspNetCore.Diagnostics.DeveloperExceptionPageMiddlewareImpl.Invoke| body: 
2023-08-22 03:13:11.8973|0|ERROR|Microsoft.AspNetCore.Diagnostics.DeveloperExceptionPageMiddleware|An unhandled exception has occurred while executing the request. Microsoft.AspNetCore.Routing.Matching.AmbiguousMatchException: The request matched multiple endpoints. Matches: 

AppleStore.Controllers.Account.AccountController.Register (AppleStore)
AppleStore.Controllers.Account.AccountController.Register (AppleStore)
   at Microsoft.AspNetCore.Routing.Matching.DefaultEndpointSelector.ReportAmbiguity(CandidateState[] candidateState)
   at Microsoft.AspNetCore.Routing.Matching.DefaultEndpointSelector.ProcessFinalCandidates(HttpContext httpContext, CandidateState[] candidateState)
   at Microsoft.AspNetCore.Routing.Matching.DfaMatcher.MatchAsync(HttpContext httpContext)
   at Microsoft.AspNetCore.Routing.EndpointRoutingMiddleware.Invoke(HttpContext httpContext)
   at Microsoft.AspNetCore.StaticFiles.StaticFileMiddleware.Invoke(HttpContext context)
   at Microsoft.AspNetCore.HttpsPolicy.HttpsRedirectionMiddleware.Invoke(HttpContext context)
   at Microsoft.AspNetCore.ResponseCompression.ResponseCompressionMiddleware.InvokeCore(HttpContext context)
   at Microsoft.AspNetCore.Diagnostics.DeveloperExceptionPageMiddlewareImpl.Invoke(HttpContext context)|url: https://localhost/Account/Register|action: |Microsoft.AspNetCore.Diagnostics.DeveloperExceptionPageMiddlewareImpl.Invoke| body: 
2023-08-22 03:16:26.8496|0|INFO|Microsoft.Hosting.Lifetime|Application is shutting down... |url: |action: |Microsoft.Extensions.Hosting.Internal.ApplicationLifetime.StopApplication| body: 
2023-08-22 03:16:38.7770|0|INFO|Program|Инициализация программы |url: |action: |Program.<Main>$| body: 
2023-08-22 03:16:39.1253|0|INFO|Microsoft.Hosting.Lifetime|Application started. Press Ctrl+C to shut down. |url: |action: |Microsoft.Extensions.Hosting.Internal.ConsoleLifetime.OnApplicationStarted| body: 
2023-08-22 03:16:39.1253|0|INFO|Microsoft.Hosting.Lifetime|Hosting environment: Development |url: |action: |Microsoft.Extensions.Hosting.Internal.ConsoleLifetime.OnApplicationStarted| body: 
2023-08-22 03:16:39.1253|0|INFO|Microsoft.Hosting.Lifetime|Content root path: C:\AProject\AppleStore\AppleStore |url: |action: |Microsoft.Extensions.Hosting.Internal.ApplicationLifetime.NotifyStarted| body: 
2023-08-22 03:16:41.1641|0|INFO|AppleStore.Service.Implementations.DeviceService|Все девайсы добавлены в кэш |url: https://localhost/|action: Catalog|AppleStore.Service.Implementations.DeviceService.GetDevices| body: 
2023-08-22 03:16:41.8289|0|INFO|AppleStore.Service.Implementations.DeviceService|Получение всех девайсов из кэша |url: https://localhost/|action: Catalog|AppleStore.Service.Implementations.DeviceService.GetDevices| body: 
2023-08-22 03:16:47.7951|0|INFO|AppleStore.Controllers.Account.AccountController|По кайфу |url: https://localhost/Account/Register|action: Register|AppleStore.Controllers.Account.AccountController.Register| body: 
2023-08-22 03:16:48.3740|0|INFO|AppleStore.Service.Implementations.DeviceService|Получение всех девайсов из кэша |url: https://localhost/|action: Catalog|AppleStore.Service.Implementations.DeviceService.GetDevices| body: 
2023-08-22 03:16:48.5929|0|INFO|AppleStore.Service.Implementations.DeviceService|Получение всех девайсов из кэша |url: https://localhost/|action: Catalog|AppleStore.Service.Implementations.DeviceService.GetDevices| body: 
2023-08-22 03:16:55.4629|0|INFO|AppleStore.Controllers.Account.AccountController|Хуйня дошла |url: https://localhost/Account/Login|action: Login|AppleStore.Controllers.Account.AccountController.Login| body: 
2023-08-22 03:16:55.4629|0|INFO|AppleStore.Controllers.Account.AccountController|Все норм |url: https://localhost/Account/Login|action: Login|AppleStore.Controllers.Account.AccountController.Login| body: 
2023-08-22 03:16:55.4629|0|INFO|AppleStore.Controllers.Account.AccountController|Все не норм |url: https://localhost/Account/Login|action: Login|AppleStore.Controllers.Account.AccountController.Login| body: 
2023-08-22 03:20:05.2010|0|INFO|Microsoft.Hosting.Lifetime|Application is shutting down... |url: |action: |Microsoft.Extensions.Hosting.Internal.ApplicationLifetime.StopApplication| body: 
2023-08-22 03:20:53.7070|0|INFO|Program|Инициализация программы |url: |action: |Program.<Main>$| body: 
2023-08-22 03:20:54.0798|0|INFO|Microsoft.Hosting.Lifetime|Application started. Press Ctrl+C to shut down. |url: |action: |Microsoft.Extensions.Hosting.Internal.ConsoleLifetime.OnApplicationStarted| body: 
2023-08-22 03:20:54.0798|0|INFO|Microsoft.Hosting.Lifetime|Hosting environment: Development |url: |action: |Microsoft.Extensions.Hosting.Internal.ConsoleLifetime.OnApplicationStarted| body: 
2023-08-22 03:20:54.0798|0|INFO|Microsoft.Hosting.Lifetime|Content root path: C:\AProject\AppleStore\AppleStore |url: |action: |Microsoft.Extensions.Hosting.Internal.ApplicationLifetime.NotifyStarted| body: 
2023-08-22 03:20:56.0137|0|INFO|AppleStore.Service.Implementations.DeviceService|Все девайсы добавлены в кэш |url: https://localhost/|action: Catalog|AppleStore.Service.Implementations.DeviceService.GetDevices| body: 
2023-08-22 03:20:56.6306|0|INFO|AppleStore.Service.Implementations.DeviceService|Получение всех девайсов из кэша |url: https://localhost/|action: Catalog|AppleStore.Service.Implementations.DeviceService.GetDevices| body: 
2023-08-22 03:21:12.4320|0|INFO|AppleStore.Controllers.Account.AccountController|Хуйня дошла |url: https://localhost/Account/Login|action: Login|AppleStore.Controllers.Account.AccountController.Login| body: 
2023-08-22 03:21:12.4320|0|INFO|AppleStore.Controllers.Account.AccountController|Все норм |url: https://localhost/Account/Login|action: Login|AppleStore.Controllers.Account.AccountController.Login| body: 
2023-08-22 03:21:12.6892|0|INFO|AppleStore.Controllers.Account.AccountController|Все не норм |url: https://localhost/Account/Login|action: Login|AppleStore.Controllers.Account.AccountController.Login| body: 
2023-08-22 03:21:23.4640|0|INFO|AppleStore.Controllers.Account.AccountController|По кайфу |url: https://localhost/Account/Register|action: Register|AppleStore.Controllers.Account.AccountController.Register| body: 
2023-08-22 03:21:24.5298|0|INFO|AppleStore.Service.Implementations.DeviceService|Получение всех девайсов из кэша |url: https://localhost/|action: Catalog|AppleStore.Service.Implementations.DeviceService.GetDevices| body: 
2023-08-22 03:21:24.7450|0|INFO|AppleStore.Service.Implementations.DeviceService|Получение всех девайсов из кэша |url: https://localhost/|action: Catalog|AppleStore.Service.Implementations.DeviceService.GetDevices| body: 
2023-08-22 03:21:30.4348|0|INFO|AppleStore.Controllers.Account.AccountController|Хуйня дошла |url: https://localhost/Account/Login|action: Login|AppleStore.Controllers.Account.AccountController.Login| body: 
2023-08-22 03:21:30.4348|0|INFO|AppleStore.Controllers.Account.AccountController|Все норм |url: https://localhost/Account/Login|action: Login|AppleStore.Controllers.Account.AccountController.Login| body: 
2023-08-22 03:21:30.4348|0|INFO|AppleStore.Controllers.Account.AccountController|Все не норм |url: https://localhost/Account/Login|action: Login|AppleStore.Controllers.Account.AccountController.Login| body: 
2023-08-22 03:21:32.6968|0|INFO|AppleStore.Service.Implementations.DeviceService|Получение всех девайсов из кэша |url: https://localhost/Device/Catalog/-1|action: Catalog|AppleStore.Service.Implementations.DeviceService.GetDevices| body: 
2023-08-22 03:21:32.9559|0|INFO|AppleStore.Service.Implementations.DeviceService|Получение всех девайсов из кэша |url: https://localhost/Device/Catalog/-1|action: Catalog|AppleStore.Service.Implementations.DeviceService.GetDevices| body: 
2023-08-22 03:23:47.0589|0|INFO|Microsoft.Hosting.Lifetime|Application is shutting down... |url: |action: |Microsoft.Extensions.Hosting.Internal.ApplicationLifetime.StopApplication| body: 
2023-08-22 03:23:58.8022|0|INFO|Program|Инициализация программы |url: |action: |Program.<Main>$| body: 
2023-08-22 03:23:59.1656|0|INFO|Microsoft.Hosting.Lifetime|Application started. Press Ctrl+C to shut down. |url: |action: |Microsoft.Extensions.Hosting.Internal.ConsoleLifetime.OnApplicationStarted| body: 
2023-08-22 03:23:59.1656|0|INFO|Microsoft.Hosting.Lifetime|Hosting environment: Development |url: |action: |Microsoft.Extensions.Hosting.Internal.ConsoleLifetime.OnApplicationStarted| body: 
2023-08-22 03:23:59.1656|0|INFO|Microsoft.Hosting.Lifetime|Content root path: C:\AProject\AppleStore\AppleStore |url: |action: |Microsoft.Extensions.Hosting.Internal.ApplicationLifetime.NotifyStarted| body: 
2023-08-22 03:24:01.1864|0|INFO|AppleStore.Service.Implementations.DeviceService|Все девайсы добавлены в кэш |url: https://localhost/|action: Catalog|AppleStore.Service.Implementations.DeviceService.GetDevices| body: 
2023-08-22 03:24:04.3888|0|INFO|Microsoft.Hosting.Lifetime|Application is shutting down... |url: |action: |Microsoft.Extensions.Hosting.Internal.ApplicationLifetime.StopApplication| body: 
2023-08-22 03:24:11.4734|0|INFO|Program|Инициализация программы |url: |action: |Program.<Main>$| body: 
2023-08-22 03:24:11.8214|0|INFO|Microsoft.Hosting.Lifetime|Application started. Press Ctrl+C to shut down. |url: |action: |Microsoft.Extensions.Hosting.Internal.ConsoleLifetime.OnApplicationStarted| body: 
2023-08-22 03:24:11.8235|0|INFO|Microsoft.Hosting.Lifetime|Hosting environment: Development |url: |action: |Microsoft.Extensions.Hosting.Internal.ConsoleLifetime.OnApplicationStarted| body: 
2023-08-22 03:24:11.8235|0|INFO|Microsoft.Hosting.Lifetime|Content root path: C:\AProject\AppleStore\AppleStore |url: |action: |Microsoft.Extensions.Hosting.Internal.ApplicationLifetime.NotifyStarted| body: 
2023-08-22 03:24:12.6340|0|INFO|Microsoft.Hosting.Lifetime|Application is shutting down... |url: |action: |Microsoft.Extensions.Hosting.Internal.ApplicationLifetime.StopApplication| body: 
2023-08-22 03:24:40.0939|0|INFO|Program|Инициализация программы |url: |action: |Program.<Main>$| body: 
2023-08-22 03:24:40.5409|0|INFO|Microsoft.Hosting.Lifetime|Application started. Press Ctrl+C to shut down. |url: |action: |Microsoft.Extensions.Hosting.Internal.ConsoleLifetime.OnApplicationStarted| body: 
2023-08-22 03:24:40.5409|0|INFO|Microsoft.Hosting.Lifetime|Hosting environment: Development |url: |action: |Microsoft.Extensions.Hosting.Internal.ConsoleLifetime.OnApplicationStarted| body: 
2023-08-22 03:24:40.5409|0|INFO|Microsoft.Hosting.Lifetime|Content root path: C:\AProject\AppleStore\AppleStore |url: |action: |Microsoft.Extensions.Hosting.Internal.ApplicationLifetime.NotifyStarted| body: 
2023-08-22 03:24:42.3128|0|INFO|AppleStore.Service.Implementations.DeviceService|Все девайсы добавлены в кэш |url: https://localhost/|action: Catalog|AppleStore.Service.Implementations.DeviceService.GetDevices| body: 
2023-08-22 03:24:42.7972|0|INFO|AppleStore.Service.Implementations.DeviceService|Получение всех девайсов из кэша |url: https://localhost/|action: Catalog|AppleStore.Service.Implementations.DeviceService.GetDevices| body: 
2023-08-22 03:24:49.3291|0|INFO|AppleStore.Controllers.Account.AccountController|По кайфу |url: https://localhost/Account/Register|action: Register|AppleStore.Controllers.Account.AccountController.Register| body: 
2023-08-22 03:26:16.7158|0|INFO|Microsoft.Hosting.Lifetime|Application is shutting down... |url: |action: |Microsoft.Extensions.Hosting.Internal.ApplicationLifetime.StopApplication| body: 
2023-08-22 03:26:30.9080|0|INFO|Program|Инициализация программы |url: |action: |Program.<Main>$| body: 
2023-08-22 03:26:31.3429|0|INFO|Microsoft.Hosting.Lifetime|Application started. Press Ctrl+C to shut down. |url: |action: |Microsoft.Extensions.Hosting.Internal.ConsoleLifetime.OnApplicationStarted| body: 
2023-08-22 03:26:31.3429|0|INFO|Microsoft.Hosting.Lifetime|Hosting environment: Development |url: |action: |Microsoft.Extensions.Hosting.Internal.ConsoleLifetime.OnApplicationStarted| body: 
2023-08-22 03:26:31.3429|0|INFO|Microsoft.Hosting.Lifetime|Content root path: C:\AProject\AppleStore\AppleStore |url: |action: |Microsoft.Extensions.Hosting.Internal.ApplicationLifetime.NotifyStarted| body: 
2023-08-22 03:26:33.0775|0|INFO|AppleStore.Service.Implementations.DeviceService|Все девайсы добавлены в кэш |url: https://localhost/|action: Catalog|AppleStore.Service.Implementations.DeviceService.GetDevices| body: 
2023-08-22 03:26:33.4210|0|INFO|AppleStore.Service.Implementations.DeviceService|Получение всех девайсов из кэша |url: https://localhost/|action: Catalog|AppleStore.Service.Implementations.DeviceService.GetDevices| body: 
2023-08-22 03:26:41.3399|0|INFO|AppleStore.Controllers.Account.AccountController|По кайфу |url: https://localhost/Account/Register|action: Register|AppleStore.Controllers.Account.AccountController.Register| body: 
2023-08-22 03:27:24.2761|0|INFO|AppleStore.Service.Implementations.DeviceService|Получение всех девайсов из кэша |url: https://localhost/Device/Catalog/-1|action: Catalog|AppleStore.Service.Implementations.DeviceService.GetDevices| body: 
2023-08-22 03:27:24.5768|0|INFO|AppleStore.Service.Implementations.DeviceService|Получение всех девайсов из кэша |url: https://localhost/Device/Catalog/-1|action: Catalog|AppleStore.Service.Implementations.DeviceService.GetDevices| body: 
2023-08-22 03:27:30.1215|0|INFO|AppleStore.Controllers.Account.AccountController|По кайфу |url: https://localhost/Account/Register|action: Register|AppleStore.Controllers.Account.AccountController.Register| body: 
2023-08-22 03:27:34.8583|0|INFO|Microsoft.Hosting.Lifetime|Application is shutting down... |url: |action: |Microsoft.Extensions.Hosting.Internal.ApplicationLifetime.StopApplication| body: 
2023-08-22 03:27:45.5156|0|INFO|Program|Инициализация программы |url: |action: |Program.<Main>$| body: 
2023-08-22 03:27:45.9269|0|INFO|Microsoft.Hosting.Lifetime|Application started. Press Ctrl+C to shut down. |url: |action: |Microsoft.Extensions.Hosting.Internal.ConsoleLifetime.OnApplicationStarted| body: 
2023-08-22 03:27:45.9269|0|INFO|Microsoft.Hosting.Lifetime|Hosting environment: Development |url: |action: |Microsoft.Extensions.Hosting.Internal.ConsoleLifetime.OnApplicationStarted| body: 
2023-08-22 03:27:45.9269|0|INFO|Microsoft.Hosting.Lifetime|Content root path: C:\AProject\AppleStore\AppleStore |url: |action: |Microsoft.Extensions.Hosting.Internal.ApplicationLifetime.NotifyStarted| body: 
2023-08-22 03:27:47.9519|0|INFO|AppleStore.Service.Implementations.DeviceService|Все девайсы добавлены в кэш |url: https://localhost/|action: Catalog|AppleStore.Service.Implementations.DeviceService.GetDevices| body: 
2023-08-22 03:27:48.5501|0|INFO|AppleStore.Service.Implementations.DeviceService|Получение всех девайсов из кэша |url: https://localhost/|action: Catalog|AppleStore.Service.Implementations.DeviceService.GetDevices| body: 
2023-08-22 03:28:12.4123|0|INFO|AppleStore.Controllers.Account.AccountController|По кайфу |url: https://localhost/Account/Register|action: Register|AppleStore.Controllers.Account.AccountController.Register| body: 
2023-08-22 03:28:13.1886|0|INFO|AppleStore.Controllers.Account.AccountController|Зареган |url: https://localhost/Account/Register|action: Register|AppleStore.Controllers.Account.AccountController.Register| body: 
2023-08-22 03:28:13.5104|0|INFO|AppleStore.Service.Implementations.DeviceService|Получение всех девайсов из кэша |url: https://localhost/|action: Catalog|AppleStore.Service.Implementations.DeviceService.GetDevices| body: 
2023-08-22 03:28:13.7269|0|INFO|AppleStore.Service.Implementations.DeviceService|Получение всех девайсов из кэша |url: https://localhost/|action: Catalog|AppleStore.Service.Implementations.DeviceService.GetDevices| body: 
2023-08-22 03:28:33.7819|0|INFO|AppleStore.Controllers.Account.AccountController|Хуйня дошла |url: https://localhost/Account/Login|action: Login|AppleStore.Controllers.Account.AccountController.Login| body: 
2023-08-22 03:28:33.7819|0|INFO|AppleStore.Controllers.Account.AccountController|Все норм |url: https://localhost/Account/Login|action: Login|AppleStore.Controllers.Account.AccountController.Login| body: 
2023-08-22 03:28:34.2269|0|INFO|AppleStore.Service.Implementations.DeviceService|Получение всех девайсов из кэша |url: https://localhost/|action: Catalog|AppleStore.Service.Implementations.DeviceService.GetDevices| body: 
2023-08-22 03:28:34.4038|0|INFO|AppleStore.Service.Implementations.DeviceService|Получение всех девайсов из кэша |url: https://localhost/|action: Catalog|AppleStore.Service.Implementations.DeviceService.GetDevices| body: 
2023-08-22 03:29:13.6809|0|INFO|AppleStore.Service.Implementations.DeviceService|Получение всех девайсов из кэша |url: https://localhost/Device/Catalog/-1|action: Catalog|AppleStore.Service.Implementations.DeviceService.GetDevices| body: 
2023-08-22 03:29:13.9298|0|INFO|AppleStore.Service.Implementations.DeviceService|Получение всех девайсов из кэша |url: https://localhost/Device/Catalog/-1|action: Catalog|AppleStore.Service.Implementations.DeviceService.GetDevices| body: 
2023-08-22 03:29:18.8360|0|INFO|Microsoft.Hosting.Lifetime|Application is shutting down... |url: |action: |Microsoft.Extensions.Hosting.Internal.ApplicationLifetime.StopApplication| body: 
2023-08-22 03:29:33.7218|0|INFO|Program|Инициализация программы |url: |action: |Program.<Main>$| body: 
2023-08-22 03:29:34.1168|0|INFO|Microsoft.Hosting.Lifetime|Application started. Press Ctrl+C to shut down. |url: |action: |Microsoft.Extensions.Hosting.Internal.ConsoleLifetime.OnApplicationStarted| body: 
2023-08-22 03:29:34.1168|0|INFO|Microsoft.Hosting.Lifetime|Hosting environment: Development |url: |action: |Microsoft.Extensions.Hosting.Internal.ConsoleLifetime.OnApplicationStarted| body: 
2023-08-22 03:29:34.1168|0|INFO|Microsoft.Hosting.Lifetime|Content root path: C:\AProject\AppleStore\AppleStore |url: |action: |Microsoft.Extensions.Hosting.Internal.ApplicationLifetime.NotifyStarted| body: 
2023-08-22 03:29:36.2452|0|INFO|AppleStore.Service.Implementations.DeviceService|Все девайсы добавлены в кэш |url: https://localhost/|action: Catalog|AppleStore.Service.Implementations.DeviceService.GetDevices| body: 
2023-08-22 03:29:36.6806|0|INFO|AppleStore.Service.Implementations.DeviceService|Получение всех девайсов из кэша |url: https://localhost/|action: Catalog|AppleStore.Service.Implementations.DeviceService.GetDevices| body: 
2023-08-22 03:29:46.3998|0|INFO|AppleStore.Service.Implementations.DeviceService|Получение всех девайсов из кэша |url: https://localhost/Device/Catalog/-1|action: Catalog|AppleStore.Service.Implementations.DeviceService.GetDevices| body: 
2023-08-22 03:29:46.6519|0|INFO|AppleStore.Service.Implementations.DeviceService|Получение всех девайсов из кэша |url: https://localhost/Device/Catalog/-1|action: Catalog|AppleStore.Service.Implementations.DeviceService.GetDevices| body: 
2023-08-22 03:29:54.6481|0|INFO|Microsoft.Hosting.Lifetime|Application is shutting down... |url: |action: |Microsoft.Extensions.Hosting.Internal.ApplicationLifetime.StopApplication| body: 
