2023-08-10 00:43:57.2584|0|INFO|Program|Инициализация программы |url: |action: |Program.<Main>$| body: 
2023-08-10 00:43:57.5779|0|INFO|Microsoft.Hosting.Lifetime|Application started. Press Ctrl+C to shut down. |url: |action: |Microsoft.Extensions.Hosting.Internal.ConsoleLifetime.OnApplicationStarted| body: 
2023-08-10 00:43:57.5779|0|INFO|Microsoft.Hosting.Lifetime|Hosting environment: Development |url: |action: |Microsoft.Extensions.Hosting.Internal.ConsoleLifetime.OnApplicationStarted| body: 
2023-08-10 00:43:57.5779|0|INFO|Microsoft.Hosting.Lifetime|Content root path: C:\AProject\AppleStore\AppleStore |url: |action: |Microsoft.Extensions.Hosting.Internal.ApplicationLifetime.NotifyStarted| body: 
2023-08-10 00:43:58.8795|0|ERROR|Microsoft.AspNetCore.Diagnostics.DeveloperExceptionPageMiddleware|An unhandled exception has occurred while executing the request. System.ArgumentNullException: Value cannot be null. (Parameter 'source')
   at System.Linq.ThrowHelper.ThrowArgumentNullException(ExceptionArgument argument)
   at System.Linq.Enumerable.Any[TSource](IEnumerable`1 source)
   at AppleStore.Controllers.Device.DeviceController.Catalog(Int32 type) in C:\AProject\AppleStore\AppleStore\Controllers\Device\DeviceController.cs:line 94
   at Microsoft.AspNetCore.Mvc.Infrastructure.ActionMethodExecutor.TaskOfIActionResultExecutor.Execute(ActionContext actionContext, IActionResultTypeMapper mapper, ObjectMethodExecutor executor, Object controller, Object[] arguments)
   at Microsoft.AspNetCore.Mvc.Infrastructure.ControllerActionInvoker.<InvokeActionMethodAsync>g__Logged|12_1(ControllerActionInvoker invoker)
   at Microsoft.AspNetCore.Mvc.Infrastructure.ControllerActionInvoker.<InvokeNextActionFilterAsync>g__Awaited|10_0(ControllerActionInvoker invoker, Task lastTask, State next, Scope scope, Object state, Boolean isCompleted)
   at Microsoft.AspNetCore.Mvc.Infrastructure.ControllerActionInvoker.Rethrow(ActionExecutedContextSealed context)
   at Microsoft.AspNetCore.Mvc.Infrastructure.ControllerActionInvoker.Next(State& next, Scope& scope, Object& state, Boolean& isCompleted)
   at Microsoft.AspNetCore.Mvc.Infrastructure.ControllerActionInvoker.InvokeInnerFilterAsync()
--- End of stack trace from previous location ---
   at Microsoft.AspNetCore.Mvc.Infrastructure.ResourceInvoker.<InvokeNextResourceFilter>g__Awaited|25_0(ResourceInvoker invoker, Task lastTask, State next, Scope scope, Object state, Boolean isCompleted)
   at Microsoft.AspNetCore.Mvc.Infrastructure.ResourceInvoker.Rethrow(ResourceExecutedContextSealed context)
   at Microsoft.AspNetCore.Mvc.Infrastructure.ResourceInvoker.Next(State& next, Scope& scope, Object& state, Boolean& isCompleted)
   at Microsoft.AspNetCore.Mvc.Infrastructure.ResourceInvoker.InvokeFilterPipelineAsync()
--- End of stack trace from previous location ---
   at Microsoft.AspNetCore.Mvc.Infrastructure.ResourceInvoker.<InvokeAsync>g__Logged|17_1(ResourceInvoker invoker)
   at Microsoft.AspNetCore.Mvc.Infrastructure.ResourceInvoker.<InvokeAsync>g__Logged|17_1(ResourceInvoker invoker)
   at Microsoft.AspNetCore.Routing.EndpointMiddleware.<Invoke>g__AwaitRequestTask|6_0(Endpoint endpoint, Task requestTask, ILogger logger)
   at Microsoft.AspNetCore.Authorization.AuthorizationMiddleware.Invoke(HttpContext context)
   at Microsoft.AspNetCore.ResponseCompression.ResponseCompressionMiddleware.InvokeCore(HttpContext context)
   at Microsoft.AspNetCore.Authentication.AuthenticationMiddleware.Invoke(HttpContext context)
   at Microsoft.AspNetCore.Diagnostics.DeveloperExceptionPageMiddlewareImpl.Invoke(HttpContext context)|url: https://localhost/|action: Catalog|Microsoft.AspNetCore.Diagnostics.DeveloperExceptionPageMiddlewareImpl.Invoke| body: 
2023-08-10 00:43:59.7757|0|ERROR|Microsoft.AspNetCore.Diagnostics.DeveloperExceptionPageMiddleware|An unhandled exception has occurred while executing the request. System.ArgumentNullException: Value cannot be null. (Parameter 'source')
   at System.Linq.ThrowHelper.ThrowArgumentNullException(ExceptionArgument argument)
   at System.Linq.Enumerable.Any[TSource](IEnumerable`1 source)
   at AppleStore.Controllers.Device.DeviceController.Catalog(Int32 type) in C:\AProject\AppleStore\AppleStore\Controllers\Device\DeviceController.cs:line 94
   at Microsoft.AspNetCore.Mvc.Infrastructure.ActionMethodExecutor.TaskOfIActionResultExecutor.Execute(ActionContext actionContext, IActionResultTypeMapper mapper, ObjectMethodExecutor executor, Object controller, Object[] arguments)
   at Microsoft.AspNetCore.Mvc.Infrastructure.ControllerActionInvoker.<InvokeActionMethodAsync>g__Logged|12_1(ControllerActionInvoker invoker)
   at Microsoft.AspNetCore.Mvc.Infrastructure.ControllerActionInvoker.<InvokeNextActionFilterAsync>g__Awaited|10_0(ControllerActionInvoker invoker, Task lastTask, State next, Scope scope, Object state, Boolean isCompleted)
   at Microsoft.AspNetCore.Mvc.Infrastructure.ControllerActionInvoker.Rethrow(ActionExecutedContextSealed context)
   at Microsoft.AspNetCore.Mvc.Infrastructure.ControllerActionInvoker.Next(State& next, Scope& scope, Object& state, Boolean& isCompleted)
   at Microsoft.AspNetCore.Mvc.Infrastructure.ControllerActionInvoker.InvokeInnerFilterAsync()
--- End of stack trace from previous location ---
   at Microsoft.AspNetCore.Mvc.Infrastructure.ResourceInvoker.<InvokeNextResourceFilter>g__Awaited|25_0(ResourceInvoker invoker, Task lastTask, State next, Scope scope, Object state, Boolean isCompleted)
   at Microsoft.AspNetCore.Mvc.Infrastructure.ResourceInvoker.Rethrow(ResourceExecutedContextSealed context)
   at Microsoft.AspNetCore.Mvc.Infrastructure.ResourceInvoker.Next(State& next, Scope& scope, Object& state, Boolean& isCompleted)
   at Microsoft.AspNetCore.Mvc.Infrastructure.ResourceInvoker.InvokeFilterPipelineAsync()
--- End of stack trace from previous location ---
   at Microsoft.AspNetCore.Mvc.Infrastructure.ResourceInvoker.<InvokeAsync>g__Logged|17_1(ResourceInvoker invoker)
   at Microsoft.AspNetCore.Mvc.Infrastructure.ResourceInvoker.<InvokeAsync>g__Logged|17_1(ResourceInvoker invoker)
   at Microsoft.AspNetCore.Routing.EndpointMiddleware.<Invoke>g__AwaitRequestTask|6_0(Endpoint endpoint, Task requestTask, ILogger logger)
   at Microsoft.AspNetCore.Authorization.AuthorizationMiddleware.Invoke(HttpContext context)
   at Microsoft.AspNetCore.ResponseCompression.ResponseCompressionMiddleware.InvokeCore(HttpContext context)
   at Microsoft.AspNetCore.Authentication.AuthenticationMiddleware.Invoke(HttpContext context)
   at Microsoft.AspNetCore.Diagnostics.DeveloperExceptionPageMiddlewareImpl.Invoke(HttpContext context)|url: https://localhost/|action: Catalog|Microsoft.AspNetCore.Diagnostics.DeveloperExceptionPageMiddlewareImpl.Invoke| body: 
2023-08-10 00:44:07.0684|0|INFO|Microsoft.Hosting.Lifetime|Application is shutting down... |url: |action: |Microsoft.Extensions.Hosting.Internal.ApplicationLifetime.StopApplication| body: 
2023-08-10 00:44:40.3429|0|INFO|Program|Инициализация программы |url: |action: |Program.<Main>$| body: 
2023-08-10 00:44:40.6343|0|INFO|Microsoft.Hosting.Lifetime|Application started. Press Ctrl+C to shut down. |url: |action: |Microsoft.Extensions.Hosting.Internal.ConsoleLifetime.OnApplicationStarted| body: 
2023-08-10 00:44:40.6343|0|INFO|Microsoft.Hosting.Lifetime|Hosting environment: Development |url: |action: |Microsoft.Extensions.Hosting.Internal.ConsoleLifetime.OnApplicationStarted| body: 
2023-08-10 00:44:40.6343|0|INFO|Microsoft.Hosting.Lifetime|Content root path: C:\AProject\AppleStore\AppleStore |url: |action: |Microsoft.Extensions.Hosting.Internal.ApplicationLifetime.NotifyStarted| body: 
2023-08-10 00:44:41.8574|0|INFO|AppleStore.Service.Implementations.DeviceService|Успешное получение девайсов |url: https://localhost/|action: Catalog|AppleStore.Service.Implementations.DeviceService.GetDevices| body: 
2023-08-10 00:44:41.8711|0|INFO|AppleStore.Controllers.Device.DeviceController|Все девайсы добавлены в кэш |url: https://localhost/|action: Catalog|AppleStore.Controllers.Device.DeviceController.Catalog| body: 
2023-08-10 00:44:41.9204|0|ERROR|Microsoft.AspNetCore.Diagnostics.DeveloperExceptionPageMiddleware|An unhandled exception has occurred while executing the request. System.NullReferenceException: Object reference not set to an instance of an object.
   at AspNetCoreGeneratedDocument.Views_Device_Catalog.<ExecuteAsync>b__7_0() in C:\AProject\AppleStore\AppleStore\Views\Device\Catalog.cshtml:line 14
   at Microsoft.AspNetCore.Razor.Runtime.TagHelpers.TagHelperExecutionContext.SetOutputContentAsync()
   at AspNetCoreGeneratedDocument.Views_Device_Catalog.ExecuteAsync()
   at Microsoft.AspNetCore.Mvc.Razor.RazorView.RenderPageCoreAsync(IRazorPage page, ViewContext context)
   at Microsoft.AspNetCore.Mvc.Razor.RazorView.RenderPageAsync(IRazorPage page, ViewContext context, Boolean invokeViewStarts)
   at Microsoft.AspNetCore.Mvc.Razor.RazorView.RenderAsync(ViewContext context)
   at Microsoft.AspNetCore.Mvc.ViewFeatures.ViewExecutor.ExecuteAsync(ViewContext viewContext, String contentType, Nullable`1 statusCode)
   at Microsoft.AspNetCore.Mvc.ViewFeatures.ViewExecutor.ExecuteAsync(ViewContext viewContext, String contentType, Nullable`1 statusCode)
   at Microsoft.AspNetCore.Mvc.ViewFeatures.ViewExecutor.ExecuteAsync(ActionContext actionContext, IView view, ViewDataDictionary viewData, ITempDataDictionary tempData, String contentType, Nullable`1 statusCode)
   at Microsoft.AspNetCore.Mvc.ViewFeatures.ViewResultExecutor.ExecuteAsync(ActionContext context, ViewResult result)
   at Microsoft.AspNetCore.Mvc.ViewResult.ExecuteResultAsync(ActionContext context)
   at Microsoft.AspNetCore.Mvc.Infrastructure.ResourceInvoker.<InvokeResultAsync>g__Logged|22_0(ResourceInvoker invoker, IActionResult result)
   at Microsoft.AspNetCore.Mvc.Infrastructure.ResourceInvoker.<InvokeNextResultFilterAsync>g__Awaited|30_0[TFilter,TFilterAsync](ResourceInvoker invoker, Task lastTask, State next, Scope scope, Object state, Boolean isCompleted)
   at Microsoft.AspNetCore.Mvc.Infrastructure.ResourceInvoker.Rethrow(ResultExecutedContextSealed context)
   at Microsoft.AspNetCore.Mvc.Infrastructure.ResourceInvoker.ResultNext[TFilter,TFilterAsync](State& next, Scope& scope, Object& state, Boolean& isCompleted)
   at Microsoft.AspNetCore.Mvc.Infrastructure.ResourceInvoker.InvokeResultFilters()
--- End of stack trace from previous location ---
   at Microsoft.AspNetCore.Mvc.Infrastructure.ResourceInvoker.<InvokeNextResourceFilter>g__Awaited|25_0(ResourceInvoker invoker, Task lastTask, State next, Scope scope, Object state, Boolean isCompleted)
   at Microsoft.AspNetCore.Mvc.Infrastructure.ResourceInvoker.Rethrow(ResourceExecutedContextSealed context)
   at Microsoft.AspNetCore.Mvc.Infrastructure.ResourceInvoker.Next(State& next, Scope& scope, Object& state, Boolean& isCompleted)
   at Microsoft.AspNetCore.Mvc.Infrastructure.ResourceInvoker.<InvokeFilterPipelineAsync>g__Awaited|20_0(ResourceInvoker invoker, Task lastTask, State next, Scope scope, Object state, Boolean isCompleted)
   at Microsoft.AspNetCore.Mvc.Infrastructure.ResourceInvoker.<InvokeAsync>g__Logged|17_1(ResourceInvoker invoker)
   at Microsoft.AspNetCore.Mvc.Infrastructure.ResourceInvoker.<InvokeAsync>g__Logged|17_1(ResourceInvoker invoker)
   at Microsoft.AspNetCore.Routing.EndpointMiddleware.<Invoke>g__AwaitRequestTask|6_0(Endpoint endpoint, Task requestTask, ILogger logger)
   at Microsoft.AspNetCore.Authorization.AuthorizationMiddleware.Invoke(HttpContext context)
   at Microsoft.AspNetCore.ResponseCompression.ResponseCompressionMiddleware.InvokeCore(HttpContext context)
   at Microsoft.AspNetCore.Authentication.AuthenticationMiddleware.Invoke(HttpContext context)
   at Microsoft.AspNetCore.Diagnostics.DeveloperExceptionPageMiddlewareImpl.Invoke(HttpContext context)|url: https://localhost/|action: Catalog|Microsoft.AspNetCore.Diagnostics.DeveloperExceptionPageMiddlewareImpl.Invoke| body: 
2023-08-10 00:44:53.4883|0|INFO|Microsoft.Hosting.Lifetime|Application is shutting down... |url: |action: |Microsoft.Extensions.Hosting.Internal.ApplicationLifetime.StopApplication| body: 
2023-08-10 00:47:40.4593|0|INFO|Program|Инициализация программы |url: |action: |Program.<Main>$| body: 
2023-08-10 00:47:40.7492|0|INFO|Microsoft.Hosting.Lifetime|Application started. Press Ctrl+C to shut down. |url: |action: |Microsoft.Extensions.Hosting.Internal.ConsoleLifetime.OnApplicationStarted| body: 
2023-08-10 00:47:40.7492|0|INFO|Microsoft.Hosting.Lifetime|Hosting environment: Development |url: |action: |Microsoft.Extensions.Hosting.Internal.ConsoleLifetime.OnApplicationStarted| body: 
2023-08-10 00:47:40.7492|0|INFO|Microsoft.Hosting.Lifetime|Content root path: C:\AProject\AppleStore\AppleStore |url: |action: |Microsoft.Extensions.Hosting.Internal.ApplicationLifetime.NotifyStarted| body: 
2023-08-10 00:47:42.0053|0|INFO|AppleStore.Service.Implementations.DeviceService|Успешное получение девайсов |url: https://localhost/|action: Catalog|AppleStore.Service.Implementations.DeviceService.GetDevices| body: 
2023-08-10 00:47:42.0053|0|INFO|AppleStore.Controllers.Device.DeviceController|Все девайсы добавлены в кэш |url: https://localhost/|action: Catalog|AppleStore.Controllers.Device.DeviceController.Catalog| body: 
2023-08-10 00:47:42.0525|0|ERROR|Microsoft.AspNetCore.Diagnostics.DeveloperExceptionPageMiddleware|An unhandled exception has occurred while executing the request. System.NullReferenceException: Object reference not set to an instance of an object.
   at AspNetCoreGeneratedDocument.Views_Device_Catalog.<ExecuteAsync>b__7_0() in C:\AProject\AppleStore\AppleStore\Views\Device\Catalog.cshtml:line 14
   at Microsoft.AspNetCore.Razor.Runtime.TagHelpers.TagHelperExecutionContext.SetOutputContentAsync()
   at AspNetCoreGeneratedDocument.Views_Device_Catalog.ExecuteAsync()
   at Microsoft.AspNetCore.Mvc.Razor.RazorView.RenderPageCoreAsync(IRazorPage page, ViewContext context)
   at Microsoft.AspNetCore.Mvc.Razor.RazorView.RenderPageAsync(IRazorPage page, ViewContext context, Boolean invokeViewStarts)
   at Microsoft.AspNetCore.Mvc.Razor.RazorView.RenderAsync(ViewContext context)
   at Microsoft.AspNetCore.Mvc.ViewFeatures.ViewExecutor.ExecuteAsync(ViewContext viewContext, String contentType, Nullable`1 statusCode)
   at Microsoft.AspNetCore.Mvc.ViewFeatures.ViewExecutor.ExecuteAsync(ViewContext viewContext, String contentType, Nullable`1 statusCode)
   at Microsoft.AspNetCore.Mvc.ViewFeatures.ViewExecutor.ExecuteAsync(ActionContext actionContext, IView view, ViewDataDictionary viewData, ITempDataDictionary tempData, String contentType, Nullable`1 statusCode)
   at Microsoft.AspNetCore.Mvc.ViewFeatures.ViewResultExecutor.ExecuteAsync(ActionContext context, ViewResult result)
   at Microsoft.AspNetCore.Mvc.ViewResult.ExecuteResultAsync(ActionContext context)
   at Microsoft.AspNetCore.Mvc.Infrastructure.ResourceInvoker.<InvokeResultAsync>g__Logged|22_0(ResourceInvoker invoker, IActionResult result)
   at Microsoft.AspNetCore.Mvc.Infrastructure.ResourceInvoker.<InvokeNextResultFilterAsync>g__Awaited|30_0[TFilter,TFilterAsync](ResourceInvoker invoker, Task lastTask, State next, Scope scope, Object state, Boolean isCompleted)
   at Microsoft.AspNetCore.Mvc.Infrastructure.ResourceInvoker.Rethrow(ResultExecutedContextSealed context)
   at Microsoft.AspNetCore.Mvc.Infrastructure.ResourceInvoker.ResultNext[TFilter,TFilterAsync](State& next, Scope& scope, Object& state, Boolean& isCompleted)
   at Microsoft.AspNetCore.Mvc.Infrastructure.ResourceInvoker.InvokeResultFilters()
--- End of stack trace from previous location ---
   at Microsoft.AspNetCore.Mvc.Infrastructure.ResourceInvoker.<InvokeNextResourceFilter>g__Awaited|25_0(ResourceInvoker invoker, Task lastTask, State next, Scope scope, Object state, Boolean isCompleted)
   at Microsoft.AspNetCore.Mvc.Infrastructure.ResourceInvoker.Rethrow(ResourceExecutedContextSealed context)
   at Microsoft.AspNetCore.Mvc.Infrastructure.ResourceInvoker.Next(State& next, Scope& scope, Object& state, Boolean& isCompleted)
   at Microsoft.AspNetCore.Mvc.Infrastructure.ResourceInvoker.<InvokeFilterPipelineAsync>g__Awaited|20_0(ResourceInvoker invoker, Task lastTask, State next, Scope scope, Object state, Boolean isCompleted)
   at Microsoft.AspNetCore.Mvc.Infrastructure.ResourceInvoker.<InvokeAsync>g__Logged|17_1(ResourceInvoker invoker)
   at Microsoft.AspNetCore.Mvc.Infrastructure.ResourceInvoker.<InvokeAsync>g__Logged|17_1(ResourceInvoker invoker)
   at Microsoft.AspNetCore.Routing.EndpointMiddleware.<Invoke>g__AwaitRequestTask|6_0(Endpoint endpoint, Task requestTask, ILogger logger)
   at Microsoft.AspNetCore.Authorization.AuthorizationMiddleware.Invoke(HttpContext context)
   at Microsoft.AspNetCore.ResponseCompression.ResponseCompressionMiddleware.InvokeCore(HttpContext context)
   at Microsoft.AspNetCore.Authentication.AuthenticationMiddleware.Invoke(HttpContext context)
   at Microsoft.AspNetCore.Diagnostics.DeveloperExceptionPageMiddlewareImpl.Invoke(HttpContext context)|url: https://localhost/|action: Catalog|Microsoft.AspNetCore.Diagnostics.DeveloperExceptionPageMiddlewareImpl.Invoke| body: 
2023-08-10 00:47:48.0455|0|INFO|Microsoft.Hosting.Lifetime|Application is shutting down... |url: |action: |Microsoft.Extensions.Hosting.Internal.ApplicationLifetime.StopApplication| body: 
2023-08-10 00:50:03.3258|0|INFO|Program|Инициализация программы |url: |action: |Program.<Main>$| body: 
2023-08-10 00:50:03.6928|0|INFO|Microsoft.Hosting.Lifetime|Application started. Press Ctrl+C to shut down. |url: |action: |Microsoft.Extensions.Hosting.Internal.ConsoleLifetime.OnApplicationStarted| body: 
2023-08-10 00:50:03.6928|0|INFO|Microsoft.Hosting.Lifetime|Hosting environment: Development |url: |action: |Microsoft.Extensions.Hosting.Internal.ConsoleLifetime.OnApplicationStarted| body: 
2023-08-10 00:50:03.6928|0|INFO|Microsoft.Hosting.Lifetime|Content root path: C:\AProject\AppleStore\AppleStore |url: |action: |Microsoft.Extensions.Hosting.Internal.ApplicationLifetime.NotifyStarted| body: 
2023-08-10 00:50:05.1335|0|INFO|AppleStore.Service.Implementations.DeviceService|Успешное получение девайсов |url: https://localhost/|action: Catalog|AppleStore.Service.Implementations.DeviceService.GetDevices| body: 
2023-08-10 00:50:05.1488|0|INFO|AppleStore.Controllers.Device.DeviceController|Все девайсы добавлены в кэш |url: https://localhost/|action: Catalog|AppleStore.Controllers.Device.DeviceController.Catalog| body: 
2023-08-10 00:50:17.2188|0|INFO|Microsoft.Hosting.Lifetime|Application is shutting down... |url: |action: |Microsoft.Extensions.Hosting.Internal.ApplicationLifetime.StopApplication| body: 
2023-08-10 00:56:10.8239|0|INFO|Program|Инициализация программы |url: |action: |Program.<Main>$| body: 
2023-08-10 00:56:11.1199|0|INFO|Microsoft.Hosting.Lifetime|Application started. Press Ctrl+C to shut down. |url: |action: |Microsoft.Extensions.Hosting.Internal.ConsoleLifetime.OnApplicationStarted| body: 
2023-08-10 00:56:11.1199|0|INFO|Microsoft.Hosting.Lifetime|Hosting environment: Development |url: |action: |Microsoft.Extensions.Hosting.Internal.ConsoleLifetime.OnApplicationStarted| body: 
2023-08-10 00:56:11.1199|0|INFO|Microsoft.Hosting.Lifetime|Content root path: C:\AProject\AppleStore\AppleStore |url: |action: |Microsoft.Extensions.Hosting.Internal.ApplicationLifetime.NotifyStarted| body: 
2023-08-10 00:56:12.2290|0|INFO|AppleStore.Controllers.Device.DeviceController|Попытка получения всех девайсов из кэша |url: https://localhost/|action: Catalog|AppleStore.Controllers.Device.DeviceController.Catalog| body: 
2023-08-10 00:56:12.4778|0|INFO|AppleStore.Service.Implementations.DeviceService|Успешное получение девайсов |url: https://localhost/|action: Catalog|AppleStore.Service.Implementations.DeviceService.GetDevices| body: 
2023-08-10 00:56:12.4778|0|INFO|AppleStore.Controllers.Device.DeviceController|Все девайсы добавлены в кэш |url: https://localhost/|action: Catalog|AppleStore.Controllers.Device.DeviceController.Catalog| body: 
2023-08-10 00:56:13.2244|0|INFO|AppleStore.Controllers.Device.DeviceController|Попытка получения всех девайсов из кэша |url: https://localhost/|action: Catalog|AppleStore.Controllers.Device.DeviceController.Catalog| body: 
2023-08-10 00:56:15.7203|0|INFO|AppleStore.Controllers.Device.DeviceController|Попытка получения всех девайсов из кэша |url: https://localhost/Device/Catalog/0|action: Catalog|AppleStore.Controllers.Device.DeviceController.Catalog| body: 
2023-08-10 00:56:15.8682|0|INFO|AppleStore.Controllers.Device.DeviceController|Попытка получения всех девайсов из кэша |url: https://localhost/Device/Catalog/0|action: Catalog|AppleStore.Controllers.Device.DeviceController.Catalog| body: 
2023-08-10 00:56:18.6605|0|INFO|AppleStore.Controllers.Device.DeviceController|Попытка получения всех девайсов из кэша |url: https://localhost/Device/Catalog/2|action: Catalog|AppleStore.Controllers.Device.DeviceController.Catalog| body: 
2023-08-10 00:56:18.8753|0|INFO|AppleStore.Controllers.Device.DeviceController|Попытка получения всех девайсов из кэша |url: https://localhost/Device/Catalog/2|action: Catalog|AppleStore.Controllers.Device.DeviceController.Catalog| body: 
2023-08-10 00:56:19.6862|0|INFO|AppleStore.Controllers.Device.DeviceController|Попытка получения всех девайсов из кэша |url: https://localhost/Device/Catalog/3|action: Catalog|AppleStore.Controllers.Device.DeviceController.Catalog| body: 
2023-08-10 00:56:19.8606|0|INFO|AppleStore.Controllers.Device.DeviceController|Попытка получения всех девайсов из кэша |url: https://localhost/Device/Catalog/3|action: Catalog|AppleStore.Controllers.Device.DeviceController.Catalog| body: 
2023-08-10 00:56:21.3171|0|INFO|AppleStore.Controllers.Device.DeviceController|Попытка получения всех девайсов из кэша |url: https://localhost/Device/Catalog/0|action: Catalog|AppleStore.Controllers.Device.DeviceController.Catalog| body: 
2023-08-10 00:56:21.5316|0|INFO|AppleStore.Controllers.Device.DeviceController|Попытка получения всех девайсов из кэша |url: https://localhost/Device/Catalog/0|action: Catalog|AppleStore.Controllers.Device.DeviceController.Catalog| body: 
2023-08-10 00:56:22.1274|0|INFO|AppleStore.Controllers.Device.DeviceController|Попытка получения всех девайсов из кэша |url: https://localhost/Device/Catalog/1|action: Catalog|AppleStore.Controllers.Device.DeviceController.Catalog| body: 
2023-08-10 00:56:22.4174|0|INFO|AppleStore.Controllers.Device.DeviceController|Попытка получения всех девайсов из кэша |url: https://localhost/Device/Catalog/1|action: Catalog|AppleStore.Controllers.Device.DeviceController.Catalog| body: 
2023-08-10 00:56:23.7749|0|INFO|AppleStore.Controllers.Device.DeviceController|Попытка получения всех девайсов из кэша |url: https://localhost/Device/Catalog/0|action: Catalog|AppleStore.Controllers.Device.DeviceController.Catalog| body: 
2023-08-10 00:56:23.9300|0|INFO|AppleStore.Controllers.Device.DeviceController|Попытка получения всех девайсов из кэша |url: https://localhost/Device/Catalog/0|action: Catalog|AppleStore.Controllers.Device.DeviceController.Catalog| body: 
2023-08-10 00:56:50.8759|0|INFO|AppleStore.Controllers.Device.DeviceController|Попытка получения всех девайсов из кэша |url: https://localhost/Device/Catalog/0|action: Catalog|AppleStore.Controllers.Device.DeviceController.Catalog| body: 
2023-08-10 00:56:51.0828|0|INFO|AppleStore.Controllers.Device.DeviceController|Попытка получения всех девайсов из кэша |url: https://localhost/Device/Catalog/0|action: Catalog|AppleStore.Controllers.Device.DeviceController.Catalog| body: 
2023-08-10 00:56:56.2925|0|INFO|AppleStore.Controllers.Order.OrderController|Успешное получение Девайса из базы данных |url: https://localhost/Order/Details/-1/1|action: Details|AppleStore.Controllers.Order.OrderController.Details| body: 
2023-08-10 00:56:56.5880|0|INFO|AppleStore.Controllers.Order.OrderController|Успешное получение Девайса из базы данных |url: https://localhost/Order/Details/-1/1|action: Details|AppleStore.Controllers.Order.OrderController.Details| body: 
2023-08-10 00:56:57.5088|0|INFO|AppleStore.Controllers.Device.DeviceController|Попытка получения всех девайсов из кэша |url: https://localhost/Device/Catalog/-1|action: Catalog|AppleStore.Controllers.Device.DeviceController.Catalog| body: 
2023-08-10 00:56:57.7127|0|INFO|AppleStore.Controllers.Device.DeviceController|Попытка получения всех девайсов из кэша |url: https://localhost/Device/Catalog/-1|action: Catalog|AppleStore.Controllers.Device.DeviceController.Catalog| body: 
2023-08-10 00:57:44.7031|0|INFO|AppleStore.Controllers.Device.DeviceController|Получение всех девайсов из кэша |url: https://localhost/Device/Catalog/-1|action: Catalog|AppleStore.Controllers.Device.DeviceController.Catalog| body: 
2023-08-10 00:57:44.8369|0|INFO|AppleStore.Controllers.Device.DeviceController|Получение всех девайсов из кэша |url: https://localhost/Device/Catalog/-1|action: Catalog|AppleStore.Controllers.Device.DeviceController.Catalog| body: 
2023-08-10 00:57:51.9068|0|INFO|Microsoft.Hosting.Lifetime|Application is shutting down... |url: |action: |Microsoft.Extensions.Hosting.Internal.ApplicationLifetime.StopApplication| body: 
