2023-08-21 20:11:49.0400|0|INFO|Program|Инициализация программы 
2023-08-21 20:11:49.1691|0|DEBUG|Microsoft.AspNetCore.Mvc.Razor.Compilation.DefaultViewCompiler|Initializing Razor view compiler with compiled view: '/Views/Device/Catalog.cshtml'. 
2023-08-21 20:11:49.1691|0|DEBUG|Microsoft.AspNetCore.Mvc.Razor.Compilation.DefaultViewCompiler|Initializing Razor view compiler with compiled view: '/Views/Device/GetDeviceById.cshtml'. 
2023-08-21 20:11:49.1691|0|DEBUG|Microsoft.AspNetCore.Mvc.Razor.Compilation.DefaultViewCompiler|Initializing Razor view compiler with compiled view: '/Views/Device/GetDevices.cshtml'. 
2023-08-21 20:11:49.1691|0|DEBUG|Microsoft.AspNetCore.Mvc.Razor.Compilation.DefaultViewCompiler|Initializing Razor view compiler with compiled view: '/Views/Device/Save.cshtml'. 
2023-08-21 20:11:49.1691|0|DEBUG|Microsoft.AspNetCore.Mvc.Razor.Compilation.DefaultViewCompiler|Initializing Razor view compiler with compiled view: '/Views/Order/Details.cshtml'. 
2023-08-21 20:11:49.1691|0|DEBUG|Microsoft.AspNetCore.Mvc.Razor.Compilation.DefaultViewCompiler|Initializing Razor view compiler with compiled view: '/Views/Order/FinishOrder.cshtml'. 
2023-08-21 20:11:49.1691|0|DEBUG|Microsoft.AspNetCore.Mvc.Razor.Compilation.DefaultViewCompiler|Initializing Razor view compiler with compiled view: '/Views/Order/PlaceOrder.cshtml'. 
2023-08-21 20:11:49.1691|0|DEBUG|Microsoft.AspNetCore.Mvc.Razor.Compilation.DefaultViewCompiler|Initializing Razor view compiler with compiled view: '/Views/Shared/Error.cshtml'. 
2023-08-21 20:11:49.1691|0|DEBUG|Microsoft.AspNetCore.Mvc.Razor.Compilation.DefaultViewCompiler|Initializing Razor view compiler with compiled view: '/Views/Shared/_ValidationScriptsPartial.cshtml'. 
2023-08-21 20:11:49.1691|0|DEBUG|Microsoft.AspNetCore.Mvc.Razor.Compilation.DefaultViewCompiler|Initializing Razor view compiler with compiled view: '/Views/_ViewImports.cshtml'. 
2023-08-21 20:11:49.1691|0|DEBUG|Microsoft.AspNetCore.Mvc.Razor.Compilation.DefaultViewCompiler|Initializing Razor view compiler with compiled view: '/Views/_ViewStart.cshtml'. 
2023-08-21 20:11:49.1691|0|DEBUG|Microsoft.AspNetCore.Mvc.Razor.Compilation.DefaultViewCompiler|Initializing Razor view compiler with compiled view: '/Views/Shared/_Layout.cshtml'. 
2023-08-21 20:11:49.1811|0|DEBUG|Microsoft.AspNetCore.Mvc.ModelBinding.ModelBinderFactory|Registered model binder providers, in the following order: Microsoft.AspNetCore.Mvc.ModelBinding.Binders.BinderTypeModelBinderProvider, Microsoft.AspNetCore.Mvc.ModelBinding.Binders.ServicesModelBinderProvider, Microsoft.AspNetCore.Mvc.ModelBinding.Binders.BodyModelBinderProvider, Microsoft.AspNetCore.Mvc.ModelBinding.Binders.HeaderModelBinderProvider, Microsoft.AspNetCore.Mvc.ModelBinding.Binders.FloatingPointTypeModelBinderProvider, Microsoft.AspNetCore.Mvc.ModelBinding.Binders.EnumTypeModelBinderProvider, Microsoft.AspNetCore.Mvc.ModelBinding.Binders.DateTimeModelBinderProvider, Microsoft.AspNetCore.Mvc.ModelBinding.Binders.TryParseModelBinderProvider, Microsoft.AspNetCore.Mvc.ModelBinding.Binders.SimpleTypeModelBinderProvider, Microsoft.AspNetCore.Mvc.ModelBinding.Binders.CancellationTokenModelBinderProvider, Microsoft.AspNetCore.Mvc.ModelBinding.Binders.ByteArrayModelBinderProvider, Microsoft.AspNetCore.Mvc.ModelBinding.Binders.FormFileModelBinderProvider, Microsoft.AspNetCore.Mvc.ModelBinding.Binders.FormCollectionModelBinderProvider, Microsoft.AspNetCore.Mvc.ModelBinding.Binders.KeyValuePairModelBinderProvider, Microsoft.AspNetCore.Mvc.ModelBinding.Binders.DictionaryModelBinderProvider, Microsoft.AspNetCore.Mvc.ModelBinding.Binders.ArrayModelBinderProvider, Microsoft.AspNetCore.Mvc.ModelBinding.Binders.CollectionModelBinderProvider, Microsoft.AspNetCore.Mvc.ModelBinding.Binders.ComplexObjectModelBinderProvider 
2023-08-21 20:11:49.2113|0|DEBUG|Microsoft.Extensions.Hosting.Internal.Host|Hosting starting 
2023-08-21 20:11:49.2113|0|INFO|Microsoft.AspNetCore.DataProtection.KeyManagement.XmlKeyManager|User profile is available. Using 'C:\Users\Алексей\AppData\Local\ASP.NET\DataProtection-Keys' as key repository and Windows DPAPI to encrypt keys at rest. 
2023-08-21 20:11:49.2113|0|DEBUG|Microsoft.AspNetCore.DataProtection.Repositories.FileSystemXmlRepository|Reading data from file 'C:\Users\Алексей\AppData\Local\ASP.NET\DataProtection-Keys\key-201f091d-1492-40cf-8448-2970d8f8302a.xml'. 
2023-08-21 20:11:49.2319|0|DEBUG|Microsoft.AspNetCore.DataProtection.Repositories.FileSystemXmlRepository|Reading data from file 'C:\Users\Алексей\AppData\Local\ASP.NET\DataProtection-Keys\key-8c2d20ac-a7d5-4fe4-b7a0-731f36d4f54e.xml'. 
2023-08-21 20:11:49.2319|0|DEBUG|Microsoft.AspNetCore.DataProtection.Repositories.FileSystemXmlRepository|Reading data from file 'C:\Users\Алексей\AppData\Local\ASP.NET\DataProtection-Keys\key-fe0fd9ec-cbd2-45ba-94c2-4c4db8302271.xml'. 
2023-08-21 20:11:49.2524|0|DEBUG|Microsoft.AspNetCore.DataProtection.KeyManagement.XmlKeyManager|Found key {201f091d-1492-40cf-8448-2970d8f8302a}. 
2023-08-21 20:11:49.2524|0|DEBUG|Microsoft.AspNetCore.DataProtection.KeyManagement.XmlKeyManager|Found key {8c2d20ac-a7d5-4fe4-b7a0-731f36d4f54e}. 
2023-08-21 20:11:49.2524|0|DEBUG|Microsoft.AspNetCore.DataProtection.KeyManagement.XmlKeyManager|Found key {fe0fd9ec-cbd2-45ba-94c2-4c4db8302271}. 
2023-08-21 20:11:49.2590|0|DEBUG|Microsoft.AspNetCore.DataProtection.KeyManagement.DefaultKeyResolver|Considering key {201f091d-1492-40cf-8448-2970d8f8302a} with expiration date 2023-10-02 22:10:13Z as default key. 
2023-08-21 20:11:49.2590|0|DEBUG|Microsoft.AspNetCore.DataProtection.TypeForwardingActivator|Forwarded activator type request from Microsoft.AspNetCore.DataProtection.XmlEncryption.DpapiXmlDecryptor, Microsoft.AspNetCore.DataProtection, Version=7.0.0.0, Culture=neutral, PublicKeyToken=adb9793829ddae60 to Microsoft.AspNetCore.DataProtection.XmlEncryption.DpapiXmlDecryptor, Microsoft.AspNetCore.DataProtection, Culture=neutral, PublicKeyToken=adb9793829ddae60 
2023-08-21 20:11:49.2590|0|DEBUG|Microsoft.AspNetCore.DataProtection.XmlEncryption.DpapiXmlDecryptor|Decrypting secret element using Windows DPAPI. 
2023-08-21 20:11:49.2590|0|DEBUG|Microsoft.AspNetCore.DataProtection.TypeForwardingActivator|Forwarded activator type request from Microsoft.AspNetCore.DataProtection.AuthenticatedEncryption.ConfigurationModel.AuthenticatedEncryptorDescriptorDeserializer, Microsoft.AspNetCore.DataProtection, Version=7.0.0.0, Culture=neutral, PublicKeyToken=adb9793829ddae60 to Microsoft.AspNetCore.DataProtection.AuthenticatedEncryption.ConfigurationModel.AuthenticatedEncryptorDescriptorDeserializer, Microsoft.AspNetCore.DataProtection, Culture=neutral, PublicKeyToken=adb9793829ddae60 
2023-08-21 20:11:49.2590|0|DEBUG|Microsoft.AspNetCore.DataProtection.AuthenticatedEncryption.CngCbcAuthenticatedEncryptorFactory|Opening CNG algorithm 'AES' from provider '(null)' with chaining mode CBC. 
2023-08-21 20:11:49.2590|0|DEBUG|Microsoft.AspNetCore.DataProtection.AuthenticatedEncryption.CngCbcAuthenticatedEncryptorFactory|Opening CNG algorithm 'SHA256' from provider '(null)' with HMAC. 
2023-08-21 20:11:49.2590|0|DEBUG|Microsoft.AspNetCore.DataProtection.KeyManagement.KeyRingProvider|Using key {201f091d-1492-40cf-8448-2970d8f8302a} as the default key. 
2023-08-21 20:11:49.2590|0|DEBUG|Microsoft.AspNetCore.DataProtection.Internal.DataProtectionHostedService|Key ring with default key {201f091d-1492-40cf-8448-2970d8f8302a} was loaded during application startup. 
2023-08-21 20:11:49.2829|0|DEBUG|Microsoft.AspNetCore.Hosting.Diagnostics|Loaded hosting startup assembly AppleStore 
2023-08-21 20:11:49.2829|0|INFO|Microsoft.Hosting.Lifetime|Application started. Press Ctrl+C to shut down. 
2023-08-21 20:11:49.2829|0|INFO|Microsoft.Hosting.Lifetime|Hosting environment: Development 
2023-08-21 20:11:49.2829|0|INFO|Microsoft.Hosting.Lifetime|Content root path: C:\AProject\AppleStore\AppleStore 
2023-08-21 20:11:49.2829|0|DEBUG|Microsoft.Extensions.Hosting.Internal.Host|Hosting started 
2023-08-21 20:11:49.3023|0|INFO|Microsoft.AspNetCore.Hosting.Diagnostics|Request starting HTTP/2 GET https://localhost:44339/ - - 
2023-08-21 20:11:49.3023|0|DEBUG|Microsoft.AspNetCore.HostFiltering.HostFilteringMiddleware|Wildcard detected, all requests with hosts will be allowed. 
2023-08-21 20:11:49.3023|0|TRACE|Microsoft.AspNetCore.HostFiltering.HostFilteringMiddleware|All hosts are allowed. 
2023-08-21 20:11:49.3023|0|TRACE|Microsoft.AspNetCore.ResponseCompression.ResponseCompressionProvider|This request accepts compression. 
2023-08-21 20:11:49.3060|0|DEBUG|Microsoft.AspNetCore.StaticFiles.StaticFileMiddleware|The request path / does not match a supported file type 
2023-08-21 20:11:49.3197|0|DEBUG|Microsoft.AspNetCore.Routing.Matching.DfaMatcher|1 candidate(s) found for the request path '/' 
2023-08-21 20:11:49.3197|0|DEBUG|Microsoft.AspNetCore.Routing.Matching.DfaMatcher|Endpoint 'AppleStore.Controllers.Device.DeviceController.Catalog (AppleStore)' with route pattern '{controller=Device}/{action=Catalog}/{type=-1}/{id?}' is valid for the request path '/' 
2023-08-21 20:11:49.3197|0|DEBUG|Microsoft.AspNetCore.Routing.EndpointRoutingMiddleware|Request matched endpoint 'AppleStore.Controllers.Device.DeviceController.Catalog (AppleStore)' 
2023-08-21 20:11:49.3197|0|DEBUG|Microsoft.AspNetCore.Authentication.Cookies.CookieAuthenticationHandler|AuthenticationScheme: Cookies was not authenticated. 
2023-08-21 20:11:49.3197|0|INFO|Microsoft.AspNetCore.Routing.EndpointMiddleware|Executing endpoint 'AppleStore.Controllers.Device.DeviceController.Catalog (AppleStore)' 
2023-08-21 20:11:49.3551|0|INFO|Microsoft.AspNetCore.Mvc.Infrastructure.ControllerActionInvoker|Route matched with {action = "Catalog", controller = "Device"}. Executing controller action with signature System.Threading.Tasks.Task`1[Microsoft.AspNetCore.Mvc.IActionResult] Catalog(Int32) on controller AppleStore.Controllers.Device.DeviceController (AppleStore). 
2023-08-21 20:11:49.3551|0|DEBUG|Microsoft.AspNetCore.Mvc.Infrastructure.ControllerActionInvoker|Execution plan of authorization filters (in the following order): None 
2023-08-21 20:11:49.3551|0|DEBUG|Microsoft.AspNetCore.Mvc.Infrastructure.ControllerActionInvoker|Execution plan of resource filters (in the following order): Microsoft.AspNetCore.Mvc.ViewFeatures.Filters.SaveTempDataFilter 
2023-08-21 20:11:49.3551|0|DEBUG|Microsoft.AspNetCore.Mvc.Infrastructure.ControllerActionInvoker|Execution plan of action filters (in the following order): Microsoft.AspNetCore.Mvc.Filters.ControllerActionFilter (Order: -2147483648), Microsoft.AspNetCore.Mvc.ModelBinding.UnsupportedContentTypeFilter (Order: -3000) 
2023-08-21 20:11:49.3551|0|DEBUG|Microsoft.AspNetCore.Mvc.Infrastructure.ControllerActionInvoker|Execution plan of exception filters (in the following order): None 
2023-08-21 20:11:49.3551|0|DEBUG|Microsoft.AspNetCore.Mvc.Infrastructure.ControllerActionInvoker|Execution plan of result filters (in the following order): Microsoft.AspNetCore.Mvc.ViewFeatures.Filters.SaveTempDataFilter 
2023-08-21 20:11:49.3551|0|TRACE|Microsoft.AspNetCore.Mvc.Infrastructure.ControllerActionInvoker|Resource Filter: Before executing OnResourceExecuting on filter Microsoft.AspNetCore.Mvc.ViewFeatures.Filters.SaveTempDataFilter. 
2023-08-21 20:11:49.3551|0|TRACE|Microsoft.AspNetCore.Mvc.Infrastructure.ControllerActionInvoker|Resource Filter: After executing OnResourceExecuting on filter Microsoft.AspNetCore.Mvc.ViewFeatures.Filters.SaveTempDataFilter. 
2023-08-21 20:11:49.3551|0|DEBUG|Microsoft.AspNetCore.Mvc.Infrastructure.ControllerActionInvoker|Executing controller factory for controller AppleStore.Controllers.Device.DeviceController (AppleStore) 
2023-08-21 20:11:49.5142|0|DEBUG|Microsoft.EntityFrameworkCore.Infrastructure|An 'IServiceProvider' was created for internal use by Entity Framework. 
2023-08-21 20:11:49.8840|0|DEBUG|Microsoft.EntityFrameworkCore.Infrastructure|Entity Framework Core 8.0.0-preview.2.23128.3 initialized 'DeviceDbContext' using provider 'Npgsql.EntityFrameworkCore.PostgreSQL:8.0.0-preview.2+cb02ad1f0cd2663f6d1bd480e1dd53cba3e6b82f' with options: None 
2023-08-21 20:11:49.9001|0|DEBUG|Microsoft.EntityFrameworkCore.Database.Connection|Creating DbConnection. 
2023-08-21 20:11:49.9173|0|DEBUG|Microsoft.EntityFrameworkCore.Database.Connection|Created DbConnection. (17ms). 
2023-08-21 20:11:49.9173|0|DEBUG|Microsoft.EntityFrameworkCore.Database.Connection|Opening connection to database 'Devices' on server 'tcp://localhost:5432'. 
2023-08-21 20:11:50.0475|0|DEBUG|Microsoft.EntityFrameworkCore.Database.Connection|Opened connection to database 'Devices' on server 'tcp://localhost:5432'. 
2023-08-21 20:11:50.0475|0|DEBUG|Microsoft.EntityFrameworkCore.Database.Connection|Closing connection to database 'Devices' on server 'tcp://localhost:5432'. 
2023-08-21 20:11:50.0549|0|DEBUG|Microsoft.EntityFrameworkCore.Database.Connection|Closed connection to database 'Devices' on server 'tcp://localhost:5432' (3ms). 
2023-08-21 20:11:50.0549|0|DEBUG|Microsoft.EntityFrameworkCore.Database.Command|Creating DbCommand for 'ExecuteScalar'. 
2023-08-21 20:11:50.0549|0|DEBUG|Microsoft.EntityFrameworkCore.Database.Command|Created DbCommand for 'ExecuteScalar' (1ms). 
2023-08-21 20:11:50.0549|0|DEBUG|Microsoft.EntityFrameworkCore.Database.Command|Initialized DbCommand for 'ExecuteScalar' (4ms). 
2023-08-21 20:11:50.0549|0|DEBUG|Microsoft.EntityFrameworkCore.Database.Connection|Opening connection to database 'Devices' on server 'tcp://localhost:5432'. 
2023-08-21 20:11:50.1163|0|DEBUG|Microsoft.EntityFrameworkCore.Database.Connection|Opened connection to database 'Devices' on server 'tcp://localhost:5432'. 
2023-08-21 20:11:50.1200|0|DEBUG|Microsoft.EntityFrameworkCore.Database.Command|Executing DbCommand [Parameters=[], CommandType='Text', CommandTimeout='30']

SELECT CASE WHEN COUNT(*) = 0 THEN FALSE ELSE TRUE END
FROM pg_class AS cls
JOIN pg_namespace AS ns ON ns.oid = cls.relnamespace
WHERE
        cls.relkind IN ('r', 'v', 'm', 'f', 'p') AND
        ns.nspname NOT IN ('pg_catalog', 'information_schema') AND
        -- Exclude tables which are members of PG extensions
        NOT EXISTS (
            SELECT 1 FROM pg_depend WHERE
                classid=(
                    SELECT cls.oid
                    FROM pg_class AS cls
                             JOIN pg_namespace AS ns ON ns.oid = cls.relnamespace
                    WHERE relname='pg_class' AND ns.nspname='pg_catalog'
                ) AND
                objid=cls.oid AND
                deptype IN ('e', 'x')
        ) 
2023-08-21 20:11:50.1424|0|INFO|Microsoft.EntityFrameworkCore.Database.Command|Executed DbCommand (24ms) [Parameters=[], CommandType='Text', CommandTimeout='30']

SELECT CASE WHEN COUNT(*) = 0 THEN FALSE ELSE TRUE END
FROM pg_class AS cls
JOIN pg_namespace AS ns ON ns.oid = cls.relnamespace
WHERE
        cls.relkind IN ('r', 'v', 'm', 'f', 'p') AND
        ns.nspname NOT IN ('pg_catalog', 'information_schema') AND
        -- Exclude tables which are members of PG extensions
        NOT EXISTS (
            SELECT 1 FROM pg_depend WHERE
                classid=(
                    SELECT cls.oid
                    FROM pg_class AS cls
                             JOIN pg_namespace AS ns ON ns.oid = cls.relnamespace
                    WHERE relname='pg_class' AND ns.nspname='pg_catalog'
                ) AND
                objid=cls.oid AND
                deptype IN ('e', 'x')
        ) 
2023-08-21 20:11:50.1424|0|DEBUG|Microsoft.EntityFrameworkCore.Database.Connection|Closing connection to database 'Devices' on server 'tcp://localhost:5432'. 
2023-08-21 20:11:50.1424|0|DEBUG|Microsoft.EntityFrameworkCore.Database.Connection|Closed connection to database 'Devices' on server 'tcp://localhost:5432' (0ms). 
2023-08-21 20:11:50.1424|0|DEBUG|Microsoft.AspNetCore.Mvc.Infrastructure.ControllerActionInvoker|Executed controller factory for controller AppleStore.Controllers.Device.DeviceController (AppleStore) 
2023-08-21 20:11:50.1497|0|DEBUG|Microsoft.AspNetCore.Mvc.ModelBinding.ParameterBinder|Attempting to bind parameter 'type' of type 'System.Int32' ... 
2023-08-21 20:11:50.1497|0|DEBUG|Microsoft.AspNetCore.Mvc.ModelBinding.Binders.TryParseModelBinder|Attempting to bind parameter 'type' of type 'System.Int32' using the name 'type' in request data ... 
2023-08-21 20:11:50.1497|0|DEBUG|Microsoft.AspNetCore.Mvc.ModelBinding.Binders.TryParseModelBinder|Done attempting to bind parameter 'type' of type 'System.Int32'. 
2023-08-21 20:11:50.1497|0|DEBUG|Microsoft.AspNetCore.Mvc.ModelBinding.ParameterBinder|Done attempting to bind parameter 'type' of type 'System.Int32'. 
2023-08-21 20:11:50.1497|0|DEBUG|Microsoft.AspNetCore.Mvc.ModelBinding.ParameterBinder|Attempting to validate the bound parameter 'type' of type 'System.Int32' ... 
2023-08-21 20:11:50.1497|0|DEBUG|Microsoft.AspNetCore.Mvc.ModelBinding.ParameterBinder|Done attempting to validate the bound parameter 'type' of type 'System.Int32'. 
2023-08-21 20:11:50.1497|0|TRACE|Microsoft.AspNetCore.Mvc.Infrastructure.ControllerActionInvoker|Action Filter: Before executing OnActionExecutionAsync on filter Microsoft.AspNetCore.Mvc.Filters.ControllerActionFilter. 
2023-08-21 20:11:50.1497|0|TRACE|Microsoft.AspNetCore.Mvc.Infrastructure.ControllerActionInvoker|Action Filter: Before executing OnActionExecuting on filter Microsoft.AspNetCore.Mvc.ModelBinding.UnsupportedContentTypeFilter. 
2023-08-21 20:11:50.1497|0|TRACE|Microsoft.AspNetCore.Mvc.Infrastructure.ControllerActionInvoker|Action Filter: After executing OnActionExecuting on filter Microsoft.AspNetCore.Mvc.ModelBinding.UnsupportedContentTypeFilter. 
2023-08-21 20:11:50.1497|0|INFO|Microsoft.AspNetCore.Mvc.Infrastructure.ControllerActionInvoker|Executing action method AppleStore.Controllers.Device.DeviceController.Catalog (AppleStore) - Validation state: Valid 
2023-08-21 20:11:50.1497|0|TRACE|Microsoft.AspNetCore.Mvc.Infrastructure.ControllerActionInvoker|Executing action method AppleStore.Controllers.Device.DeviceController.Catalog (AppleStore) with arguments (-1) 
2023-08-21 20:11:50.1691|0|DEBUG|Microsoft.EntityFrameworkCore.Query|Compiling query expression: 
'DbSet<Device>()' 
2023-08-21 20:11:50.2396|0|DEBUG|Microsoft.EntityFrameworkCore.Query|Generated query execution expression: 
'queryContext => new SingleQueryingEnumerable<Device>(
    (RelationalQueryContext)queryContext, 
    RelationalCommandCache.QueryExpression(
        Projection Mapping:
            EmptyProjectionMember -> Dictionary<IProperty, int> { [Property: Device.Id (int?) Required PK AfterSave:Throw ValueGenerated.OnAdd, 0], [Property: Device.Description (string), 1], [Property: Device.ImageUrl (string), 2], [Property: Device.Name (string), 3], [Property: Device.Price (decimal?), 4], [Property: Device.Type (DeviceType) Required, 5] }
        SELECT d.Id, d.Description, d.ImageUrl, d.Name, d.Price, d.Type
        FROM Device AS d), 
    null, 
    Func<QueryContext, DbDataReader, ResultContext, SingleQueryResultCoordinator, Device>, 
    AppleStore.DAL.DeviceDbContext, 
    False, 
    False, 
    True
)' 
2023-08-21 20:11:50.2525|0|DEBUG|Microsoft.EntityFrameworkCore.Database.Command|Creating DbCommand for 'ExecuteReader'. 
2023-08-21 20:11:50.2525|0|DEBUG|Microsoft.EntityFrameworkCore.Database.Command|Created DbCommand for 'ExecuteReader' (0ms). 
2023-08-21 20:11:50.2525|0|DEBUG|Microsoft.EntityFrameworkCore.Database.Command|Initialized DbCommand for 'ExecuteReader' (0ms). 
2023-08-21 20:11:50.2525|0|DEBUG|Microsoft.EntityFrameworkCore.Database.Connection|Opening connection to database 'Devices' on server 'tcp://localhost:5432'. 
2023-08-21 20:11:50.2525|0|DEBUG|Microsoft.EntityFrameworkCore.Database.Connection|Opened connection to database 'Devices' on server 'tcp://localhost:5432'. 
2023-08-21 20:11:50.2525|0|DEBUG|Microsoft.EntityFrameworkCore.Database.Command|Executing DbCommand [Parameters=[], CommandType='Text', CommandTimeout='30']
SELECT d."Id", d."Description", d."ImageUrl", d."Name", d."Price", d."Type"
FROM "Device" AS d 
2023-08-21 20:11:50.2622|0|INFO|Microsoft.EntityFrameworkCore.Database.Command|Executed DbCommand (7ms) [Parameters=[], CommandType='Text', CommandTimeout='30']
SELECT d."Id", d."Description", d."ImageUrl", d."Name", d."Price", d."Type"
FROM "Device" AS d 
2023-08-21 20:11:50.2783|0|DEBUG|Microsoft.EntityFrameworkCore.ChangeTracking|Context 'DeviceDbContext' started tracking 'Device' entity. Consider using 'DbContextOptionsBuilder.EnableSensitiveDataLogging' to see key values. 
2023-08-21 20:11:50.2927|0|DEBUG|Microsoft.EntityFrameworkCore.ChangeTracking|Context 'DeviceDbContext' started tracking 'Device' entity. Consider using 'DbContextOptionsBuilder.EnableSensitiveDataLogging' to see key values. 
2023-08-21 20:11:50.2927|0|DEBUG|Microsoft.EntityFrameworkCore.ChangeTracking|Context 'DeviceDbContext' started tracking 'Device' entity. Consider using 'DbContextOptionsBuilder.EnableSensitiveDataLogging' to see key values. 
2023-08-21 20:11:50.2927|0|DEBUG|Microsoft.EntityFrameworkCore.ChangeTracking|Context 'DeviceDbContext' started tracking 'Device' entity. Consider using 'DbContextOptionsBuilder.EnableSensitiveDataLogging' to see key values. 
2023-08-21 20:11:50.2927|0|DEBUG|Microsoft.EntityFrameworkCore.ChangeTracking|Context 'DeviceDbContext' started tracking 'Device' entity. Consider using 'DbContextOptionsBuilder.EnableSensitiveDataLogging' to see key values. 
2023-08-21 20:11:50.2927|0|DEBUG|Microsoft.EntityFrameworkCore.Database.Command|Closing data reader to 'Devices' on server 'tcp://localhost:5432'. 
2023-08-21 20:11:50.2927|0|DEBUG|Microsoft.EntityFrameworkCore.Database.Command|A data reader for 'Devices' on server 'tcp://localhost:5432' is being disposed after spending 33ms reading results. 
2023-08-21 20:11:50.2927|0|DEBUG|Microsoft.EntityFrameworkCore.Database.Connection|Closing connection to database 'Devices' on server 'tcp://localhost:5432'. 
2023-08-21 20:11:50.2927|0|DEBUG|Microsoft.EntityFrameworkCore.Database.Connection|Closed connection to database 'Devices' on server 'tcp://localhost:5432' (0ms). 
2023-08-21 20:11:50.2927|0|INFO|AppleStore.Service.Implementations.DeviceService|Все девайсы добавлены в кэш 
2023-08-21 20:11:50.3063|0|INFO|Microsoft.AspNetCore.Mvc.Infrastructure.ControllerActionInvoker|Executed action method AppleStore.Controllers.Device.DeviceController.Catalog (AppleStore), returned result Microsoft.AspNetCore.Mvc.ViewResult in 147.8843ms. 
2023-08-21 20:11:50.3063|0|TRACE|Microsoft.AspNetCore.Mvc.Infrastructure.ControllerActionInvoker|Action Filter: Before executing OnActionExecuted on filter Microsoft.AspNetCore.Mvc.ModelBinding.UnsupportedContentTypeFilter. 
2023-08-21 20:11:50.3063|0|TRACE|Microsoft.AspNetCore.Mvc.Infrastructure.ControllerActionInvoker|Action Filter: After executing OnActionExecuted on filter Microsoft.AspNetCore.Mvc.ModelBinding.UnsupportedContentTypeFilter. 
2023-08-21 20:11:50.3063|0|TRACE|Microsoft.AspNetCore.Mvc.Infrastructure.ControllerActionInvoker|Action Filter: After executing OnActionExecutionAsync on filter Microsoft.AspNetCore.Mvc.Filters.ControllerActionFilter. 
2023-08-21 20:11:50.3063|0|TRACE|Microsoft.AspNetCore.Mvc.Infrastructure.ControllerActionInvoker|Result Filter: Before executing OnResultExecuting on filter Microsoft.AspNetCore.Mvc.ViewFeatures.Filters.SaveTempDataFilter. 
2023-08-21 20:11:50.3063|0|TRACE|Microsoft.AspNetCore.Mvc.Infrastructure.ControllerActionInvoker|Result Filter: After executing OnResultExecuting on filter Microsoft.AspNetCore.Mvc.ViewFeatures.Filters.SaveTempDataFilter. 
2023-08-21 20:11:50.3063|0|TRACE|Microsoft.AspNetCore.Mvc.Infrastructure.ControllerActionInvoker|Before executing action result Microsoft.AspNetCore.Mvc.ViewResult. 
2023-08-21 20:11:50.3063|0|DEBUG|Microsoft.AspNetCore.Mvc.Razor.RazorViewEngine|View lookup cache miss for view 'Catalog' in controller 'Device'. 
2023-08-21 20:11:50.3063|0|TRACE|Microsoft.AspNetCore.Mvc.Razor.Compilation.DefaultViewCompiler|Located compiled view for view at path '/Views/Device/Catalog.cshtml'. 
2023-08-21 20:11:50.3063|0|TRACE|Microsoft.AspNetCore.Mvc.Razor.Compilation.DefaultViewCompiler|Could not find a file for view at path '/Views/Device/_ViewStart.cshtml'. 
2023-08-21 20:11:50.3063|0|TRACE|Microsoft.AspNetCore.Mvc.Razor.Compilation.DefaultViewCompiler|Located compiled view for view at path '/Views/_ViewStart.cshtml'. 
2023-08-21 20:11:50.3063|0|TRACE|Microsoft.AspNetCore.Mvc.Razor.Compilation.DefaultViewCompiler|Could not find a file for view at path '/_ViewStart.cshtml'. 
2023-08-21 20:11:50.3063|0|INFO|Microsoft.AspNetCore.Mvc.ViewFeatures.ViewResultExecutor|Executing ViewResult, running view Catalog. 
2023-08-21 20:11:50.3063|0|DEBUG|Microsoft.AspNetCore.Mvc.ViewFeatures.ViewResultExecutor|The view path '/Views/Device/Catalog.cshtml' was found in 3.7561ms. 
2023-08-21 20:11:50.3321|0|DEBUG|Microsoft.AspNetCore.Routing.DefaultLinkGenerator|Found the endpoints Route: {controller=Device}/{action=Catalog}/{type=-1}/{id?} for address (type=[1],action=[Catalog],controller=[Device]) 
2023-08-21 20:11:50.3321|0|DEBUG|Microsoft.AspNetCore.Routing.DefaultLinkGenerator|Successfully processed template {controller=Device}/{action=Catalog}/{type=-1}/{id?} for Route: {controller=Device}/{action=Catalog}/{type=-1}/{id?} resulting in /Device/Catalog/1 and  
2023-08-21 20:11:50.3375|0|DEBUG|Microsoft.AspNetCore.Routing.DefaultLinkGenerator|Link generation succeeded for endpoints Route: {controller=Device}/{action=Catalog}/{type=-1}/{id?} with result /Device/Catalog/1 
2023-08-21 20:11:50.3375|0|DEBUG|Microsoft.AspNetCore.Routing.DefaultLinkGenerator|Found the endpoints Route: {controller=Device}/{action=Catalog}/{type=-1}/{id?} for address (type=[0],action=[Catalog],controller=[Device]) 
2023-08-21 20:11:50.3375|0|DEBUG|Microsoft.AspNetCore.Routing.DefaultLinkGenerator|Successfully processed template {controller=Device}/{action=Catalog}/{type=-1}/{id?} for Route: {controller=Device}/{action=Catalog}/{type=-1}/{id?} resulting in /Device/Catalog/0 and  
2023-08-21 20:11:50.3375|0|DEBUG|Microsoft.AspNetCore.Routing.DefaultLinkGenerator|Link generation succeeded for endpoints Route: {controller=Device}/{action=Catalog}/{type=-1}/{id?} with result /Device/Catalog/0 
2023-08-21 20:11:50.3375|0|DEBUG|Microsoft.AspNetCore.Routing.DefaultLinkGenerator|Found the endpoints Route: {controller=Device}/{action=Catalog}/{type=-1}/{id?} for address (type=[2],action=[Catalog],controller=[Device]) 
2023-08-21 20:11:50.3375|0|DEBUG|Microsoft.AspNetCore.Routing.DefaultLinkGenerator|Successfully processed template {controller=Device}/{action=Catalog}/{type=-1}/{id?} for Route: {controller=Device}/{action=Catalog}/{type=-1}/{id?} resulting in /Device/Catalog/2 and  
2023-08-21 20:11:50.3375|0|DEBUG|Microsoft.AspNetCore.Routing.DefaultLinkGenerator|Link generation succeeded for endpoints Route: {controller=Device}/{action=Catalog}/{type=-1}/{id?} with result /Device/Catalog/2 
2023-08-21 20:11:50.3375|0|DEBUG|Microsoft.AspNetCore.Routing.DefaultLinkGenerator|Found the endpoints Route: {controller=Device}/{action=Catalog}/{type=-1}/{id?} for address (type=[3],action=[Catalog],controller=[Device]) 
2023-08-21 20:11:50.3375|0|DEBUG|Microsoft.AspNetCore.Routing.DefaultLinkGenerator|Successfully processed template {controller=Device}/{action=Catalog}/{type=-1}/{id?} for Route: {controller=Device}/{action=Catalog}/{type=-1}/{id?} resulting in /Device/Catalog/3 and  
2023-08-21 20:11:50.3375|0|DEBUG|Microsoft.AspNetCore.Routing.DefaultLinkGenerator|Link generation succeeded for endpoints Route: {controller=Device}/{action=Catalog}/{type=-1}/{id?} with result /Device/Catalog/3 
2023-08-21 20:11:50.3375|0|DEBUG|Microsoft.AspNetCore.Routing.DefaultLinkGenerator|Found the endpoints Route: {controller=Device}/{action=Catalog}/{type=-1}/{id?} for address (id=[1],action=[Details],controller=[Order]) 
2023-08-21 20:11:50.3375|0|DEBUG|Microsoft.AspNetCore.Routing.DefaultLinkGenerator|Successfully processed template {controller=Device}/{action=Catalog}/{type=-1}/{id?} for Route: {controller=Device}/{action=Catalog}/{type=-1}/{id?} resulting in /Order/Details/-1/1 and  
2023-08-21 20:11:50.3375|0|DEBUG|Microsoft.AspNetCore.Routing.DefaultLinkGenerator|Link generation succeeded for endpoints Route: {controller=Device}/{action=Catalog}/{type=-1}/{id?} with result /Order/Details/-1/1 
2023-08-21 20:11:50.3375|0|DEBUG|Microsoft.AspNetCore.Routing.DefaultLinkGenerator|Found the endpoints Route: {controller=Device}/{action=Catalog}/{type=-1}/{id?} for address (id=[2],action=[Details],controller=[Order]) 
2023-08-21 20:11:50.3375|0|DEBUG|Microsoft.AspNetCore.Routing.DefaultLinkGenerator|Successfully processed template {controller=Device}/{action=Catalog}/{type=-1}/{id?} for Route: {controller=Device}/{action=Catalog}/{type=-1}/{id?} resulting in /Order/Details/-1/2 and  
2023-08-21 20:11:50.3375|0|DEBUG|Microsoft.AspNetCore.Routing.DefaultLinkGenerator|Link generation succeeded for endpoints Route: {controller=Device}/{action=Catalog}/{type=-1}/{id?} with result /Order/Details/-1/2 
2023-08-21 20:11:50.3375|0|DEBUG|Microsoft.AspNetCore.Routing.DefaultLinkGenerator|Found the endpoints Route: {controller=Device}/{action=Catalog}/{type=-1}/{id?} for address (id=[3],action=[Details],controller=[Order]) 
2023-08-21 20:11:50.3375|0|DEBUG|Microsoft.AspNetCore.Routing.DefaultLinkGenerator|Successfully processed template {controller=Device}/{action=Catalog}/{type=-1}/{id?} for Route: {controller=Device}/{action=Catalog}/{type=-1}/{id?} resulting in /Order/Details/-1/3 and  
2023-08-21 20:11:50.3375|0|DEBUG|Microsoft.AspNetCore.Routing.DefaultLinkGenerator|Link generation succeeded for endpoints Route: {controller=Device}/{action=Catalog}/{type=-1}/{id?} with result /Order/Details/-1/3 
2023-08-21 20:11:50.3375|0|DEBUG|Microsoft.AspNetCore.Routing.DefaultLinkGenerator|Found the endpoints Route: {controller=Device}/{action=Catalog}/{type=-1}/{id?} for address (id=[4],action=[Details],controller=[Order]) 
2023-08-21 20:11:50.3375|0|DEBUG|Microsoft.AspNetCore.Routing.DefaultLinkGenerator|Successfully processed template {controller=Device}/{action=Catalog}/{type=-1}/{id?} for Route: {controller=Device}/{action=Catalog}/{type=-1}/{id?} resulting in /Order/Details/-1/4 and  
2023-08-21 20:11:50.3375|0|DEBUG|Microsoft.AspNetCore.Routing.DefaultLinkGenerator|Link generation succeeded for endpoints Route: {controller=Device}/{action=Catalog}/{type=-1}/{id?} with result /Order/Details/-1/4 
2023-08-21 20:11:50.3375|0|DEBUG|Microsoft.AspNetCore.Routing.DefaultLinkGenerator|Found the endpoints Route: {controller=Device}/{action=Catalog}/{type=-1}/{id?} for address (id=[5],action=[Details],controller=[Order]) 
2023-08-21 20:11:50.3375|0|DEBUG|Microsoft.AspNetCore.Routing.DefaultLinkGenerator|Successfully processed template {controller=Device}/{action=Catalog}/{type=-1}/{id?} for Route: {controller=Device}/{action=Catalog}/{type=-1}/{id?} resulting in /Order/Details/-1/5 and  
2023-08-21 20:11:50.3375|0|DEBUG|Microsoft.AspNetCore.Routing.DefaultLinkGenerator|Link generation succeeded for endpoints Route: {controller=Device}/{action=Catalog}/{type=-1}/{id?} with result /Order/Details/-1/5 
2023-08-21 20:11:50.3375|0|DEBUG|Microsoft.AspNetCore.Mvc.Razor.RazorViewEngine|View lookup cache miss for view '_Layout' in controller 'Device'. 
2023-08-21 20:11:50.3375|0|TRACE|Microsoft.AspNetCore.Mvc.Razor.Compilation.DefaultViewCompiler|Could not find a file for view at path '/Views/Device/_Layout.cshtml'. 
2023-08-21 20:11:50.3375|0|TRACE|Microsoft.AspNetCore.Mvc.Razor.Compilation.DefaultViewCompiler|Located compiled view for view at path '/Views/Shared/_Layout.cshtml'. 
2023-08-21 20:11:50.3375|0|TRACE|Microsoft.AspNetCore.ResponseCompression.ResponseCompressionProvider|Response compression is available for this Content-Type. 
2023-08-21 20:11:50.3557|0|DEBUG|Microsoft.AspNetCore.ResponseCompression.ResponseCompressionProvider|The response will be compressed with 'br'. 
2023-08-21 20:11:50.3718|0|INFO|Microsoft.AspNetCore.Mvc.ViewFeatures.ViewResultExecutor|Executed ViewResult - view Catalog executed in 61.605ms. 
2023-08-21 20:11:50.3718|0|TRACE|Microsoft.AspNetCore.Mvc.Infrastructure.ControllerActionInvoker|After executing action result Microsoft.AspNetCore.Mvc.ViewResult. 
2023-08-21 20:11:50.3718|0|TRACE|Microsoft.AspNetCore.Mvc.Infrastructure.ControllerActionInvoker|Result Filter: Before executing OnResultExecuted on filter Microsoft.AspNetCore.Mvc.ViewFeatures.Filters.SaveTempDataFilter. 
2023-08-21 20:11:50.3718|0|TRACE|Microsoft.AspNetCore.Mvc.Infrastructure.ControllerActionInvoker|Result Filter: After executing OnResultExecuted on filter Microsoft.AspNetCore.Mvc.ViewFeatures.Filters.SaveTempDataFilter. 
2023-08-21 20:11:50.3718|0|TRACE|Microsoft.AspNetCore.Mvc.Infrastructure.ControllerActionInvoker|Resource Filter: Before executing OnResourceExecuted on filter Microsoft.AspNetCore.Mvc.ViewFeatures.Filters.SaveTempDataFilter. 
2023-08-21 20:11:50.3718|0|TRACE|Microsoft.AspNetCore.Mvc.Infrastructure.ControllerActionInvoker|Resource Filter: After executing OnResourceExecuted on filter Microsoft.AspNetCore.Mvc.ViewFeatures.Filters.SaveTempDataFilter. 
2023-08-21 20:11:50.3718|0|INFO|Microsoft.AspNetCore.Mvc.Infrastructure.ControllerActionInvoker|Executed action AppleStore.Controllers.Device.DeviceController.Catalog (AppleStore) in 1017.1954ms 
2023-08-21 20:11:50.3718|0|INFO|Microsoft.AspNetCore.Routing.EndpointMiddleware|Executed endpoint 'AppleStore.Controllers.Device.DeviceController.Catalog (AppleStore)' 
2023-08-21 20:11:50.3718|0|DEBUG|Microsoft.AspNetCore.Server.IIS.Core.IISHttpServer|Connection ID "18374686497656799445" disconnecting. 
2023-08-21 20:11:50.3718|0|DEBUG|Microsoft.EntityFrameworkCore.Infrastructure|'DeviceDbContext' disposed. 
2023-08-21 20:11:50.3718|0|INFO|Microsoft.AspNetCore.Hosting.Diagnostics|Request starting HTTP/2 GET https://localhost:44339/css/style.css - - 
2023-08-21 20:11:50.3718|0|TRACE|Microsoft.AspNetCore.HostFiltering.HostFilteringMiddleware|All hosts are allowed. 
2023-08-21 20:11:50.3718|0|TRACE|Microsoft.AspNetCore.ResponseCompression.ResponseCompressionProvider|This request accepts compression. 
2023-08-21 20:11:50.3718|0|DEBUG|Microsoft.EntityFrameworkCore.Database.Connection|Disposing connection to database 'Devices' on server 'tcp://localhost:5432'. 
2023-08-21 20:11:50.3718|0|DEBUG|Microsoft.EntityFrameworkCore.Database.Connection|Disposed connection to database 'Devices' on server 'tcp://localhost:5432' (1ms). 
2023-08-21 20:11:50.3833|0|TRACE|Microsoft.AspNetCore.StaticFiles.StaticFileMiddleware|Range header's value is empty. 
2023-08-21 20:11:50.3833|0|INFO|Microsoft.AspNetCore.Hosting.Diagnostics|Request finished HTTP/2 GET https://localhost:44339/ - - - 200 - text/html;+charset=utf-8 1082.7663ms 
2023-08-21 20:11:50.3833|0|INFO|Microsoft.AspNetCore.StaticFiles.StaticFileMiddleware|The file /css/style.css was not modified 
2023-08-21 20:11:50.3833|0|DEBUG|Microsoft.AspNetCore.StaticFiles.StaticFileMiddleware|Handled. Status code: 304 File: /css/style.css 
2023-08-21 20:11:50.3833|0|INFO|Microsoft.AspNetCore.Hosting.Diagnostics|Request finished HTTP/2 GET https://localhost:44339/css/style.css - - - 304 - text/css 4.7570ms 
2023-08-21 20:11:50.3833|0|DEBUG|Microsoft.AspNetCore.Server.IIS.Core.IISHttpServer|Connection ID "18374686480476930115" disconnecting. 
2023-08-21 20:11:50.4689|0|INFO|Microsoft.AspNetCore.Hosting.Diagnostics|Request starting HTTP/2 GET https://localhost:44339/ - - 
2023-08-21 20:11:50.4689|0|TRACE|Microsoft.AspNetCore.HostFiltering.HostFilteringMiddleware|All hosts are allowed. 
2023-08-21 20:11:50.4689|0|TRACE|Microsoft.AspNetCore.ResponseCompression.ResponseCompressionProvider|This request accepts compression. 
2023-08-21 20:11:50.4689|0|DEBUG|Microsoft.AspNetCore.StaticFiles.StaticFileMiddleware|The request path / does not match a supported file type 
2023-08-21 20:11:50.4689|0|DEBUG|Microsoft.AspNetCore.Routing.Matching.DfaMatcher|1 candidate(s) found for the request path '/' 
2023-08-21 20:11:50.4689|0|DEBUG|Microsoft.AspNetCore.Routing.Matching.DfaMatcher|Endpoint 'AppleStore.Controllers.Device.DeviceController.Catalog (AppleStore)' with route pattern '{controller=Device}/{action=Catalog}/{type=-1}/{id?}' is valid for the request path '/' 
2023-08-21 20:11:50.4689|0|DEBUG|Microsoft.AspNetCore.Routing.EndpointRoutingMiddleware|Request matched endpoint 'AppleStore.Controllers.Device.DeviceController.Catalog (AppleStore)' 
2023-08-21 20:11:50.4689|0|DEBUG|Microsoft.AspNetCore.Authentication.Cookies.CookieAuthenticationHandler|AuthenticationScheme: Cookies was not authenticated. 
2023-08-21 20:11:50.4689|0|INFO|Microsoft.AspNetCore.Routing.EndpointMiddleware|Executing endpoint 'AppleStore.Controllers.Device.DeviceController.Catalog (AppleStore)' 
2023-08-21 20:11:50.4689|0|INFO|Microsoft.AspNetCore.Mvc.Infrastructure.ControllerActionInvoker|Route matched with {action = "Catalog", controller = "Device"}. Executing controller action with signature System.Threading.Tasks.Task`1[Microsoft.AspNetCore.Mvc.IActionResult] Catalog(Int32) on controller AppleStore.Controllers.Device.DeviceController (AppleStore). 
2023-08-21 20:11:50.4689|0|DEBUG|Microsoft.AspNetCore.Mvc.Infrastructure.ControllerActionInvoker|Execution plan of authorization filters (in the following order): None 
2023-08-21 20:11:50.4689|0|DEBUG|Microsoft.AspNetCore.Mvc.Infrastructure.ControllerActionInvoker|Execution plan of resource filters (in the following order): Microsoft.AspNetCore.Mvc.ViewFeatures.Filters.SaveTempDataFilter 
2023-08-21 20:11:50.4689|0|DEBUG|Microsoft.AspNetCore.Mvc.Infrastructure.ControllerActionInvoker|Execution plan of action filters (in the following order): Microsoft.AspNetCore.Mvc.Filters.ControllerActionFilter (Order: -2147483648), Microsoft.AspNetCore.Mvc.ModelBinding.UnsupportedContentTypeFilter (Order: -3000) 
2023-08-21 20:11:50.4689|0|DEBUG|Microsoft.AspNetCore.Mvc.Infrastructure.ControllerActionInvoker|Execution plan of exception filters (in the following order): None 
2023-08-21 20:11:50.4689|0|DEBUG|Microsoft.AspNetCore.Mvc.Infrastructure.ControllerActionInvoker|Execution plan of result filters (in the following order): Microsoft.AspNetCore.Mvc.ViewFeatures.Filters.SaveTempDataFilter 
2023-08-21 20:11:50.4689|0|TRACE|Microsoft.AspNetCore.Mvc.Infrastructure.ControllerActionInvoker|Resource Filter: Before executing OnResourceExecuting on filter Microsoft.AspNetCore.Mvc.ViewFeatures.Filters.SaveTempDataFilter. 
2023-08-21 20:11:50.4689|0|TRACE|Microsoft.AspNetCore.Mvc.Infrastructure.ControllerActionInvoker|Resource Filter: After executing OnResourceExecuting on filter Microsoft.AspNetCore.Mvc.ViewFeatures.Filters.SaveTempDataFilter. 
2023-08-21 20:11:50.4689|0|DEBUG|Microsoft.AspNetCore.Mvc.Infrastructure.ControllerActionInvoker|Executing controller factory for controller AppleStore.Controllers.Device.DeviceController (AppleStore) 
2023-08-21 20:11:50.4776|0|DEBUG|Microsoft.EntityFrameworkCore.Infrastructure|Entity Framework Core 8.0.0-preview.2.23128.3 initialized 'DeviceDbContext' using provider 'Npgsql.EntityFrameworkCore.PostgreSQL:8.0.0-preview.2+cb02ad1f0cd2663f6d1bd480e1dd53cba3e6b82f' with options: None 
2023-08-21 20:11:50.4776|0|DEBUG|Microsoft.EntityFrameworkCore.Database.Connection|Creating DbConnection. 
2023-08-21 20:11:50.4776|0|DEBUG|Microsoft.EntityFrameworkCore.Database.Connection|Created DbConnection. (0ms). 
2023-08-21 20:11:50.4776|0|DEBUG|Microsoft.EntityFrameworkCore.Database.Connection|Opening connection to database 'Devices' on server 'tcp://localhost:5432'. 
2023-08-21 20:11:50.5215|0|INFO|Microsoft.AspNetCore.Hosting.Diagnostics|Request starting HTTP/2 GET https://localhost:44339/favicon.ico - - 
2023-08-21 20:11:50.5215|0|TRACE|Microsoft.AspNetCore.HostFiltering.HostFilteringMiddleware|All hosts are allowed. 
2023-08-21 20:11:50.5215|0|TRACE|Microsoft.AspNetCore.ResponseCompression.ResponseCompressionProvider|This request accepts compression. 
2023-08-21 20:11:50.5215|0|DEBUG|Microsoft.AspNetCore.StaticFiles.StaticFileMiddleware|The request path /favicon.ico does not match an existing file 
2023-08-21 20:11:50.5215|0|DEBUG|Microsoft.EntityFrameworkCore.Database.Connection|Opened connection to database 'Devices' on server 'tcp://localhost:5432'. 
2023-08-21 20:11:50.5215|0|DEBUG|Microsoft.EntityFrameworkCore.Database.Connection|Closing connection to database 'Devices' on server 'tcp://localhost:5432'. 
2023-08-21 20:11:50.5215|0|DEBUG|Microsoft.EntityFrameworkCore.Database.Connection|Closed connection to database 'Devices' on server 'tcp://localhost:5432' (0ms). 
2023-08-21 20:11:50.5215|0|DEBUG|Microsoft.EntityFrameworkCore.Database.Command|Creating DbCommand for 'ExecuteScalar'. 
2023-08-21 20:11:50.5215|0|DEBUG|Microsoft.AspNetCore.Routing.Matching.DfaMatcher|No candidates found for the request path '/favicon.ico' 
2023-08-21 20:11:50.5215|0|DEBUG|Microsoft.EntityFrameworkCore.Database.Command|Created DbCommand for 'ExecuteScalar' (0ms). 
2023-08-21 20:11:50.5215|0|DEBUG|Microsoft.EntityFrameworkCore.Database.Command|Initialized DbCommand for 'ExecuteScalar' (0ms). 
2023-08-21 20:11:50.5215|0|DEBUG|Microsoft.EntityFrameworkCore.Database.Connection|Opening connection to database 'Devices' on server 'tcp://localhost:5432'. 
2023-08-21 20:11:50.5215|0|DEBUG|Microsoft.EntityFrameworkCore.Database.Connection|Opened connection to database 'Devices' on server 'tcp://localhost:5432'. 
2023-08-21 20:11:50.5215|0|DEBUG|Microsoft.AspNetCore.Routing.EndpointRoutingMiddleware|Request did not match any endpoints 
2023-08-21 20:11:50.5215|0|DEBUG|Microsoft.EntityFrameworkCore.Database.Command|Executing DbCommand [Parameters=[], CommandType='Text', CommandTimeout='30']

SELECT CASE WHEN COUNT(*) = 0 THEN FALSE ELSE TRUE END
FROM pg_class AS cls
JOIN pg_namespace AS ns ON ns.oid = cls.relnamespace
WHERE
        cls.relkind IN ('r', 'v', 'm', 'f', 'p') AND
        ns.nspname NOT IN ('pg_catalog', 'information_schema') AND
        -- Exclude tables which are members of PG extensions
        NOT EXISTS (
            SELECT 1 FROM pg_depend WHERE
                classid=(
                    SELECT cls.oid
                    FROM pg_class AS cls
                             JOIN pg_namespace AS ns ON ns.oid = cls.relnamespace
                    WHERE relname='pg_class' AND ns.nspname='pg_catalog'
                ) AND
                objid=cls.oid AND
                deptype IN ('e', 'x')
        ) 
2023-08-21 20:11:50.5253|0|DEBUG|Microsoft.AspNetCore.Authentication.Cookies.CookieAuthenticationHandler|AuthenticationScheme: Cookies was not authenticated. 
2023-08-21 20:11:50.5253|0|INFO|Microsoft.EntityFrameworkCore.Database.Command|Executed DbCommand (2ms) [Parameters=[], CommandType='Text', CommandTimeout='30']

SELECT CASE WHEN COUNT(*) = 0 THEN FALSE ELSE TRUE END
FROM pg_class AS cls
JOIN pg_namespace AS ns ON ns.oid = cls.relnamespace
WHERE
        cls.relkind IN ('r', 'v', 'm', 'f', 'p') AND
        ns.nspname NOT IN ('pg_catalog', 'information_schema') AND
        -- Exclude tables which are members of PG extensions
        NOT EXISTS (
            SELECT 1 FROM pg_depend WHERE
                classid=(
                    SELECT cls.oid
                    FROM pg_class AS cls
                             JOIN pg_namespace AS ns ON ns.oid = cls.relnamespace
                    WHERE relname='pg_class' AND ns.nspname='pg_catalog'
                ) AND
                objid=cls.oid AND
                deptype IN ('e', 'x')
        ) 
2023-08-21 20:11:50.5253|0|DEBUG|Microsoft.EntityFrameworkCore.Database.Connection|Closing connection to database 'Devices' on server 'tcp://localhost:5432'. 
2023-08-21 20:11:50.5253|0|DEBUG|Microsoft.EntityFrameworkCore.Database.Connection|Closed connection to database 'Devices' on server 'tcp://localhost:5432' (0ms). 
2023-08-21 20:11:50.5253|0|DEBUG|Microsoft.AspNetCore.Mvc.Infrastructure.ControllerActionInvoker|Executed controller factory for controller AppleStore.Controllers.Device.DeviceController (AppleStore) 
2023-08-21 20:11:50.5253|0|INFO|Microsoft.AspNetCore.Hosting.Diagnostics|Request finished HTTP/2 GET https://localhost:44339/favicon.ico - - - 404 - - 4.9075ms 
2023-08-21 20:11:50.5253|0|DEBUG|Microsoft.AspNetCore.Server.IIS.Core.IISHttpServer|Connection ID "18374686480476930117" disconnecting. 
2023-08-21 20:11:50.5253|0|DEBUG|Microsoft.AspNetCore.Mvc.ModelBinding.ParameterBinder|Attempting to bind parameter 'type' of type 'System.Int32' ... 
2023-08-21 20:11:50.5253|0|DEBUG|Microsoft.AspNetCore.Mvc.ModelBinding.Binders.TryParseModelBinder|Attempting to bind parameter 'type' of type 'System.Int32' using the name 'type' in request data ... 
2023-08-21 20:11:50.5253|0|DEBUG|Microsoft.AspNetCore.Mvc.ModelBinding.Binders.TryParseModelBinder|Done attempting to bind parameter 'type' of type 'System.Int32'. 
2023-08-21 20:11:50.5253|0|DEBUG|Microsoft.AspNetCore.Mvc.ModelBinding.ParameterBinder|Done attempting to bind parameter 'type' of type 'System.Int32'. 
2023-08-21 20:11:50.5253|0|DEBUG|Microsoft.AspNetCore.Mvc.ModelBinding.ParameterBinder|Attempting to validate the bound parameter 'type' of type 'System.Int32' ... 
2023-08-21 20:11:50.5253|0|DEBUG|Microsoft.AspNetCore.Mvc.ModelBinding.ParameterBinder|Done attempting to validate the bound parameter 'type' of type 'System.Int32'. 
2023-08-21 20:11:50.5253|0|TRACE|Microsoft.AspNetCore.Mvc.Infrastructure.ControllerActionInvoker|Action Filter: Before executing OnActionExecutionAsync on filter Microsoft.AspNetCore.Mvc.Filters.ControllerActionFilter. 
2023-08-21 20:11:50.5253|0|TRACE|Microsoft.AspNetCore.Mvc.Infrastructure.ControllerActionInvoker|Action Filter: Before executing OnActionExecuting on filter Microsoft.AspNetCore.Mvc.ModelBinding.UnsupportedContentTypeFilter. 
2023-08-21 20:11:50.5253|0|TRACE|Microsoft.AspNetCore.Mvc.Infrastructure.ControllerActionInvoker|Action Filter: After executing OnActionExecuting on filter Microsoft.AspNetCore.Mvc.ModelBinding.UnsupportedContentTypeFilter. 
2023-08-21 20:11:50.5253|0|INFO|Microsoft.AspNetCore.Mvc.Infrastructure.ControllerActionInvoker|Executing action method AppleStore.Controllers.Device.DeviceController.Catalog (AppleStore) - Validation state: Valid 
2023-08-21 20:11:50.5253|0|TRACE|Microsoft.AspNetCore.Mvc.Infrastructure.ControllerActionInvoker|Executing action method AppleStore.Controllers.Device.DeviceController.Catalog (AppleStore) with arguments (-1) 
2023-08-21 20:11:50.5253|0|INFO|AppleStore.Service.Implementations.DeviceService|Получение всех девайсов из кэша 
2023-08-21 20:11:50.5253|0|INFO|Microsoft.AspNetCore.Mvc.Infrastructure.ControllerActionInvoker|Executed action method AppleStore.Controllers.Device.DeviceController.Catalog (AppleStore), returned result Microsoft.AspNetCore.Mvc.ViewResult in 3.3228ms. 
2023-08-21 20:11:50.5253|0|TRACE|Microsoft.AspNetCore.Mvc.Infrastructure.ControllerActionInvoker|Action Filter: Before executing OnActionExecuted on filter Microsoft.AspNetCore.Mvc.ModelBinding.UnsupportedContentTypeFilter. 
2023-08-21 20:11:50.5253|0|TRACE|Microsoft.AspNetCore.Mvc.Infrastructure.ControllerActionInvoker|Action Filter: After executing OnActionExecuted on filter Microsoft.AspNetCore.Mvc.ModelBinding.UnsupportedContentTypeFilter. 
2023-08-21 20:11:50.5253|0|TRACE|Microsoft.AspNetCore.Mvc.Infrastructure.ControllerActionInvoker|Action Filter: After executing OnActionExecutionAsync on filter Microsoft.AspNetCore.Mvc.Filters.ControllerActionFilter. 
2023-08-21 20:11:50.5253|0|TRACE|Microsoft.AspNetCore.Mvc.Infrastructure.ControllerActionInvoker|Result Filter: Before executing OnResultExecuting on filter Microsoft.AspNetCore.Mvc.ViewFeatures.Filters.SaveTempDataFilter. 
2023-08-21 20:11:50.5253|0|TRACE|Microsoft.AspNetCore.Mvc.Infrastructure.ControllerActionInvoker|Result Filter: After executing OnResultExecuting on filter Microsoft.AspNetCore.Mvc.ViewFeatures.Filters.SaveTempDataFilter. 
2023-08-21 20:11:50.5253|0|TRACE|Microsoft.AspNetCore.Mvc.Infrastructure.ControllerActionInvoker|Before executing action result Microsoft.AspNetCore.Mvc.ViewResult. 
2023-08-21 20:11:50.5253|0|DEBUG|Microsoft.AspNetCore.Mvc.Razor.RazorViewEngine|View lookup cache hit for view 'Catalog' in controller 'Device'. 
2023-08-21 20:11:50.5253|0|INFO|Microsoft.AspNetCore.Mvc.ViewFeatures.ViewResultExecutor|Executing ViewResult, running view Catalog. 
2023-08-21 20:11:50.5253|0|DEBUG|Microsoft.AspNetCore.Mvc.ViewFeatures.ViewResultExecutor|The view path '/Views/Device/Catalog.cshtml' was found in 0.4897ms. 
2023-08-21 20:11:50.5253|0|DEBUG|Microsoft.AspNetCore.Routing.DefaultLinkGenerator|Found the endpoints Route: {controller=Device}/{action=Catalog}/{type=-1}/{id?} for address (type=[1],action=[Catalog],controller=[Device]) 
2023-08-21 20:11:50.5253|0|DEBUG|Microsoft.AspNetCore.Routing.DefaultLinkGenerator|Successfully processed template {controller=Device}/{action=Catalog}/{type=-1}/{id?} for Route: {controller=Device}/{action=Catalog}/{type=-1}/{id?} resulting in /Device/Catalog/1 and  
2023-08-21 20:11:50.5253|0|DEBUG|Microsoft.AspNetCore.Routing.DefaultLinkGenerator|Link generation succeeded for endpoints Route: {controller=Device}/{action=Catalog}/{type=-1}/{id?} with result /Device/Catalog/1 
2023-08-21 20:11:50.5253|0|DEBUG|Microsoft.AspNetCore.Routing.DefaultLinkGenerator|Found the endpoints Route: {controller=Device}/{action=Catalog}/{type=-1}/{id?} for address (type=[0],action=[Catalog],controller=[Device]) 
2023-08-21 20:11:50.5253|0|DEBUG|Microsoft.AspNetCore.Routing.DefaultLinkGenerator|Successfully processed template {controller=Device}/{action=Catalog}/{type=-1}/{id?} for Route: {controller=Device}/{action=Catalog}/{type=-1}/{id?} resulting in /Device/Catalog/0 and  
2023-08-21 20:11:50.5253|0|DEBUG|Microsoft.AspNetCore.Routing.DefaultLinkGenerator|Link generation succeeded for endpoints Route: {controller=Device}/{action=Catalog}/{type=-1}/{id?} with result /Device/Catalog/0 
2023-08-21 20:11:50.5253|0|DEBUG|Microsoft.AspNetCore.Routing.DefaultLinkGenerator|Found the endpoints Route: {controller=Device}/{action=Catalog}/{type=-1}/{id?} for address (type=[2],action=[Catalog],controller=[Device]) 
2023-08-21 20:11:50.5253|0|DEBUG|Microsoft.AspNetCore.Routing.DefaultLinkGenerator|Successfully processed template {controller=Device}/{action=Catalog}/{type=-1}/{id?} for Route: {controller=Device}/{action=Catalog}/{type=-1}/{id?} resulting in /Device/Catalog/2 and  
2023-08-21 20:11:50.5253|0|DEBUG|Microsoft.AspNetCore.Routing.DefaultLinkGenerator|Link generation succeeded for endpoints Route: {controller=Device}/{action=Catalog}/{type=-1}/{id?} with result /Device/Catalog/2 
2023-08-21 20:11:50.5253|0|DEBUG|Microsoft.AspNetCore.Routing.DefaultLinkGenerator|Found the endpoints Route: {controller=Device}/{action=Catalog}/{type=-1}/{id?} for address (type=[3],action=[Catalog],controller=[Device]) 
2023-08-21 20:11:50.5253|0|DEBUG|Microsoft.AspNetCore.Routing.DefaultLinkGenerator|Successfully processed template {controller=Device}/{action=Catalog}/{type=-1}/{id?} for Route: {controller=Device}/{action=Catalog}/{type=-1}/{id?} resulting in /Device/Catalog/3 and  
2023-08-21 20:11:50.5253|0|DEBUG|Microsoft.AspNetCore.Routing.DefaultLinkGenerator|Link generation succeeded for endpoints Route: {controller=Device}/{action=Catalog}/{type=-1}/{id?} with result /Device/Catalog/3 
2023-08-21 20:11:50.5253|0|DEBUG|Microsoft.AspNetCore.Routing.DefaultLinkGenerator|Found the endpoints Route: {controller=Device}/{action=Catalog}/{type=-1}/{id?} for address (id=[1],action=[Details],controller=[Order]) 
2023-08-21 20:11:50.5253|0|DEBUG|Microsoft.AspNetCore.Routing.DefaultLinkGenerator|Successfully processed template {controller=Device}/{action=Catalog}/{type=-1}/{id?} for Route: {controller=Device}/{action=Catalog}/{type=-1}/{id?} resulting in /Order/Details/-1/1 and  
2023-08-21 20:11:50.5253|0|DEBUG|Microsoft.AspNetCore.Routing.DefaultLinkGenerator|Link generation succeeded for endpoints Route: {controller=Device}/{action=Catalog}/{type=-1}/{id?} with result /Order/Details/-1/1 
2023-08-21 20:11:50.5253|0|DEBUG|Microsoft.AspNetCore.Routing.DefaultLinkGenerator|Found the endpoints Route: {controller=Device}/{action=Catalog}/{type=-1}/{id?} for address (id=[2],action=[Details],controller=[Order]) 
2023-08-21 20:11:50.5253|0|DEBUG|Microsoft.AspNetCore.Routing.DefaultLinkGenerator|Successfully processed template {controller=Device}/{action=Catalog}/{type=-1}/{id?} for Route: {controller=Device}/{action=Catalog}/{type=-1}/{id?} resulting in /Order/Details/-1/2 and  
2023-08-21 20:11:50.5253|0|DEBUG|Microsoft.AspNetCore.Routing.DefaultLinkGenerator|Link generation succeeded for endpoints Route: {controller=Device}/{action=Catalog}/{type=-1}/{id?} with result /Order/Details/-1/2 
2023-08-21 20:11:50.5253|0|DEBUG|Microsoft.AspNetCore.Routing.DefaultLinkGenerator|Found the endpoints Route: {controller=Device}/{action=Catalog}/{type=-1}/{id?} for address (id=[3],action=[Details],controller=[Order]) 
2023-08-21 20:11:50.5253|0|DEBUG|Microsoft.AspNetCore.Routing.DefaultLinkGenerator|Successfully processed template {controller=Device}/{action=Catalog}/{type=-1}/{id?} for Route: {controller=Device}/{action=Catalog}/{type=-1}/{id?} resulting in /Order/Details/-1/3 and  
2023-08-21 20:11:50.5253|0|DEBUG|Microsoft.AspNetCore.Routing.DefaultLinkGenerator|Link generation succeeded for endpoints Route: {controller=Device}/{action=Catalog}/{type=-1}/{id?} with result /Order/Details/-1/3 
2023-08-21 20:11:50.5253|0|DEBUG|Microsoft.AspNetCore.Routing.DefaultLinkGenerator|Found the endpoints Route: {controller=Device}/{action=Catalog}/{type=-1}/{id?} for address (id=[4],action=[Details],controller=[Order]) 
2023-08-21 20:11:50.5253|0|DEBUG|Microsoft.AspNetCore.Routing.DefaultLinkGenerator|Successfully processed template {controller=Device}/{action=Catalog}/{type=-1}/{id?} for Route: {controller=Device}/{action=Catalog}/{type=-1}/{id?} resulting in /Order/Details/-1/4 and  
2023-08-21 20:11:50.5253|0|DEBUG|Microsoft.AspNetCore.Routing.DefaultLinkGenerator|Link generation succeeded for endpoints Route: {controller=Device}/{action=Catalog}/{type=-1}/{id?} with result /Order/Details/-1/4 
2023-08-21 20:11:50.5253|0|DEBUG|Microsoft.AspNetCore.Routing.DefaultLinkGenerator|Found the endpoints Route: {controller=Device}/{action=Catalog}/{type=-1}/{id?} for address (id=[5],action=[Details],controller=[Order]) 
2023-08-21 20:11:50.5253|0|DEBUG|Microsoft.AspNetCore.Routing.DefaultLinkGenerator|Successfully processed template {controller=Device}/{action=Catalog}/{type=-1}/{id?} for Route: {controller=Device}/{action=Catalog}/{type=-1}/{id?} resulting in /Order/Details/-1/5 and  
2023-08-21 20:11:50.5253|0|DEBUG|Microsoft.AspNetCore.Routing.DefaultLinkGenerator|Link generation succeeded for endpoints Route: {controller=Device}/{action=Catalog}/{type=-1}/{id?} with result /Order/Details/-1/5 
2023-08-21 20:11:50.5253|0|DEBUG|Microsoft.AspNetCore.Mvc.Razor.RazorViewEngine|View lookup cache hit for view '_Layout' in controller 'Device'. 
2023-08-21 20:11:50.5253|0|TRACE|Microsoft.AspNetCore.ResponseCompression.ResponseCompressionProvider|Response compression is available for this Content-Type. 
2023-08-21 20:11:50.5253|0|DEBUG|Microsoft.AspNetCore.ResponseCompression.ResponseCompressionProvider|The response will be compressed with 'br'. 
2023-08-21 20:11:50.5253|0|INFO|Microsoft.AspNetCore.Mvc.ViewFeatures.ViewResultExecutor|Executed ViewResult - view Catalog executed in 4.4549ms. 
2023-08-21 20:11:50.5253|0|TRACE|Microsoft.AspNetCore.Mvc.Infrastructure.ControllerActionInvoker|After executing action result Microsoft.AspNetCore.Mvc.ViewResult. 
2023-08-21 20:11:50.5253|0|TRACE|Microsoft.AspNetCore.Mvc.Infrastructure.ControllerActionInvoker|Result Filter: Before executing OnResultExecuted on filter Microsoft.AspNetCore.Mvc.ViewFeatures.Filters.SaveTempDataFilter. 
2023-08-21 20:11:50.5253|0|TRACE|Microsoft.AspNetCore.Mvc.Infrastructure.ControllerActionInvoker|Result Filter: After executing OnResultExecuted on filter Microsoft.AspNetCore.Mvc.ViewFeatures.Filters.SaveTempDataFilter. 
2023-08-21 20:11:50.5253|0|TRACE|Microsoft.AspNetCore.Mvc.Infrastructure.ControllerActionInvoker|Resource Filter: Before executing OnResourceExecuted on filter Microsoft.AspNetCore.Mvc.ViewFeatures.Filters.SaveTempDataFilter. 
2023-08-21 20:11:50.5253|0|TRACE|Microsoft.AspNetCore.Mvc.Infrastructure.ControllerActionInvoker|Resource Filter: After executing OnResourceExecuted on filter Microsoft.AspNetCore.Mvc.ViewFeatures.Filters.SaveTempDataFilter. 
2023-08-21 20:11:50.5253|0|INFO|Microsoft.AspNetCore.Mvc.Infrastructure.ControllerActionInvoker|Executed action AppleStore.Controllers.Device.DeviceController.Catalog (AppleStore) in 65.3546ms 
2023-08-21 20:11:50.5253|0|INFO|Microsoft.AspNetCore.Routing.EndpointMiddleware|Executed endpoint 'AppleStore.Controllers.Device.DeviceController.Catalog (AppleStore)' 
2023-08-21 20:11:50.5253|0|DEBUG|Microsoft.EntityFrameworkCore.Infrastructure|'DeviceDbContext' disposed. 
2023-08-21 20:11:50.5253|0|DEBUG|Microsoft.AspNetCore.Server.IIS.Core.IISHttpServer|Connection ID "18302628916503773221" disconnecting. 
2023-08-21 20:11:50.5253|0|DEBUG|Microsoft.EntityFrameworkCore.Database.Connection|Disposing connection to database 'Devices' on server 'tcp://localhost:5432'. 
2023-08-21 20:11:50.5253|0|DEBUG|Microsoft.EntityFrameworkCore.Database.Connection|Disposed connection to database 'Devices' on server 'tcp://localhost:5432' (0ms). 
2023-08-21 20:11:50.5253|0|INFO|Microsoft.AspNetCore.Hosting.Diagnostics|Request finished HTTP/2 GET https://localhost:44339/ - - - 200 - text/html;+charset=utf-8 68.1274ms 
2023-08-21 20:11:54.1586|0|INFO|Microsoft.Hosting.Lifetime|Application is shutting down... 
2023-08-21 20:11:54.1586|0|DEBUG|Microsoft.Extensions.Hosting.Internal.Host|Hosting stopping 
2023-08-21 20:11:54.1586|0|DEBUG|Microsoft.Extensions.Hosting.Internal.Host|Hosting stopped 
